[2022-09-15T16:59:03.669140+0800]-[INFO] train_recursion.py-main-72: log_text: (debug)
[2022-09-15T16:59:23.319433+0800]-[INFO] recursion_trainer.py-train_one_epoch-117: epoch: 0, loss-ave: 12.58691798316108, mAcc: 0.026910577649398457
[2022-09-15T16:59:31.831551+0800]-[INFO] recursion_trainer.py-train_one_epoch-117: epoch: 1, loss-ave: 3.9332744999537392, mAcc: 0.36482074490142247
[2022-09-15T16:59:40.286202+0800]-[INFO] recursion_trainer.py-train_one_epoch-117: epoch: 2, loss-ave: 1.8220978937451802, mAcc: 0.49072251764554825
[2022-09-15T16:59:48.670370+0800]-[INFO] recursion_trainer.py-train_one_epoch-117: epoch: 3, loss-ave: 1.602130427247002, mAcc: 0.5483198094935644
[2022-09-15T16:59:57.097172+0800]-[INFO] recursion_trainer.py-train_one_epoch-117: epoch: 4, loss-ave: 1.4044609959163363, mAcc: 0.5989014809093778
[2022-09-15T17:00:05.613506+0800]-[INFO] recursion_trainer.py-train_one_epoch-117: epoch: 5, loss-ave: 1.272879507806566, mAcc: 0.6424395706918504
[2022-09-15T17:00:05.613975+0800]-[INFO] recursion_trainer.py-train-82: [evaluate test-data]
[2022-09-15T17:00:06.549909+0800]-[WARNING] utils.py-compute_OpSeq_list-501: decimal.Error: [OpList(arg0=4, expr_toks=['[num0]', '-', '[num2]'], expr_str='[num0]-[num2]'), OpList(arg0=5, expr_toks=['[num2]', '-', '[num2]'], expr_str='[num2]-[num2]'), OpList(arg0=6, expr_toks=['[num4]', '/', '[num5]'], expr_str='[num4]/[num5]')]
[2022-09-15T17:00:07.505252+0800]-[INFO] recursion_trainer.py-evaluate-167: epoch: 5 val_acc: 0.11
[2022-09-15T17:00:16.157069+0800]-[INFO] recursion_trainer.py-train_one_epoch-117: epoch: 6, loss-ave: 1.164656782907153, mAcc: 0.6781252632065425
[2022-09-15T17:00:24.704218+0800]-[INFO] recursion_trainer.py-train_one_epoch-117: epoch: 7, loss-ave: 0.9602981181371779, mAcc: 0.7212624493099394
[2022-09-15T17:00:33.296512+0800]-[INFO] recursion_trainer.py-train_one_epoch-117: epoch: 8, loss-ave: 0.6818088515410348, mAcc: 0.7833907197392176
[2022-09-15T17:00:41.832642+0800]-[INFO] recursion_trainer.py-train_one_epoch-117: epoch: 9, loss-ave: 0.5954658762803153, mAcc: 0.8097769655878582
[2022-09-15T17:00:50.358712+0800]-[INFO] recursion_trainer.py-train_one_epoch-117: epoch: 10, loss-ave: 0.5377745808116974, mAcc: 0.8346101471355983
[2022-09-15T17:00:50.359232+0800]-[INFO] recursion_trainer.py-train-82: [evaluate test-data]
[2022-09-15T17:00:50.786142+0800]-[WARNING] utils.py-compute_OpSeq_list-501: decimal.Error: [OpList(arg0=3, expr_toks=['[num0]', '-', '[num0]'], expr_str='[num0]-[num0]'), OpList(arg0=4, expr_toks=['[num1]', '*', '[num2]', '/', '[num3]', '*', '[num2]'], expr_str='[num1]*[num2]/[num3]*[num2]')]
[2022-09-15T17:00:52.404168+0800]-[INFO] recursion_trainer.py-evaluate-167: epoch: 10 val_acc: 0.15
[2022-09-15T17:01:00.971525+0800]-[INFO] recursion_trainer.py-train_one_epoch-117: epoch: 11, loss-ave: 0.5233826861968116, mAcc: 0.852319271791549
[2022-09-15T17:01:10.088360+0800]-[INFO] recursion_trainer.py-train_one_epoch-117: epoch: 12, loss-ave: 0.5266199331907999, mAcc: 0.8602299330726503
[2022-09-15T17:01:18.760329+0800]-[INFO] recursion_trainer.py-train_one_epoch-117: epoch: 13, loss-ave: 0.5241629290911887, mAcc: 0.8719199394422864
[2022-09-15T17:01:27.416203+0800]-[INFO] recursion_trainer.py-train_one_epoch-117: epoch: 14, loss-ave: 0.512250351763907, mAcc: 0.8776150374185472
[2022-09-15T17:01:36.497142+0800]-[INFO] recursion_trainer.py-train_one_epoch-117: epoch: 15, loss-ave: 0.5655310559603903, mAcc: 0.8817742287166535
[2022-09-15T17:01:36.497629+0800]-[INFO] recursion_trainer.py-train-82: [evaluate test-data]
[2022-09-15T17:01:39.080324+0800]-[WARNING] utils.py-compute_OpSeq_list-501: decimal.Error: [OpList(arg0=3, expr_toks=['[num0]', '-', '[num0]'], expr_str='[num0]-[num0]'), OpList(arg0=4, expr_toks=['[num2]', '/', '[num3]'], expr_str='[num2]/[num3]')]
[2022-09-15T17:01:39.098764+0800]-[INFO] recursion_trainer.py-evaluate-167: epoch: 15 val_acc: 0.17
[2022-09-15T17:01:47.835114+0800]-[INFO] recursion_trainer.py-train_one_epoch-117: epoch: 16, loss-ave: 0.26403493788980303, mAcc: 0.9274743246653724
[2022-09-15T17:01:56.357898+0800]-[INFO] recursion_trainer.py-train_one_epoch-117: epoch: 17, loss-ave: 0.13929365318091141, mAcc: 0.958690018880935
[2022-09-15T17:02:04.947074+0800]-[INFO] recursion_trainer.py-train_one_epoch-117: epoch: 18, loss-ave: 0.0980541514203189, mAcc: 0.9691148419228811
[2022-09-15T17:02:13.652551+0800]-[INFO] recursion_trainer.py-train_one_epoch-117: epoch: 19, loss-ave: 0.08609246573455277, mAcc: 0.9727354759261722
[2022-09-15T17:02:22.454193+0800]-[INFO] recursion_trainer.py-train_one_epoch-117: epoch: 20, loss-ave: 0.06263008601372204, mAcc: 0.9778428503445217
[2022-09-15T17:02:22.454893+0800]-[INFO] recursion_trainer.py-train-82: [evaluate test-data]
[2022-09-15T17:02:24.462710+0800]-[INFO] recursion_trainer.py-evaluate-167: epoch: 20 val_acc: 0.21
[2022-09-15T17:02:24.463641+0800]-[INFO] train_recursion.py-train_solver-65: [finish train solver]
