[2022-09-15T17:09:10.520680+0800]-[INFO] train_recursion.py-main-72: log_text: (debug)
[2022-09-15T17:09:31.203221+0800]-[INFO] recursion_trainer.py-train_one_epoch-117: epoch: 0, loss-ave: 12.090683422391377, mAcc: 0.04602972233283614
[2022-09-15T17:09:40.530918+0800]-[INFO] recursion_trainer.py-train_one_epoch-117: epoch: 1, loss-ave: 3.658465930393764, mAcc: 0.37852997924127274
[2022-09-15T17:09:49.634251+0800]-[INFO] recursion_trainer.py-train_one_epoch-117: epoch: 2, loss-ave: 1.4897785319222345, mAcc: 0.5214360337408762
[2022-09-15T17:09:58.632288+0800]-[INFO] recursion_trainer.py-train_one_epoch-117: epoch: 3, loss-ave: 1.3392113011980813, mAcc: 0.5700000235958705
[2022-09-15T17:10:07.740380+0800]-[INFO] recursion_trainer.py-train_one_epoch-117: epoch: 4, loss-ave: 1.3445441968857297, mAcc: 0.6002488694493733
[2022-09-15T17:10:16.851532+0800]-[INFO] recursion_trainer.py-train_one_epoch-117: epoch: 5, loss-ave: 1.3032992643023293, mAcc: 0.6336769821151854
[2022-09-15T17:10:16.852369+0800]-[INFO] recursion_trainer.py-train-82: [evaluate test-data]
[2022-09-15T17:10:17.146582+0800]-[WARNING] utils.py-compute_OpSeq_list-501: decimal.Error: [OpList(arg0=3, expr_toks=['[num0]', '-', '[num0]'], expr_str='[num0]-[num0]'), OpList(arg0=4, expr_toks=['[num2]', '/', '[num3]'], expr_str='[num2]/[num3]'), OpList(arg0=5, expr_toks=['[num2]', '/', '[num4]'], expr_str='[num2]/[num4]')]
[2022-09-15T17:10:17.807723+0800]-[WARNING] utils.py-compute_OpSeq_list-501: decimal.Error: [OpList(arg0=2, expr_toks=['[num0]', '-', '[num0]'], expr_str='[num0]-[num0]'), OpList(arg0=3, expr_toks=['[num1]', '/', '[num2]'], expr_str='[num1]/[num2]')]
[2022-09-15T17:10:19.584322+0800]-[WARNING] utils.py-compute_OpSeq_list-501: decimal.Error: [OpList(arg0=3, expr_toks=['[num0]', '-', '[num0]'], expr_str='[num0]-[num0]'), OpList(arg0=4, expr_toks=['[num2]', '/', '[num3]'], expr_str='[num2]/[num3]')]
[2022-09-15T17:10:19.612587+0800]-[INFO] recursion_trainer.py-evaluate-167: epoch: 5 val_acc: 0.14
[2022-09-15T17:10:28.761891+0800]-[INFO] recursion_trainer.py-train_one_epoch-117: epoch: 6, loss-ave: 0.8587842148447794, mAcc: 0.7138513515865992
[2022-09-15T17:10:37.884658+0800]-[INFO] recursion_trainer.py-train_one_epoch-117: epoch: 7, loss-ave: 0.7649060317448207, mAcc: 0.7480282310455565
[2022-09-15T17:10:47.028465+0800]-[INFO] recursion_trainer.py-train_one_epoch-117: epoch: 8, loss-ave: 0.7021970682673984, mAcc: 0.7812630430100456
[2022-09-15T17:10:56.101274+0800]-[INFO] recursion_trainer.py-train_one_epoch-117: epoch: 9, loss-ave: 0.7268551039317298, mAcc: 0.7896524024388146
[2022-09-15T17:11:05.423585+0800]-[INFO] recursion_trainer.py-train_one_epoch-117: epoch: 10, loss-ave: 0.6028110829610673, mAcc: 0.8138589546793983
[2022-09-15T17:11:05.424359+0800]-[INFO] recursion_trainer.py-train-82: [evaluate test-data]
[2022-09-15T17:11:06.582875+0800]-[WARNING] utils.py-compute_OpSeq_list-501: decimal.Error: [OpList(arg0=2, expr_toks=['[num1]', '-', '[num1]'], expr_str='[num1]-[num1]'), OpList(arg0=3, expr_toks=['[num1]', '-', '[num1]'], expr_str='[num1]-[num1]'), OpList(arg0=4, expr_toks=['[num2]', '/', '[num3]'], expr_str='[num2]/[num3]')]
[2022-09-15T17:11:07.032754+0800]-[WARNING] utils.py-compute_OpSeq_list-501: decimal.Error: [OpList(arg0=2, expr_toks=['[num0]', '-', '[num0]'], expr_str='[num0]-[num0]'), OpList(arg0=3, expr_toks=['[num1]', '/', '[num2]'], expr_str='[num1]/[num2]')]
[2022-09-15T17:11:07.383049+0800]-[WARNING] utils.py-compute_OpSeq_list-501: decimal.Error: [OpList(arg0=3, expr_toks=['[num1]', '-', '[num1]'], expr_str='[num1]-[num1]'), OpList(arg0=4, expr_toks=['[num0]', '/', '[num3]'], expr_str='[num0]/[num3]'), OpList(arg0=5, expr_toks=['[num4]', '/', '[num2]'], expr_str='[num4]/[num2]')]
[2022-09-15T17:11:08.379720+0800]-[INFO] recursion_trainer.py-evaluate-167: epoch: 10 val_acc: 0.2
[2022-09-15T17:11:17.811574+0800]-[INFO] recursion_trainer.py-train_one_epoch-117: epoch: 11, loss-ave: 0.5148385687479897, mAcc: 0.8514773495613582
[2022-09-15T17:11:27.325208+0800]-[INFO] recursion_trainer.py-train_one_epoch-117: epoch: 12, loss-ave: 0.4507983154247677, mAcc: 0.8732434492262583
[2022-09-15T17:11:36.975505+0800]-[INFO] recursion_trainer.py-train_one_epoch-117: epoch: 13, loss-ave: 0.4388916889826457, mAcc: 0.8742472245579674
[2022-09-15T17:11:46.659426+0800]-[INFO] recursion_trainer.py-train_one_epoch-117: epoch: 14, loss-ave: 0.4421497076040223, mAcc: 0.8882268023869347
[2022-09-15T17:11:56.257454+0800]-[INFO] recursion_trainer.py-train_one_epoch-117: epoch: 15, loss-ave: 0.44250381903515923, mAcc: 0.8882652880653502
[2022-09-15T17:11:56.258299+0800]-[INFO] recursion_trainer.py-train-82: [evaluate test-data]
[2022-09-15T17:11:57.021366+0800]-[WARNING] utils.py-compute_OpSeq_list-501: decimal.Error: [OpList(arg0=2, expr_toks=['[num0]', '-', '[num0]'], expr_str='[num0]-[num0]'), OpList(arg0=3, expr_toks=['[num1]', '/', '[num2]'], expr_str='[num1]/[num2]')]
[2022-09-15T17:11:57.468001+0800]-[WARNING] utils.py-compute_OpSeq_list-501: decimal.Error: [OpList(arg0=3, expr_toks=['[num1]', '-', '[num1]'], expr_str='[num1]-[num1]'), OpList(arg0=4, expr_toks=['[num2]', '/', '[num3]'], expr_str='[num2]/[num3]')]
[2022-09-15T17:11:58.395915+0800]-[INFO] recursion_trainer.py-evaluate-167: epoch: 15 val_acc: 0.18
[2022-09-15T17:12:07.932358+0800]-[INFO] recursion_trainer.py-train_one_epoch-117: epoch: 16, loss-ave: 0.26316074104536147, mAcc: 0.927727981219216
[2022-09-15T17:12:17.534820+0800]-[INFO] recursion_trainer.py-train_one_epoch-117: epoch: 17, loss-ave: 0.12793245550895493, mAcc: 0.9551518228318956
[2022-09-15T17:12:27.116805+0800]-[INFO] recursion_trainer.py-train_one_epoch-117: epoch: 18, loss-ave: 0.10559295791955221, mAcc: 0.9654088597449045
[2022-09-15T17:12:36.613025+0800]-[INFO] recursion_trainer.py-train_one_epoch-117: epoch: 19, loss-ave: 0.08438613083923147, mAcc: 0.9703500829045735
[2022-09-15T17:12:46.253337+0800]-[INFO] recursion_trainer.py-train_one_epoch-117: epoch: 20, loss-ave: 0.06860261668436347, mAcc: 0.9780291309432377
[2022-09-15T17:12:46.254083+0800]-[INFO] recursion_trainer.py-train-82: [evaluate test-data]
[2022-09-15T17:12:49.002179+0800]-[INFO] recursion_trainer.py-evaluate-167: epoch: 20 val_acc: 0.27
[2022-09-15T17:12:49.002838+0800]-[INFO] train_recursion.py-train_solver-65: [finish train solver]
