[2022-09-15T11:02:36.937514+0800]-[INFO] train_seq2seq.py-main-54: log_text: (debug)
[2022-09-15T11:02:53.447003+0800]-[INFO] seq2seq_trainer.py-train_one_epoch-103: epoch: 0, loss-ave: 9.903532134162056
[2022-09-15T11:02:53.447460+0800]-[INFO] seq2seq_trainer.py-train-59: [evaluate test-data]
[2022-09-15T11:02:56.087249+0800]-[INFO] seq2seq_trainer.py-evaluate-152: epoch: 0 expr_acc: 0.0
[2022-09-15T11:02:56.087375+0800]-[INFO] seq2seq_trainer.py-evaluate-152: epoch: 0 val_acc: 0.0
[2022-09-15T11:03:01.394418+0800]-[INFO] seq2seq_trainer.py-train_one_epoch-103: epoch: 1, loss-ave: 6.229196906089783
[2022-09-15T11:03:06.642740+0800]-[INFO] seq2seq_trainer.py-train_one_epoch-103: epoch: 2, loss-ave: 1.9097049406596593
[2022-09-15T11:03:11.920864+0800]-[INFO] seq2seq_trainer.py-train_one_epoch-103: epoch: 3, loss-ave: 1.529099840966482
[2022-09-15T11:03:17.152861+0800]-[INFO] seq2seq_trainer.py-train_one_epoch-103: epoch: 4, loss-ave: 1.425421140496693
[2022-09-15T11:03:22.394523+0800]-[INFO] seq2seq_trainer.py-train_one_epoch-103: epoch: 5, loss-ave: 1.3819002849715096
[2022-09-15T11:03:22.394901+0800]-[INFO] seq2seq_trainer.py-train-59: [evaluate test-data]
[2022-09-15T11:03:23.827413+0800]-[INFO] seq2seq_trainer.py-evaluate-152: epoch: 5 expr_acc: 0.09
[2022-09-15T11:03:23.827539+0800]-[INFO] seq2seq_trainer.py-evaluate-152: epoch: 5 val_acc: 0.09
[2022-09-15T11:03:29.048768+0800]-[INFO] seq2seq_trainer.py-train_one_epoch-103: epoch: 6, loss-ave: 1.1469295289781358
[2022-09-15T11:03:34.347013+0800]-[INFO] seq2seq_trainer.py-train_one_epoch-103: epoch: 7, loss-ave: 0.9876107833688221
[2022-09-15T11:03:39.661948+0800]-[INFO] seq2seq_trainer.py-train_one_epoch-103: epoch: 8, loss-ave: 0.7907362457305666
[2022-09-15T11:03:44.975272+0800]-[INFO] seq2seq_trainer.py-train_one_epoch-103: epoch: 9, loss-ave: 0.7384430491735064
[2022-09-15T11:03:50.283841+0800]-[INFO] seq2seq_trainer.py-train_one_epoch-103: epoch: 10, loss-ave: 0.8853032640994541
[2022-09-15T11:03:50.284275+0800]-[INFO] seq2seq_trainer.py-train-59: [evaluate test-data]
[2022-09-15T11:03:51.849314+0800]-[INFO] seq2seq_trainer.py-evaluate-152: epoch: 10 expr_acc: 0.19
[2022-09-15T11:03:51.849443+0800]-[INFO] seq2seq_trainer.py-evaluate-152: epoch: 10 val_acc: 0.22
[2022-09-15T11:03:57.146747+0800]-[INFO] seq2seq_trainer.py-train_one_epoch-103: epoch: 11, loss-ave: 0.7323898985272362
[2022-09-15T11:04:02.450592+0800]-[INFO] seq2seq_trainer.py-train_one_epoch-103: epoch: 12, loss-ave: 0.7067272800301748
[2022-09-15T11:04:07.734795+0800]-[INFO] seq2seq_trainer.py-train_one_epoch-103: epoch: 13, loss-ave: 0.6052900661551763
[2022-09-15T11:04:12.966755+0800]-[INFO] seq2seq_trainer.py-train_one_epoch-103: epoch: 14, loss-ave: 0.649437344026944
[2022-09-15T11:04:18.235555+0800]-[INFO] seq2seq_trainer.py-train_one_epoch-103: epoch: 15, loss-ave: 0.5410676125496153
[2022-09-15T11:04:18.235917+0800]-[INFO] seq2seq_trainer.py-train-59: [evaluate test-data]
[2022-09-15T11:04:19.652705+0800]-[INFO] seq2seq_trainer.py-evaluate-152: epoch: 15 expr_acc: 0.19
[2022-09-15T11:04:19.652827+0800]-[INFO] seq2seq_trainer.py-evaluate-152: epoch: 15 val_acc: 0.23
[2022-09-15T11:04:24.920983+0800]-[INFO] seq2seq_trainer.py-train_one_epoch-103: epoch: 16, loss-ave: 0.27325151671492864
[2022-09-15T11:04:30.221513+0800]-[INFO] seq2seq_trainer.py-train_one_epoch-103: epoch: 17, loss-ave: 0.144698473491839
[2022-09-15T11:04:35.538188+0800]-[INFO] seq2seq_trainer.py-train_one_epoch-103: epoch: 18, loss-ave: 0.09906652649598462
[2022-09-15T11:04:40.810376+0800]-[INFO] seq2seq_trainer.py-train_one_epoch-103: epoch: 19, loss-ave: 0.0676266366970681
[2022-09-15T11:04:46.115874+0800]-[INFO] seq2seq_trainer.py-train_one_epoch-103: epoch: 20, loss-ave: 0.0559555329899821
[2022-09-15T11:04:46.116230+0800]-[INFO] seq2seq_trainer.py-train-59: [evaluate test-data]
[2022-09-15T11:04:47.619536+0800]-[INFO] seq2seq_trainer.py-evaluate-152: epoch: 20 expr_acc: 0.27
[2022-09-15T11:04:47.619663+0800]-[INFO] seq2seq_trainer.py-evaluate-152: epoch: 20 val_acc: 0.3
