[2022-09-16T10:30:14.134297+0800]-[INFO] train_recursion_math23k.py-main-72: log_text: (debug)
[2022-09-16T10:30:33.617851+0800]-[INFO] recursion_trainer.py-train_one_epoch-117: epoch: 0, loss-ave: 12.442907257685585, mAcc: 0.011781225646180766
[2022-09-16T10:30:42.094033+0800]-[INFO] recursion_trainer.py-train_one_epoch-117: epoch: 1, loss-ave: 3.4053875397122098, mAcc: 0.3709175655293086
[2022-09-16T10:30:50.604728+0800]-[INFO] recursion_trainer.py-train_one_epoch-117: epoch: 2, loss-ave: 1.869709294939798, mAcc: 0.4718341633440956
[2022-09-16T10:30:59.064322+0800]-[INFO] recursion_trainer.py-train_one_epoch-117: epoch: 3, loss-ave: 1.5304730014195518, mAcc: 0.5420061449209849
[2022-09-16T10:31:07.530640+0800]-[INFO] recursion_trainer.py-train_one_epoch-117: epoch: 4, loss-ave: 1.5340940072422935, mAcc: 0.5847097739340767
[2022-09-16T10:31:16.079843+0800]-[INFO] recursion_trainer.py-train_one_epoch-117: epoch: 5, loss-ave: 1.428586237014286, mAcc: 0.6168202786218553
[2022-09-16T10:31:16.080221+0800]-[INFO] recursion_trainer.py-train-82: [evaluate test-data]
[2022-09-16T10:31:21.295104+0800]-[INFO] recursion_trainer.py-evaluate-167: epoch: 5 val_acc: 0.05
[2022-09-16T10:31:29.754804+0800]-[INFO] recursion_trainer.py-train_one_epoch-117: epoch: 6, loss-ave: 1.1555651426315308, mAcc: 0.6766582254379515
[2022-09-16T10:31:38.832131+0800]-[INFO] recursion_trainer.py-train_one_epoch-117: epoch: 7, loss-ave: 0.9090320203039381, mAcc: 0.7183811920029777
[2022-09-16T10:31:47.318526+0800]-[INFO] recursion_trainer.py-train_one_epoch-117: epoch: 8, loss-ave: 0.7268639183233655, mAcc: 0.7627958806734236
[2022-09-16T10:31:55.916459+0800]-[INFO] recursion_trainer.py-train_one_epoch-117: epoch: 9, loss-ave: 0.7667319159659128, mAcc: 0.7756799639217438
[2022-09-16T10:32:04.470044+0800]-[INFO] recursion_trainer.py-train_one_epoch-117: epoch: 10, loss-ave: 0.6698486000772507, mAcc: 0.8131130763462612
[2022-09-16T10:32:04.470420+0800]-[INFO] recursion_trainer.py-train-82: [evaluate test-data]
[2022-09-16T10:32:07.842997+0800]-[INFO] recursion_trainer.py-evaluate-167: epoch: 10 val_acc: 0.2
[2022-09-16T10:32:16.392200+0800]-[INFO] recursion_trainer.py-train_one_epoch-117: epoch: 11, loss-ave: 0.5645086315889207, mAcc: 0.8349697911550128
[2022-09-16T10:32:25.012562+0800]-[INFO] recursion_trainer.py-train_one_epoch-117: epoch: 12, loss-ave: 0.5805144435356534, mAcc: 0.8431153638022286
[2022-09-16T10:32:33.558465+0800]-[INFO] recursion_trainer.py-train_one_epoch-117: epoch: 13, loss-ave: 0.5183671653743774, mAcc: 0.8692787866743784
[2022-09-16T10:32:42.275895+0800]-[INFO] recursion_trainer.py-train_one_epoch-117: epoch: 14, loss-ave: 0.501904026146919, mAcc: 0.8725751988471501
[2022-09-16T10:32:50.833522+0800]-[INFO] recursion_trainer.py-train_one_epoch-117: epoch: 15, loss-ave: 0.4426422698630227, mAcc: 0.8872228879777212
[2022-09-16T10:32:50.833901+0800]-[INFO] recursion_trainer.py-train-82: [evaluate test-data]
[2022-09-16T10:32:52.883761+0800]-[WARNING] utils.py-compute_OpSeq_list-509: decimal.Error: [OpList(arg0=3, expr_toks=['[num0]', '-', '[num0]'], expr_str='[num0]-[num0]'), OpList(arg0=4, expr_toks=['[num2]', '/', '[num3]', '*', '[num1]'], expr_str='[num2]/[num3]*[num1]')]
[2022-09-16T10:32:52.899117+0800]-[INFO] recursion_trainer.py-evaluate-167: epoch: 15 val_acc: 0.24
[2022-09-16T10:33:01.385762+0800]-[INFO] recursion_trainer.py-train_one_epoch-117: epoch: 16, loss-ave: 0.28320241518436917, mAcc: 0.9223668972651163
[2022-09-16T10:33:09.988466+0800]-[INFO] recursion_trainer.py-train_one_epoch-117: epoch: 17, loss-ave: 0.15335696846956298, mAcc: 0.9517507931542775
[2022-09-16T10:33:18.671305+0800]-[INFO] recursion_trainer.py-train_one_epoch-117: epoch: 18, loss-ave: 0.11348306618276097, mAcc: 0.9639225734604729
[2022-09-16T10:33:27.134383+0800]-[INFO] recursion_trainer.py-train_one_epoch-117: epoch: 19, loss-ave: 0.08816277815235986, mAcc: 0.9720925262996128
[2022-09-16T10:33:35.740165+0800]-[INFO] recursion_trainer.py-train_one_epoch-117: epoch: 20, loss-ave: 0.07266303728378955, mAcc: 0.9757855468326144
[2022-09-16T10:33:35.740681+0800]-[INFO] recursion_trainer.py-train-82: [evaluate test-data]
[2022-09-16T10:33:37.949351+0800]-[INFO] recursion_trainer.py-evaluate-167: epoch: 20 val_acc: 0.28
[2022-09-16T10:33:37.950195+0800]-[INFO] train_recursion_math23k.py-train_solver-65: [finish train solver]
