[2022-06-18T23:42:05.813290+0800]-[INFO] train_seq2seq.py-main-54: log_text: baseline model (BERT2seq)
[2022-06-18T23:46:29.769054+0800]-[INFO] baseline_trainer.py-train_one_epoch-101: epoch: 0, loss-ave: 10.205312345828961
[2022-06-18T23:46:29.770067+0800]-[INFO] baseline_trainer.py-train-58: [evaluate test-data]
[2022-06-18T23:46:58.862616+0800]-[INFO] baseline_trainer.py-evaluate-143: epoch: 0 expr_acc: 0.0
[2022-06-18T23:46:58.862874+0800]-[INFO] baseline_trainer.py-evaluate-143: epoch: 0 val_acc: 0.0
[2022-06-18T23:50:55.954365+0800]-[INFO] baseline_trainer.py-train_one_epoch-101: epoch: 1, loss-ave: 1.0972345007461832
[2022-06-18T23:54:53.723671+0800]-[INFO] baseline_trainer.py-train_one_epoch-101: epoch: 2, loss-ave: 0.8639571276738385
[2022-06-18T23:58:50.069201+0800]-[INFO] baseline_trainer.py-train_one_epoch-101: epoch: 3, loss-ave: 0.8154484814510841
[2022-06-19T00:02:38.466856+0800]-[INFO] baseline_trainer.py-train_one_epoch-101: epoch: 4, loss-ave: 0.8034352177706319
[2022-06-19T00:06:33.460944+0800]-[INFO] baseline_trainer.py-train_one_epoch-101: epoch: 5, loss-ave: 0.685977571644225
[2022-06-19T00:06:33.461721+0800]-[INFO] baseline_trainer.py-train-58: [evaluate test-data]
[2022-06-19T00:06:49.118450+0800]-[INFO] baseline_trainer.py-evaluate-143: epoch: 5 expr_acc: 0.516
[2022-06-19T00:06:49.118637+0800]-[INFO] baseline_trainer.py-evaluate-143: epoch: 5 val_acc: 0.606
[2022-06-19T00:10:37.896910+0800]-[INFO] baseline_trainer.py-train_one_epoch-101: epoch: 6, loss-ave: 0.41639293433200314
[2022-06-19T00:14:30.459274+0800]-[INFO] baseline_trainer.py-train_one_epoch-101: epoch: 7, loss-ave: 0.3247380514193268
[2022-06-19T00:18:26.242198+0800]-[INFO] baseline_trainer.py-train_one_epoch-101: epoch: 8, loss-ave: 0.27034665385005074
[2022-06-19T00:22:15.609767+0800]-[INFO] baseline_trainer.py-train_one_epoch-101: epoch: 9, loss-ave: 0.23591993848155635
[2022-06-19T00:26:06.462608+0800]-[INFO] baseline_trainer.py-train_one_epoch-101: epoch: 10, loss-ave: 0.20196304911057233
[2022-06-19T00:26:06.463389+0800]-[INFO] baseline_trainer.py-train-58: [evaluate test-data]
[2022-06-19T00:26:22.450918+0800]-[INFO] baseline_trainer.py-evaluate-143: epoch: 10 expr_acc: 0.6
[2022-06-19T00:26:22.451501+0800]-[INFO] baseline_trainer.py-evaluate-143: epoch: 10 val_acc: 0.717
[2022-06-19T00:29:56.713074+0800]-[INFO] baseline_trainer.py-train_one_epoch-101: epoch: 11, loss-ave: 0.18511165803879717
[2022-06-19T00:33:37.063717+0800]-[INFO] baseline_trainer.py-train_one_epoch-101: epoch: 12, loss-ave: 0.17026810903605127
[2022-06-19T00:37:30.402885+0800]-[INFO] baseline_trainer.py-train_one_epoch-101: epoch: 13, loss-ave: 0.15263943549590767
[2022-06-19T00:41:12.834266+0800]-[INFO] baseline_trainer.py-train_one_epoch-101: epoch: 14, loss-ave: 0.14298505537863584
[2022-06-19T00:45:01.577090+0800]-[INFO] baseline_trainer.py-train_one_epoch-101: epoch: 15, loss-ave: 0.1350002663487902
[2022-06-19T00:45:01.577662+0800]-[INFO] baseline_trainer.py-train-58: [evaluate test-data]
[2022-06-19T00:45:17.887287+0800]-[INFO] baseline_trainer.py-evaluate-143: epoch: 15 expr_acc: 0.689
[2022-06-19T00:45:17.887421+0800]-[INFO] baseline_trainer.py-evaluate-143: epoch: 15 val_acc: 0.8
[2022-06-19T00:48:54.160944+0800]-[INFO] baseline_trainer.py-train_one_epoch-101: epoch: 16, loss-ave: 0.07800640533546001
[2022-06-19T00:52:33.565694+0800]-[INFO] baseline_trainer.py-train_one_epoch-101: epoch: 17, loss-ave: 0.060063522545336555
[2022-06-19T00:56:08.385838+0800]-[INFO] baseline_trainer.py-train_one_epoch-101: epoch: 18, loss-ave: 0.05466206757060739
[2022-06-19T00:59:48.627056+0800]-[INFO] baseline_trainer.py-train_one_epoch-101: epoch: 19, loss-ave: 0.04836547661864405
[2022-06-19T01:03:26.496863+0800]-[INFO] baseline_trainer.py-train_one_epoch-101: epoch: 20, loss-ave: 0.0449851128331403
[2022-06-19T01:03:26.497390+0800]-[INFO] baseline_trainer.py-train-58: [evaluate test-data]
[2022-06-19T01:03:44.019994+0800]-[INFO] baseline_trainer.py-evaluate-143: epoch: 20 expr_acc: 0.681
[2022-06-19T01:03:44.020183+0800]-[INFO] baseline_trainer.py-evaluate-143: epoch: 20 val_acc: 0.809
[2022-06-19T01:07:29.794381+0800]-[INFO] baseline_trainer.py-train_one_epoch-101: epoch: 21, loss-ave: 0.041602084574859345
[2022-06-19T01:11:14.010618+0800]-[INFO] baseline_trainer.py-train_one_epoch-101: epoch: 22, loss-ave: 0.038217406115677026
[2022-06-19T01:15:01.999602+0800]-[INFO] baseline_trainer.py-train_one_epoch-101: epoch: 23, loss-ave: 0.03773536255699157
[2022-06-19T01:18:39.124506+0800]-[INFO] baseline_trainer.py-train_one_epoch-101: epoch: 24, loss-ave: 0.035678102489509846
[2022-06-19T01:22:18.296369+0800]-[INFO] baseline_trainer.py-train_one_epoch-101: epoch: 25, loss-ave: 0.033493235021307716
[2022-06-19T01:22:18.297152+0800]-[INFO] baseline_trainer.py-train-58: [evaluate test-data]
[2022-06-19T01:22:36.024982+0800]-[INFO] baseline_trainer.py-evaluate-143: epoch: 25 expr_acc: 0.7
[2022-06-19T01:22:36.025147+0800]-[INFO] baseline_trainer.py-evaluate-143: epoch: 25 val_acc: 0.823
[2022-06-19T01:26:17.987895+0800]-[INFO] baseline_trainer.py-train_one_epoch-101: epoch: 26, loss-ave: 0.019274146667922844
[2022-06-19T01:30:02.129483+0800]-[INFO] baseline_trainer.py-train_one_epoch-101: epoch: 27, loss-ave: 0.015460229451899959
[2022-06-19T01:33:42.262819+0800]-[INFO] baseline_trainer.py-train_one_epoch-101: epoch: 28, loss-ave: 0.012598223137033878
[2022-06-19T01:37:30.366250+0800]-[INFO] baseline_trainer.py-train_one_epoch-101: epoch: 29, loss-ave: 0.012161113797254564
[2022-06-19T01:41:21.480952+0800]-[INFO] baseline_trainer.py-train_one_epoch-101: epoch: 30, loss-ave: 0.011927219008801702
[2022-06-19T01:41:21.481795+0800]-[INFO] baseline_trainer.py-train-58: [evaluate test-data]
[2022-06-19T01:41:37.582883+0800]-[INFO] baseline_trainer.py-evaluate-143: epoch: 30 expr_acc: 0.716
[2022-06-19T01:41:37.583112+0800]-[INFO] baseline_trainer.py-evaluate-143: epoch: 30 val_acc: 0.844
[2022-06-19T01:45:23.162807+0800]-[INFO] baseline_trainer.py-train_one_epoch-101: epoch: 31, loss-ave: 0.011081429242250706
[2022-06-19T01:49:10.139520+0800]-[INFO] baseline_trainer.py-train_one_epoch-101: epoch: 32, loss-ave: 0.010635652447188837
[2022-06-19T01:53:01.953752+0800]-[INFO] baseline_trainer.py-train_one_epoch-101: epoch: 33, loss-ave: 0.010360642269962552
[2022-06-19T01:56:43.936119+0800]-[INFO] baseline_trainer.py-train_one_epoch-101: epoch: 34, loss-ave: 0.009921409903396421
[2022-06-19T02:00:19.661507+0800]-[INFO] baseline_trainer.py-train_one_epoch-101: epoch: 35, loss-ave: 0.009272193044176289
[2022-06-19T02:00:19.662115+0800]-[INFO] baseline_trainer.py-train-58: [evaluate test-data]
[2022-06-19T02:00:36.361710+0800]-[INFO] baseline_trainer.py-evaluate-143: epoch: 35 expr_acc: 0.72
[2022-06-19T02:00:36.362019+0800]-[INFO] baseline_trainer.py-evaluate-143: epoch: 35 val_acc: 0.845
[2022-06-19T02:04:19.187050+0800]-[INFO] baseline_trainer.py-train_one_epoch-101: epoch: 36, loss-ave: 0.006529210164420633
[2022-06-19T02:07:56.300260+0800]-[INFO] baseline_trainer.py-train_one_epoch-101: epoch: 37, loss-ave: 0.0048700650679535645
[2022-06-19T02:11:40.369925+0800]-[INFO] baseline_trainer.py-train_one_epoch-101: epoch: 38, loss-ave: 0.004442241533216219
[2022-06-19T02:15:29.820272+0800]-[INFO] baseline_trainer.py-train_one_epoch-101: epoch: 39, loss-ave: 0.004376555244742654
[2022-06-19T02:19:12.138634+0800]-[INFO] baseline_trainer.py-train_one_epoch-101: epoch: 40, loss-ave: 0.004026886240230254
[2022-06-19T02:19:12.139177+0800]-[INFO] baseline_trainer.py-train-58: [evaluate test-data]
[2022-06-19T02:19:29.852122+0800]-[INFO] baseline_trainer.py-evaluate-143: epoch: 40 expr_acc: 0.722
[2022-06-19T02:19:29.852516+0800]-[INFO] baseline_trainer.py-evaluate-143: epoch: 40 val_acc: 0.854
[2022-06-19T02:23:23.338950+0800]-[INFO] baseline_trainer.py-train_one_epoch-101: epoch: 41, loss-ave: 0.004073874728754631
[2022-06-19T02:27:02.844554+0800]-[INFO] baseline_trainer.py-train_one_epoch-101: epoch: 42, loss-ave: 0.0037720995595498475
[2022-06-19T02:30:46.079622+0800]-[INFO] baseline_trainer.py-train_one_epoch-101: epoch: 43, loss-ave: 0.0038433114302354947
[2022-06-19T02:34:29.944670+0800]-[INFO] baseline_trainer.py-train_one_epoch-101: epoch: 44, loss-ave: 0.0034144161069971416
[2022-06-19T02:38:03.739515+0800]-[INFO] baseline_trainer.py-train_one_epoch-101: epoch: 45, loss-ave: 0.0037970763792795196
[2022-06-19T02:38:03.740294+0800]-[INFO] baseline_trainer.py-train-58: [evaluate test-data]
[2022-06-19T02:38:19.981361+0800]-[INFO] baseline_trainer.py-evaluate-143: epoch: 45 expr_acc: 0.724
[2022-06-19T02:38:19.981604+0800]-[INFO] baseline_trainer.py-evaluate-143: epoch: 45 val_acc: 0.849
[2022-06-19T02:42:12.515494+0800]-[INFO] baseline_trainer.py-train_one_epoch-101: epoch: 46, loss-ave: 0.0026646001707968164
[2022-06-19T02:45:45.109877+0800]-[INFO] baseline_trainer.py-train_one_epoch-101: epoch: 47, loss-ave: 0.0021039162809976344
[2022-06-19T02:49:34.000507+0800]-[INFO] baseline_trainer.py-train_one_epoch-101: epoch: 48, loss-ave: 0.0021028291338390515
[2022-06-19T02:53:19.240988+0800]-[INFO] baseline_trainer.py-train_one_epoch-101: epoch: 49, loss-ave: 0.002025950162448321
[2022-06-19T02:56:58.122430+0800]-[INFO] baseline_trainer.py-train_one_epoch-101: epoch: 50, loss-ave: 0.0018660005608907818
[2022-06-19T02:56:58.123241+0800]-[INFO] baseline_trainer.py-train-58: [evaluate test-data]
[2022-06-19T02:57:14.858138+0800]-[INFO] baseline_trainer.py-evaluate-143: epoch: 50 expr_acc: 0.728
[2022-06-19T02:57:14.858411+0800]-[INFO] baseline_trainer.py-evaluate-143: epoch: 50 val_acc: 0.853
[2022-06-19T03:00:49.062909+0800]-[INFO] baseline_trainer.py-train_one_epoch-101: epoch: 51, loss-ave: 0.001958675428767321
[2022-06-19T03:04:35.700653+0800]-[INFO] baseline_trainer.py-train_one_epoch-101: epoch: 52, loss-ave: 0.001826582285633621
[2022-06-19T03:08:05.057943+0800]-[INFO] baseline_trainer.py-train_one_epoch-101: epoch: 53, loss-ave: 0.001850877840316516
[2022-06-19T03:11:41.388759+0800]-[INFO] baseline_trainer.py-train_one_epoch-101: epoch: 54, loss-ave: 0.0017460145823016597
[2022-06-19T03:15:17.767397+0800]-[INFO] baseline_trainer.py-train_one_epoch-101: epoch: 55, loss-ave: 0.0016503723015908614
[2022-06-19T03:15:17.768210+0800]-[INFO] baseline_trainer.py-train-58: [evaluate test-data]
[2022-06-19T03:15:34.714381+0800]-[INFO] baseline_trainer.py-evaluate-143: epoch: 55 expr_acc: 0.727
[2022-06-19T03:15:34.714520+0800]-[INFO] baseline_trainer.py-evaluate-143: epoch: 55 val_acc: 0.857
[2022-06-19T03:19:12.086225+0800]-[INFO] baseline_trainer.py-train_one_epoch-101: epoch: 56, loss-ave: 0.0014732457460150006
[2022-06-19T03:22:46.171031+0800]-[INFO] baseline_trainer.py-train_one_epoch-101: epoch: 57, loss-ave: 0.0013233968487568774
[2022-06-19T03:26:23.738856+0800]-[INFO] baseline_trainer.py-train_one_epoch-101: epoch: 58, loss-ave: 0.0013099926319969602
[2022-06-19T03:30:02.211653+0800]-[INFO] baseline_trainer.py-train_one_epoch-101: epoch: 59, loss-ave: 0.001332754147833661
[2022-06-19T03:33:46.821134+0800]-[INFO] baseline_trainer.py-train_one_epoch-101: epoch: 60, loss-ave: 0.0012235306887572036
[2022-06-19T03:33:46.821652+0800]-[INFO] baseline_trainer.py-train-58: [evaluate test-data]
[2022-06-19T03:34:03.922518+0800]-[INFO] baseline_trainer.py-evaluate-143: epoch: 60 expr_acc: 0.725
[2022-06-19T03:34:03.922829+0800]-[INFO] baseline_trainer.py-evaluate-143: epoch: 60 val_acc: 0.852
[2022-06-19T03:37:35.736407+0800]-[INFO] baseline_trainer.py-train_one_epoch-101: epoch: 61, loss-ave: 0.0012028915071049069
[2022-06-19T03:41:12.018820+0800]-[INFO] baseline_trainer.py-train_one_epoch-101: epoch: 62, loss-ave: 0.001171140372558319
[2022-06-19T03:44:46.098358+0800]-[INFO] baseline_trainer.py-train_one_epoch-101: epoch: 63, loss-ave: 0.0012798353163660698
[2022-06-19T03:48:25.524814+0800]-[INFO] baseline_trainer.py-train_one_epoch-101: epoch: 64, loss-ave: 0.0011272015351499166
[2022-06-19T03:52:01.062135+0800]-[INFO] baseline_trainer.py-train_one_epoch-101: epoch: 65, loss-ave: 0.0013050691907241967
[2022-06-19T03:52:01.062936+0800]-[INFO] baseline_trainer.py-train-58: [evaluate test-data]
[2022-06-19T03:52:17.498619+0800]-[INFO] baseline_trainer.py-evaluate-143: epoch: 65 expr_acc: 0.727
[2022-06-19T03:52:17.498787+0800]-[INFO] baseline_trainer.py-evaluate-143: epoch: 65 val_acc: 0.853
[2022-06-19T03:55:49.214993+0800]-[INFO] baseline_trainer.py-train_one_epoch-101: epoch: 66, loss-ave: 0.0011208707545923523
[2022-06-19T03:59:20.943246+0800]-[INFO] baseline_trainer.py-train_one_epoch-101: epoch: 67, loss-ave: 0.0011511097611505816
[2022-06-19T04:02:55.475462+0800]-[INFO] baseline_trainer.py-train_one_epoch-101: epoch: 68, loss-ave: 0.0009592277287423547
[2022-06-19T04:06:30.153993+0800]-[INFO] baseline_trainer.py-train_one_epoch-101: epoch: 69, loss-ave: 0.0012200841984341523
[2022-06-19T04:10:07.504121+0800]-[INFO] baseline_trainer.py-train_one_epoch-101: epoch: 70, loss-ave: 0.0009688940184592269
[2022-06-19T04:10:07.504639+0800]-[INFO] baseline_trainer.py-train-58: [evaluate test-data]
[2022-06-19T04:10:24.715200+0800]-[INFO] baseline_trainer.py-evaluate-143: epoch: 70 expr_acc: 0.724
[2022-06-19T04:10:24.715359+0800]-[INFO] baseline_trainer.py-evaluate-143: epoch: 70 val_acc: 0.854
[2022-06-19T04:14:11.163065+0800]-[INFO] baseline_trainer.py-train_one_epoch-101: epoch: 71, loss-ave: 0.001014705578874032
[2022-06-19T04:17:54.333024+0800]-[INFO] baseline_trainer.py-train_one_epoch-101: epoch: 72, loss-ave: 0.0011111181719664484
[2022-06-19T04:21:42.620635+0800]-[INFO] baseline_trainer.py-train_one_epoch-101: epoch: 73, loss-ave: 0.0010026942487162773
[2022-06-19T04:25:37.007009+0800]-[INFO] baseline_trainer.py-train_one_epoch-101: epoch: 74, loss-ave: 0.0009684408825393322
[2022-06-19T04:29:22.472408+0800]-[INFO] baseline_trainer.py-train_one_epoch-101: epoch: 75, loss-ave: 0.0010251314265143003
[2022-06-19T04:29:22.473205+0800]-[INFO] baseline_trainer.py-train-58: [evaluate test-data]
[2022-06-19T04:29:37.784570+0800]-[INFO] baseline_trainer.py-evaluate-143: epoch: 75 expr_acc: 0.727
[2022-06-19T04:29:37.784833+0800]-[INFO] baseline_trainer.py-evaluate-143: epoch: 75 val_acc: 0.856
[2022-06-19T04:33:30.959462+0800]-[INFO] baseline_trainer.py-train_one_epoch-101: epoch: 76, loss-ave: 0.0009751325354143359
[2022-06-19T04:33:30.960259+0800]-[INFO] baseline_trainer.py-train-58: [evaluate test-data]
[2022-06-19T04:33:46.259835+0800]-[INFO] baseline_trainer.py-evaluate-143: epoch: 76 expr_acc: 0.724
[2022-06-19T04:33:46.259977+0800]-[INFO] baseline_trainer.py-evaluate-143: epoch: 76 val_acc: 0.852
[2022-06-19T04:37:39.148877+0800]-[INFO] baseline_trainer.py-train_one_epoch-101: epoch: 77, loss-ave: 0.0009791948863973612
[2022-06-19T04:37:39.149657+0800]-[INFO] baseline_trainer.py-train-58: [evaluate test-data]
[2022-06-19T04:37:54.242917+0800]-[INFO] baseline_trainer.py-evaluate-143: epoch: 77 expr_acc: 0.725
[2022-06-19T04:37:54.243049+0800]-[INFO] baseline_trainer.py-evaluate-143: epoch: 77 val_acc: 0.855
[2022-06-19T04:41:32.337215+0800]-[INFO] baseline_trainer.py-train_one_epoch-101: epoch: 78, loss-ave: 0.0009547629849593462
[2022-06-19T04:41:32.337993+0800]-[INFO] baseline_trainer.py-train-58: [evaluate test-data]
[2022-06-19T04:41:47.127673+0800]-[INFO] baseline_trainer.py-evaluate-143: epoch: 78 expr_acc: 0.724
[2022-06-19T04:41:47.127800+0800]-[INFO] baseline_trainer.py-evaluate-143: epoch: 78 val_acc: 0.855
[2022-06-19T04:45:19.574135+0800]-[INFO] baseline_trainer.py-train_one_epoch-101: epoch: 79, loss-ave: 0.0008523654323105194
[2022-06-19T04:45:19.574931+0800]-[INFO] baseline_trainer.py-train-58: [evaluate test-data]
[2022-06-19T04:45:34.635607+0800]-[INFO] baseline_trainer.py-evaluate-143: epoch: 79 expr_acc: 0.725
[2022-06-19T04:45:34.635735+0800]-[INFO] baseline_trainer.py-evaluate-143: epoch: 79 val_acc: 0.856
[2022-06-19T04:45:35.203800+0800]-[INFO] train_seq2seq.py-train_math_solver-50: [finish train solver]
