[2022-09-18T09:47:14.125546+0800]-[INFO] train_recursion_math23k.py-main-72: log_text: (v2) 不同的输出词表 batch-size = 8
[2022-09-18T09:51:30.775413+0800]-[INFO] recursion_trainer.py-train_one_epoch-116: epoch: 0, loss-ave: 12.724796125088357, mAcc: 0.014215768951694028
[2022-09-18T09:56:07.513128+0800]-[INFO] recursion_trainer.py-train_one_epoch-116: epoch: 1, loss-ave: 1.087505517518047, mAcc: 0.6437927825974858
[2022-09-18T09:59:47.185819+0800]-[INFO] recursion_trainer.py-train_one_epoch-116: epoch: 2, loss-ave: 0.8297325467832036, mAcc: 0.7469722840867749
[2022-09-18T10:03:26.164810+0800]-[INFO] recursion_trainer.py-train_one_epoch-116: epoch: 3, loss-ave: 0.801763528574675, mAcc: 0.788058442748841
[2022-09-18T10:07:41.754387+0800]-[INFO] recursion_trainer.py-train_one_epoch-116: epoch: 4, loss-ave: 0.8068338001583996, mAcc: 0.8070798355427029
[2022-09-18T10:12:29.471902+0800]-[INFO] recursion_trainer.py-train_one_epoch-116: epoch: 5, loss-ave: 0.7006529915361709, mAcc: 0.8296095007378271
[2022-09-18T10:12:29.473124+0800]-[INFO] recursion_trainer.py-train-81: [evaluate test-data]
[2022-09-18T10:12:30.057916+0800]-[WARNING] utils.py-compute_OpSeq_list-509: decimal.Error: [OpList(arg0=2, expr_toks=['[num1]', '/', '(', '[num0]', '-', '[num0]', ')'], expr_str='[num1]/([num0]-[num0])')]
[2022-09-18T10:12:30.157748+0800]-[WARNING] utils.py-compute_OpSeq_list-509: decimal.Error: [OpList(arg0=4, expr_toks=['[num3]', '/', '(', '[num1]', '*', '[num2]', '-', '[num0]', '/', '[num1]', ')'], expr_str='[num3]/([num1]*[num2]-[num0]/[num1])')]
[2022-09-18T10:12:30.520956+0800]-[WARNING] utils.py-compute_OpSeq_list-509: decimal.Error: [OpList(arg0=3, expr_toks=['(', '[num2]', '-', '[num1]', ')', '/', '(', '[num0]', '-', '[num0]', ')'], expr_str='([num2]-[num1])/([num0]-[num0])')]
[2022-09-18T10:12:33.971923+0800]-[WARNING] utils.py-compute_OpSeq_list-509: decimal.Error: [OpList(arg0=2, expr_toks=['[num0]', '/', '(', '[num1]', '-', '[num1]', ')'], expr_str='[num0]/([num1]-[num1])')]
[2022-09-18T10:12:35.498858+0800]-[WARNING] utils.py-compute_OpSeq_list-509: decimal.Error: [OpList(arg0=5, expr_toks=['[num4]', '/', '(', '[num3]', '-', '[num3]', ')', '/', '[num2]'], expr_str='[num4]/([num3]-[num3])/[num2]')]
[2022-09-18T10:12:38.032149+0800]-[WARNING] utils.py-compute_OpSeq_list-509: decimal.Error: [OpList(arg0=3, expr_toks=['(', '[num2]', '+', '[num1]', ')', '/', '(', '[num0]', '-', '[num0]', ')'], expr_str='([num2]+[num1])/([num0]-[num0])')]
[2022-09-18T10:12:41.249070+0800]-[WARNING] utils.py-compute_OpSeq_list-509: decimal.Error: [OpList(arg0=3, expr_toks=['[num2]', '/', '(', '[num1]', '-', '[num1]', ')'], expr_str='[num2]/([num1]-[num1])')]
[2022-09-18T10:12:41.723444+0800]-[WARNING] utils.py-compute_OpSeq_list-509: decimal.Error: [OpList(arg0=5, expr_toks=['[num4]', '/', '(', '[num3]', '-', '[num3]', ')', '/', '(', '[num2]', '/', '[num3]', ')'], expr_str='[num4]/([num3]-[num3])/([num2]/[num3])')]
[2022-09-18T10:12:43.507806+0800]-[WARNING] utils.py-compute_OpSeq_list-509: decimal.Error: [OpList(arg0=3, expr_toks=['[num2]', '/', '(', '[num1]', '-', '[num1]', ')', '/', '(', '[num0]', '+', '[num1]', ')'], expr_str='[num2]/([num1]-[num1])/([num0]+[num1])')]
[2022-09-18T10:12:45.822903+0800]-[INFO] recursion_trainer.py-evaluate-166: epoch: 5 val_acc: 0.64
[2022-09-18T10:16:24.479317+0800]-[INFO] recursion_trainer.py-train_one_epoch-116: epoch: 6, loss-ave: 0.44947687518086943, mAcc: 0.8672908868815494
[2022-09-18T10:20:03.020707+0800]-[INFO] recursion_trainer.py-train_one_epoch-116: epoch: 7, loss-ave: 0.3480321341074855, mAcc: 0.8890619643113243
[2022-09-18T10:23:41.417137+0800]-[INFO] recursion_trainer.py-train_one_epoch-116: epoch: 8, loss-ave: 0.2785387036918464, mAcc: 0.9075599598970654
[2022-09-18T10:27:19.588568+0800]-[INFO] recursion_trainer.py-train_one_epoch-116: epoch: 9, loss-ave: 0.24057748176700466, mAcc: 0.9189734844524508
[2022-09-18T10:30:55.976108+0800]-[INFO] recursion_trainer.py-train_one_epoch-116: epoch: 10, loss-ave: 0.21724444033077073, mAcc: 0.9266909313115833
[2022-09-18T10:30:55.976652+0800]-[INFO] recursion_trainer.py-train-81: [evaluate test-data]
[2022-09-18T10:30:56.310581+0800]-[WARNING] utils.py-compute_OpSeq_list-509: decimal.Error: [OpList(arg0=3, expr_toks=['(', '[num1]', '*', '[num2]', ')', '/', '(', '[num0]', '-', '[num0]', ')'], expr_str='([num1]*[num2])/([num0]-[num0])')]
[2022-09-18T10:31:03.864980+0800]-[WARNING] utils.py-compute_OpSeq_list-509: decimal.Error: [OpList(arg0=4, expr_toks=['[num1]', '/', '(', '[num3]', '-', '[num3]', ')', '*', '[num0]'], expr_str='[num1]/([num3]-[num3])*[num0]')]
[2022-09-18T10:31:04.678778+0800]-[WARNING] utils.py-compute_OpSeq_list-509: decimal.Error: [OpList(arg0=5, expr_toks=['(', '[num0]', '-', '[num3]', ')', '/', '(', '[c0]', '-', '[num1]', '-', '[num1]', ')'], expr_str='([num0]-[num3])/([c0]-[num1]-[num1])')]
[2022-09-18T10:31:12.385428+0800]-[INFO] recursion_trainer.py-evaluate-166: epoch: 10 val_acc: 0.758
[2022-09-18T10:35:45.136430+0800]-[INFO] recursion_trainer.py-train_one_epoch-116: epoch: 11, loss-ave: 0.19893173768440606, mAcc: 0.9316306427928085
[2022-09-18T10:40:22.068648+0800]-[INFO] recursion_trainer.py-train_one_epoch-116: epoch: 12, loss-ave: 0.17871702452617216, mAcc: 0.937765904368046
[2022-09-18T10:44:59.795198+0800]-[INFO] recursion_trainer.py-train_one_epoch-116: epoch: 13, loss-ave: 0.1662893884738786, mAcc: 0.941967553524334
[2022-09-18T10:49:38.161778+0800]-[INFO] recursion_trainer.py-train_one_epoch-116: epoch: 14, loss-ave: 0.1486187793119451, mAcc: 0.9486631798184736
[2022-09-18T10:54:17.154823+0800]-[INFO] recursion_trainer.py-train_one_epoch-116: epoch: 15, loss-ave: 0.1382864696441457, mAcc: 0.9514867200317796
[2022-09-18T10:54:17.155608+0800]-[INFO] recursion_trainer.py-train-81: [evaluate test-data]
[2022-09-18T10:54:22.586920+0800]-[WARNING] utils.py-compute_OpSeq_list-509: decimal.Error: [OpList(arg0=3, expr_toks=['(', '[num2]', '-', '[num1]', ')', '/', '(', '[num0]', '-', '[num0]', ')'], expr_str='([num2]-[num1])/([num0]-[num0])')]
[2022-09-18T10:54:33.823955+0800]-[INFO] recursion_trainer.py-evaluate-166: epoch: 15 val_acc: 0.777
[2022-09-18T10:58:53.053463+0800]-[INFO] recursion_trainer.py-train_one_epoch-116: epoch: 16, loss-ave: 0.0824716154957381, mAcc: 0.9704171546099418
[2022-09-18T11:03:29.813088+0800]-[INFO] recursion_trainer.py-train_one_epoch-116: epoch: 17, loss-ave: 0.06488919180503433, mAcc: 0.976371328344414
[2022-09-18T11:08:07.397621+0800]-[INFO] recursion_trainer.py-train_one_epoch-116: epoch: 18, loss-ave: 0.05630234296704493, mAcc: 0.9796423144073693
[2022-09-18T11:12:46.597840+0800]-[INFO] recursion_trainer.py-train_one_epoch-116: epoch: 19, loss-ave: 0.050793724589261846, mAcc: 0.9817880052521771
[2022-09-18T11:17:23.035461+0800]-[INFO] recursion_trainer.py-train_one_epoch-116: epoch: 20, loss-ave: 0.047505089918737566, mAcc: 0.9828116473308108
[2022-09-18T11:17:23.036268+0800]-[INFO] recursion_trainer.py-train-81: [evaluate test-data]
[2022-09-18T11:17:28.688564+0800]-[WARNING] utils.py-compute_OpSeq_list-509: decimal.Error: [OpList(arg0=4, expr_toks=['(', '[c0]', '-', '[c0]', '/', '(', '[c0]', '/', '[num1]', '-', '[c0]', '/', '[num1]', ')', '/', '(', '[num1]', '-', '[num3]', ')', ')'], expr_str='([c0]-[c0]/([c0]/[num1]-[c0]/[num1])/([num1]-[num3]))')]
[2022-09-18T11:17:28.891308+0800]-[WARNING] utils.py-compute_OpSeq_list-509: decimal.Error: [OpList(arg0=4, expr_toks=['[num1]', '/', '(', '[num3]', '-', '[num0]', '-', '(', '[num3]', '-', '[num0]', ')', ')'], expr_str='[num1]/([num3]-[num0]-([num3]-[num0]))')]
[2022-09-18T11:17:39.515399+0800]-[INFO] recursion_trainer.py-evaluate-166: epoch: 20 val_acc: 0.827
[2022-09-18T11:21:50.322679+0800]-[INFO] recursion_trainer.py-train_one_epoch-116: epoch: 21, loss-ave: 0.04589154751332405, mAcc: 0.9840233075274457
[2022-09-18T11:26:27.933704+0800]-[INFO] recursion_trainer.py-train_one_epoch-116: epoch: 22, loss-ave: 0.03898229208922984, mAcc: 0.986045328611071
[2022-09-18T11:30:49.154609+0800]-[INFO] recursion_trainer.py-train_one_epoch-116: epoch: 23, loss-ave: 0.03883259386342688, mAcc: 0.9864017419866706
[2022-09-18T11:35:10.868613+0800]-[INFO] recursion_trainer.py-train_one_epoch-116: epoch: 24, loss-ave: 0.037946071197433616, mAcc: 0.9866843762380552
[2022-09-18T11:39:33.052104+0800]-[INFO] recursion_trainer.py-train_one_epoch-116: epoch: 25, loss-ave: 0.03533415929931398, mAcc: 0.987591905025799
[2022-09-18T11:39:33.052801+0800]-[INFO] recursion_trainer.py-train-81: [evaluate test-data]
[2022-09-18T11:39:49.844841+0800]-[INFO] recursion_trainer.py-evaluate-166: epoch: 25 val_acc: 0.828
[2022-09-18T11:43:42.663421+0800]-[INFO] recursion_trainer.py-train_one_epoch-116: epoch: 26, loss-ave: 0.020446334636231203, mAcc: 0.9927994060602429
[2022-09-18T11:48:04.553792+0800]-[INFO] recursion_trainer.py-train_one_epoch-116: epoch: 27, loss-ave: 0.014980882112180493, mAcc: 0.9949876164486262
[2022-09-18T11:52:24.566365+0800]-[INFO] recursion_trainer.py-train_one_epoch-116: epoch: 28, loss-ave: 0.014133146416374106, mAcc: 0.9951392970790932
[2022-09-18T11:56:45.519004+0800]-[INFO] recursion_trainer.py-train_one_epoch-116: epoch: 29, loss-ave: 0.013275264756964876, mAcc: 0.995406260494721
[2022-09-18T12:01:06.607076+0800]-[INFO] recursion_trainer.py-train_one_epoch-116: epoch: 30, loss-ave: 0.01252596796827366, mAcc: 0.9959512833653804
[2022-09-18T12:01:06.607736+0800]-[INFO] recursion_trainer.py-train-81: [evaluate test-data]
[2022-09-18T12:01:23.146449+0800]-[INFO] recursion_trainer.py-evaluate-166: epoch: 30 val_acc: 0.839
[2022-09-18T12:04:51.971524+0800]-[INFO] recursion_trainer.py-train_one_epoch-116: epoch: 31, loss-ave: 0.011427948962545875, mAcc: 0.9961007727397478
[2022-09-18T12:08:20.294902+0800]-[INFO] recursion_trainer.py-train_one_epoch-116: epoch: 32, loss-ave: 0.011324750300782144, mAcc: 0.9961304643093895
[2022-09-18T12:11:48.977898+0800]-[INFO] recursion_trainer.py-train_one_epoch-116: epoch: 33, loss-ave: 0.010590018176170429, mAcc: 0.9963452694863619
[2022-09-18T12:15:55.582282+0800]-[INFO] recursion_trainer.py-train_one_epoch-116: epoch: 34, loss-ave: 0.010717290099905656, mAcc: 0.9963731575743816
[2022-09-18T12:20:16.035804+0800]-[INFO] recursion_trainer.py-train_one_epoch-116: epoch: 35, loss-ave: 0.01007068169288388, mAcc: 0.9967152363771996
[2022-09-18T12:20:16.036478+0800]-[INFO] recursion_trainer.py-train-81: [evaluate test-data]
[2022-09-18T12:20:32.897799+0800]-[INFO] recursion_trainer.py-evaluate-166: epoch: 35 val_acc: 0.847
[2022-09-18T12:24:09.510754+0800]-[INFO] recursion_trainer.py-train_one_epoch-116: epoch: 36, loss-ave: 0.006484137550967364, mAcc: 0.9978773838346185
[2022-09-18T12:28:32.150654+0800]-[INFO] recursion_trainer.py-train_one_epoch-116: epoch: 37, loss-ave: 0.004657681686000124, mAcc: 0.998463255834063
[2022-09-18T12:32:52.446520+0800]-[INFO] recursion_trainer.py-train_one_epoch-116: epoch: 38, loss-ave: 0.004522311818674836, mAcc: 0.9984153979736975
[2022-09-18T12:37:13.288547+0800]-[INFO] recursion_trainer.py-train_one_epoch-116: epoch: 39, loss-ave: 0.0042629902655669264, mAcc: 0.9985400195156193
[2022-09-18T12:41:22.367258+0800]-[INFO] recursion_trainer.py-train_one_epoch-116: epoch: 40, loss-ave: 0.004351948661224837, mAcc: 0.9984455154260573
[2022-09-18T12:41:22.367930+0800]-[INFO] recursion_trainer.py-train-81: [evaluate test-data]
[2022-09-18T12:41:39.126838+0800]-[INFO] recursion_trainer.py-evaluate-166: epoch: 40 val_acc: 0.841
[2022-09-18T12:45:42.814087+0800]-[INFO] recursion_trainer.py-train_one_epoch-116: epoch: 41, loss-ave: 0.0041034656029621175, mAcc: 0.9985819771401718
[2022-09-18T12:50:03.980260+0800]-[INFO] recursion_trainer.py-train_one_epoch-116: epoch: 42, loss-ave: 0.003848695686274715, mAcc: 0.9986964645368528
[2022-09-18T12:53:41.092036+0800]-[INFO] recursion_trainer.py-train_one_epoch-116: epoch: 43, loss-ave: 0.00411766298781628, mAcc: 0.9986600786985473
[2022-09-18T12:57:55.748575+0800]-[INFO] recursion_trainer.py-train_one_epoch-116: epoch: 44, loss-ave: 0.004074541338871654, mAcc: 0.9985439200478771
[2022-09-18T13:02:17.686805+0800]-[INFO] recursion_trainer.py-train_one_epoch-116: epoch: 45, loss-ave: 0.003276399471363199, mAcc: 0.9988454848635498
[2022-09-18T13:02:17.687595+0800]-[INFO] recursion_trainer.py-train-81: [evaluate test-data]
[2022-09-18T13:02:34.299588+0800]-[INFO] recursion_trainer.py-evaluate-166: epoch: 45 val_acc: 0.846
[2022-09-18T13:06:56.987219+0800]-[INFO] recursion_trainer.py-train_one_epoch-116: epoch: 46, loss-ave: 0.002619333318950458, mAcc: 0.9990111558015596
[2022-09-18T13:11:17.421528+0800]-[INFO] recursion_trainer.py-train_one_epoch-116: epoch: 47, loss-ave: 0.0021408954686217637, mAcc: 0.9991663118346934
[2022-09-18T13:15:39.182952+0800]-[INFO] recursion_trainer.py-train_one_epoch-116: epoch: 48, loss-ave: 0.0020472683834908195, mAcc: 0.9991811719612094
[2022-09-18T13:19:24.089270+0800]-[INFO] recursion_trainer.py-train_one_epoch-116: epoch: 49, loss-ave: 0.002250704402835838, mAcc: 0.9991889361655238
[2022-09-18T13:22:53.325934+0800]-[INFO] recursion_trainer.py-train_one_epoch-116: epoch: 50, loss-ave: 0.002112823757968749, mAcc: 0.9991488249723661
[2022-09-18T13:22:53.326433+0800]-[INFO] recursion_trainer.py-train-81: [evaluate test-data]
[2022-09-18T13:23:08.265698+0800]-[WARNING] utils.py-compute_OpSeq_list-509: decimal.Error: [OpList(arg0=3, expr_toks=['(', '[num2]', '+', '[num0]', ')', '/', '(', '[num1]', '-', '[num1]', ')'], expr_str='([num2]+[num0])/([num1]-[num1])')]
[2022-09-18T13:23:09.937633+0800]-[INFO] recursion_trainer.py-evaluate-166: epoch: 50 val_acc: 0.848
[2022-09-18T13:26:47.715597+0800]-[INFO] recursion_trainer.py-train_one_epoch-116: epoch: 51, loss-ave: 0.0020115014986815676, mAcc: 0.9991763537756373
[2022-09-18T13:31:07.636248+0800]-[INFO] recursion_trainer.py-train_one_epoch-116: epoch: 52, loss-ave: 0.0020019160290114103, mAcc: 0.9991834767028313
[2022-09-18T13:35:33.306528+0800]-[INFO] recursion_trainer.py-train_one_epoch-116: epoch: 53, loss-ave: 0.00209645876181912, mAcc: 0.9992230970936992
[2022-09-18T13:39:55.673701+0800]-[INFO] recursion_trainer.py-train_one_epoch-116: epoch: 54, loss-ave: 0.0018343044066367474, mAcc: 0.9992886859587383
[2022-09-18T13:44:16.039185+0800]-[INFO] recursion_trainer.py-train_one_epoch-116: epoch: 55, loss-ave: 0.001808173340583006, mAcc: 0.9993099330564699
[2022-09-18T13:44:16.039856+0800]-[INFO] recursion_trainer.py-train-81: [evaluate test-data]
[2022-09-18T13:44:32.649677+0800]-[INFO] recursion_trainer.py-evaluate-166: epoch: 55 val_acc: 0.849
[2022-09-18T13:48:43.274760+0800]-[INFO] recursion_trainer.py-train_one_epoch-116: epoch: 56, loss-ave: 0.0015499662605719226, mAcc: 0.9993750478601627
[2022-09-18T13:53:06.157059+0800]-[INFO] recursion_trainer.py-train_one_epoch-116: epoch: 57, loss-ave: 0.0014248293753807535, mAcc: 0.9993677878853217
[2022-09-18T13:57:28.416343+0800]-[INFO] recursion_trainer.py-train_one_epoch-116: epoch: 58, loss-ave: 0.001540852891564698, mAcc: 0.9993602445839975
[2022-09-18T14:01:51.677695+0800]-[INFO] recursion_trainer.py-train_one_epoch-116: epoch: 59, loss-ave: 0.0014089757484039526, mAcc: 0.999342214157435
[2022-09-18T14:06:06.827209+0800]-[INFO] recursion_trainer.py-train_one_epoch-116: epoch: 60, loss-ave: 0.0013445728358397132, mAcc: 0.9994103630527262
[2022-09-18T14:06:06.827871+0800]-[INFO] recursion_trainer.py-train-81: [evaluate test-data]
[2022-09-18T14:06:12.481330+0800]-[WARNING] utils.py-compute_OpSeq_list-509: decimal.Error: [OpList(arg0=4, expr_toks=['(', '[c0]', '-', '[c0]', '/', '(', '[c0]', '-', '[num0]', '/', '[num1]', ')', '*', '[num3]', ')', '/', '(', '[num0]', '-', '[num0]', ')'], expr_str='([c0]-[c0]/([c0]-[num0]/[num1])*[num3])/([num0]-[num0])')]
[2022-09-18T14:06:23.452913+0800]-[INFO] recursion_trainer.py-evaluate-166: epoch: 60 val_acc: 0.843
[2022-09-18T14:10:03.272751+0800]-[INFO] recursion_trainer.py-train_one_epoch-116: epoch: 61, loss-ave: 0.0013355374481145395, mAcc: 0.9994487596547991
[2022-09-18T14:14:24.288719+0800]-[INFO] recursion_trainer.py-train_one_epoch-116: epoch: 62, loss-ave: 0.0013140408139021326, mAcc: 0.9994087014387661
[2022-09-18T14:18:48.598256+0800]-[INFO] recursion_trainer.py-train_one_epoch-116: epoch: 63, loss-ave: 0.0013160825068281685, mAcc: 0.9994117666237621
[2022-09-18T14:23:10.921743+0800]-[INFO] recursion_trainer.py-train_one_epoch-116: epoch: 64, loss-ave: 0.0012567984745757827, mAcc: 0.9993915990371567
[2022-09-18T14:27:34.123728+0800]-[INFO] recursion_trainer.py-train_one_epoch-116: epoch: 65, loss-ave: 0.0012978211143267202, mAcc: 0.9993867627765297
[2022-09-18T14:27:34.124554+0800]-[INFO] recursion_trainer.py-train-81: [evaluate test-data]
[2022-09-18T14:27:34.518682+0800]-[WARNING] utils.py-compute_OpSeq_list-509: decimal.Error: [OpList(arg0=7, expr_toks=['(', '[num0]', '*', '[num1]', '*', '[num2]', '+', '[num1]', '*', '[num2]', '*', '[num5]', '+', '[num6]', '*', '(', '[num0]', '*', '[num1]', ')', '*', '[num2]', '*', '[num2]', '*', '(', '[num0]', '*', '[num1]', ')', '*', '(', '[num2]', '*', '[num3]'], expr_str='([num0]*[num1]*[num2]+[num1]*[num2]*[num5]+[num6]*([num0]*[num1])*[num2]*[num2]*([num0]*[num1])*([num2]*[num3]')]
[2022-09-18T14:27:48.432175+0800]-[WARNING] utils.py-compute_OpSeq_list-509: decimal.Error: [OpList(arg0=4, expr_toks=['(', '[num1]', '-', '[num0]', '*', '[num3]', ')', '/', '(', '[num2]', '-', '[num2]', ')'], expr_str='([num1]-[num0]*[num3])/([num2]-[num2])')]
[2022-09-18T14:27:50.844852+0800]-[INFO] recursion_trainer.py-evaluate-166: epoch: 65 val_acc: 0.844
[2022-09-18T14:31:29.561359+0800]-[INFO] recursion_trainer.py-train_one_epoch-116: epoch: 66, loss-ave: 0.001067260448034265, mAcc: 0.9995232516032264
[2022-09-18T14:35:51.212905+0800]-[INFO] recursion_trainer.py-train_one_epoch-116: epoch: 67, loss-ave: 0.001019938352329227, mAcc: 0.9995213687204713
[2022-09-18T14:40:12.621388+0800]-[INFO] recursion_trainer.py-train_one_epoch-116: epoch: 68, loss-ave: 0.0010486239879150042, mAcc: 0.9995526872602181
[2022-09-18T14:44:36.911176+0800]-[INFO] recursion_trainer.py-train_one_epoch-116: epoch: 69, loss-ave: 0.0011258075877165125, mAcc: 0.9994540049280931
[2022-09-18T14:49:03.849905+0800]-[INFO] recursion_trainer.py-train_one_epoch-116: epoch: 70, loss-ave: 0.0010377751446557287, mAcc: 0.9995131476476304
[2022-09-18T14:49:03.850658+0800]-[INFO] recursion_trainer.py-train-81: [evaluate test-data]
[2022-09-18T14:49:20.690966+0800]-[INFO] recursion_trainer.py-evaluate-166: epoch: 70 val_acc: 0.847
[2022-09-18T14:52:50.508065+0800]-[INFO] recursion_trainer.py-train_one_epoch-116: epoch: 71, loss-ave: 0.001100117156794156, mAcc: 0.9994555982441679
[2022-09-18T14:56:20.148044+0800]-[INFO] recursion_trainer.py-train_one_epoch-116: epoch: 72, loss-ave: 0.0011267888383141257, mAcc: 0.9994347032441989
[2022-09-18T14:59:50.242406+0800]-[INFO] recursion_trainer.py-train_one_epoch-116: epoch: 73, loss-ave: 0.001114086285697202, mAcc: 0.999416915260067
[2022-09-18T15:03:19.627573+0800]-[INFO] recursion_trainer.py-train_one_epoch-116: epoch: 74, loss-ave: 0.0009842891476648304, mAcc: 0.9995828000001529
[2022-09-18T15:07:00.647551+0800]-[INFO] recursion_trainer.py-train_one_epoch-116: epoch: 75, loss-ave: 0.0009754224270539119, mAcc: 0.9995660815858669
[2022-09-18T15:07:00.648218+0800]-[INFO] recursion_trainer.py-train-81: [evaluate test-data]
[2022-09-18T15:07:17.219718+0800]-[INFO] recursion_trainer.py-evaluate-166: epoch: 75 val_acc: 0.85
[2022-09-18T15:10:46.316782+0800]-[INFO] recursion_trainer.py-train_one_epoch-116: epoch: 76, loss-ave: 0.0009612407668267844, mAcc: 0.9994917026710854
[2022-09-18T15:10:46.317265+0800]-[INFO] recursion_trainer.py-train-81: [evaluate test-data]
[2022-09-18T15:11:02.850814+0800]-[INFO] recursion_trainer.py-evaluate-166: epoch: 76 val_acc: 0.847
[2022-09-18T15:14:32.404581+0800]-[INFO] recursion_trainer.py-train_one_epoch-116: epoch: 77, loss-ave: 0.0009795653064494677, mAcc: 0.9995330937502617
[2022-09-18T15:14:32.405076+0800]-[INFO] recursion_trainer.py-train-81: [evaluate test-data]
[2022-09-18T15:14:48.952656+0800]-[INFO] recursion_trainer.py-evaluate-166: epoch: 77 val_acc: 0.85
[2022-09-18T15:18:18.168932+0800]-[INFO] recursion_trainer.py-train_one_epoch-116: epoch: 78, loss-ave: 0.0009589936199821981, mAcc: 0.999519333813595
[2022-09-18T15:18:18.169508+0800]-[INFO] recursion_trainer.py-train-81: [evaluate test-data]
[2022-09-18T15:18:34.691343+0800]-[INFO] recursion_trainer.py-evaluate-166: epoch: 78 val_acc: 0.848
[2022-09-18T15:22:07.254298+0800]-[INFO] recursion_trainer.py-train_one_epoch-116: epoch: 79, loss-ave: 0.0009102893891306782, mAcc: 0.9995439739433867
[2022-09-18T15:22:07.254982+0800]-[INFO] recursion_trainer.py-train-81: [evaluate test-data]
[2022-09-18T15:22:23.764581+0800]-[INFO] recursion_trainer.py-evaluate-166: epoch: 79 val_acc: 0.849
[2022-09-18T15:22:26.220938+0800]-[INFO] train_recursion_math23k.py-train_solver-65: [finish train solver]
