[2022-10-07T11:46:57.621272+0800]-[INFO] train_mawps.py-main-75: log_text: log:bert, mawps
[2022-10-07T11:47:29.857336+0800]-[INFO] math_trainer.py-train_one_epoch-157: epoch: 0, loss-ave: 13.373963173909402, mAcc: 0.012594680077204453
[2022-10-07T11:47:50.115350+0800]-[INFO] math_trainer.py-train_one_epoch-157: epoch: 1, loss-ave: 1.6443601536690888, mAcc: 0.6427762509889938
[2022-10-07T11:48:10.360855+0800]-[INFO] math_trainer.py-train_one_epoch-157: epoch: 2, loss-ave: 0.7480191660286793, mAcc: 0.7906962423468354
[2022-10-07T11:48:29.640279+0800]-[INFO] math_trainer.py-train_one_epoch-157: epoch: 3, loss-ave: 0.7174628166547373, mAcc: 0.8446605304377762
[2022-10-07T11:48:48.944512+0800]-[INFO] math_trainer.py-train_one_epoch-157: epoch: 4, loss-ave: 0.5247644012672218, mAcc: 0.8925893360645927
[2022-10-07T11:49:08.101625+0800]-[INFO] math_trainer.py-train_one_epoch-157: epoch: 5, loss-ave: 0.7098042838668553, mAcc: 0.8867276778173208
[2022-10-07T11:49:08.102342+0800]-[INFO] math_trainer.py-train-109: [evaluate test-data]
[2022-10-07T11:49:33.584035+0800]-[INFO] math_trainer.py-evaluate-229: epoch: 5 answer-mAcc: 0.7657430730478589
[2022-10-07T11:49:49.138503+0800]-[INFO] math_trainer.py-train_one_epoch-157: epoch: 6, loss-ave: 0.5274519874040393, mAcc: 0.9214683642339467
[2022-10-07T11:50:04.821901+0800]-[INFO] math_trainer.py-train_one_epoch-157: epoch: 7, loss-ave: 0.4286745089555543, mAcc: 0.9319331810702032
[2022-10-07T11:50:20.528141+0800]-[INFO] math_trainer.py-train_one_epoch-157: epoch: 8, loss-ave: 0.46752425436990513, mAcc: 0.9359045792464635
[2022-10-07T11:50:35.994004+0800]-[INFO] math_trainer.py-train_one_epoch-157: epoch: 9, loss-ave: 0.46968037116367034, mAcc: 0.9390005103906794
[2022-10-07T11:50:51.351443+0800]-[INFO] math_trainer.py-train_one_epoch-157: epoch: 10, loss-ave: 0.41452917853799115, mAcc: 0.9483612494253034
[2022-10-07T11:50:51.351872+0800]-[INFO] math_trainer.py-train-109: [evaluate test-data]
[2022-10-07T11:51:17.793299+0800]-[INFO] math_trainer.py-evaluate-229: epoch: 10 answer-mAcc: 0.7858942065491183
[2022-10-07T11:51:32.985612+0800]-[INFO] math_trainer.py-train_one_epoch-157: epoch: 11, loss-ave: 0.40440271660040866, mAcc: 0.9541085197697932
[2022-10-07T11:51:48.568408+0800]-[INFO] math_trainer.py-train_one_epoch-157: epoch: 12, loss-ave: 0.40985148907440183, mAcc: 0.9553396051852547
[2022-10-07T11:52:07.503053+0800]-[INFO] math_trainer.py-train_one_epoch-157: epoch: 13, loss-ave: 0.5305048723249689, mAcc: 0.9474349537087445
[2022-10-07T11:52:26.429154+0800]-[INFO] math_trainer.py-train_one_epoch-157: epoch: 14, loss-ave: 0.4962126193064278, mAcc: 0.9523591510015517
[2022-10-07T11:52:45.494977+0800]-[INFO] math_trainer.py-train_one_epoch-157: epoch: 15, loss-ave: 0.37221014513382594, mAcc: 0.9567054564030326
[2022-10-07T11:52:45.495602+0800]-[INFO] math_trainer.py-train-109: [evaluate test-data]
[2022-10-07T11:53:12.665512+0800]-[INFO] math_trainer.py-evaluate-229: epoch: 15 answer-mAcc: 0.8161209068010076
[2022-10-07T11:53:30.042490+0800]-[INFO] math_trainer.py-train_one_epoch-157: epoch: 16, loss-ave: 0.16623897482569377, mAcc: 0.9729277886937012
[2022-10-07T11:53:49.044723+0800]-[INFO] math_trainer.py-train_one_epoch-157: epoch: 17, loss-ave: 0.058050539471019215, mAcc: 0.9853797704730202
[2022-10-07T11:54:08.024404+0800]-[INFO] math_trainer.py-train_one_epoch-157: epoch: 18, loss-ave: 0.0627607838581314, mAcc: 0.9854726276206012
[2022-10-07T11:54:26.893289+0800]-[INFO] math_trainer.py-train_one_epoch-157: epoch: 19, loss-ave: 0.05599750385809972, mAcc: 0.9855211329220528
[2022-10-07T11:54:45.776128+0800]-[INFO] math_trainer.py-train_one_epoch-157: epoch: 20, loss-ave: 0.04128106086765417, mAcc: 0.9888916482877492
[2022-10-07T11:54:45.776607+0800]-[INFO] math_trainer.py-train-109: [evaluate test-data]
[2022-10-07T11:55:12.401395+0800]-[INFO] math_trainer.py-evaluate-229: epoch: 20 answer-mAcc: 0.8816120906801007
[2022-10-07T11:55:27.670910+0800]-[INFO] math_trainer.py-train_one_epoch-157: epoch: 21, loss-ave: 0.04565049590435857, mAcc: 0.9881260772446292
[2022-10-07T11:55:42.908673+0800]-[INFO] math_trainer.py-train_one_epoch-157: epoch: 22, loss-ave: 0.047550566984111226, mAcc: 0.9884202132872002
[2022-10-07T11:55:58.122139+0800]-[INFO] math_trainer.py-train_one_epoch-157: epoch: 23, loss-ave: 0.06120834486076014, mAcc: 0.9863274708465116
[2022-10-07T11:56:13.412106+0800]-[INFO] math_trainer.py-train_one_epoch-157: epoch: 24, loss-ave: 0.09678981544965239, mAcc: 0.9837531090980798
[2022-10-07T11:56:28.665315+0800]-[INFO] math_trainer.py-train_one_epoch-157: epoch: 25, loss-ave: 0.08398568398546896, mAcc: 0.9833131162964519
[2022-10-07T11:56:28.665720+0800]-[INFO] math_trainer.py-train-109: [evaluate test-data]
[2022-10-07T11:56:54.592534+0800]-[INFO] math_trainer.py-evaluate-229: epoch: 25 answer-mAcc: 0.8816120906801007
[2022-10-07T11:57:09.977925+0800]-[INFO] math_trainer.py-train_one_epoch-157: epoch: 26, loss-ave: 0.07019148239619175, mAcc: 0.9880856742810964
[2022-10-07T11:57:25.359186+0800]-[INFO] math_trainer.py-train_one_epoch-157: epoch: 27, loss-ave: 0.045049060437378476, mAcc: 0.9899113477774002
[2022-10-07T11:57:40.809876+0800]-[INFO] math_trainer.py-train_one_epoch-157: epoch: 28, loss-ave: 0.02925414294205055, mAcc: 0.9921683959625475
[2022-10-07T11:57:56.244358+0800]-[INFO] math_trainer.py-train_one_epoch-157: epoch: 29, loss-ave: 0.025145460849059085, mAcc: 0.9920356896654445
[2022-10-07T11:58:11.509932+0800]-[INFO] math_trainer.py-train_one_epoch-157: epoch: 30, loss-ave: 0.02720683131231376, mAcc: 0.9926546207025423
[2022-10-07T11:58:11.510326+0800]-[INFO] math_trainer.py-train-109: [evaluate test-data]
[2022-10-07T11:58:42.197106+0800]-[INFO] math_trainer.py-evaluate-229: epoch: 30 answer-mAcc: 0.8816120906801007
[2022-10-07T11:58:57.466604+0800]-[INFO] math_trainer.py-train_one_epoch-157: epoch: 31, loss-ave: 0.024187011810270394, mAcc: 0.9925753686895322
[2022-10-07T11:59:12.651146+0800]-[INFO] math_trainer.py-train_one_epoch-157: epoch: 32, loss-ave: 0.02358648207821067, mAcc: 0.9944207350812365
[2022-10-07T11:59:27.886615+0800]-[INFO] math_trainer.py-train_one_epoch-157: epoch: 33, loss-ave: 0.02440338738042396, mAcc: 0.9923118272019391
[2022-10-07T11:59:43.197798+0800]-[INFO] math_trainer.py-train_one_epoch-157: epoch: 34, loss-ave: 0.020624956776812187, mAcc: 0.993330819822436
[2022-10-07T11:59:58.540285+0800]-[INFO] math_trainer.py-train_one_epoch-157: epoch: 35, loss-ave: 0.02316469912825916, mAcc: 0.9942598768215084
[2022-10-07T11:59:58.540664+0800]-[INFO] math_trainer.py-train-109: [evaluate test-data]
[2022-10-07T12:00:26.439584+0800]-[INFO] math_trainer.py-evaluate-229: epoch: 35 answer-mAcc: 0.8816120906801007
[2022-10-07T12:00:41.625967+0800]-[INFO] math_trainer.py-train_one_epoch-157: epoch: 36, loss-ave: 0.016296526157930202, mAcc: 0.9947652115893724
[2022-10-07T12:00:58.221088+0800]-[INFO] math_trainer.py-train_one_epoch-157: epoch: 37, loss-ave: 0.014021440573858983, mAcc: 0.9955418616083999
[2022-10-07T12:01:17.098398+0800]-[INFO] math_trainer.py-train_one_epoch-157: epoch: 38, loss-ave: 0.014266542757018238, mAcc: 0.9947265359624546
[2022-10-07T12:01:36.009591+0800]-[INFO] math_trainer.py-train_one_epoch-157: epoch: 39, loss-ave: 0.019548375362157103, mAcc: 0.9943390192098953
[2022-10-07T12:01:57.813729+0800]-[INFO] math_trainer.py-train_one_epoch-157: epoch: 40, loss-ave: 0.016083074154026853, mAcc: 0.9946519972091943
[2022-10-07T12:01:57.814529+0800]-[INFO] math_trainer.py-train-109: [evaluate test-data]
[2022-10-07T12:02:26.630059+0800]-[INFO] math_trainer.py-evaluate-229: epoch: 40 answer-mAcc: 0.8942065491183879
[2022-10-07T12:02:41.856682+0800]-[INFO] math_trainer.py-train_one_epoch-157: epoch: 41, loss-ave: 0.019774264829853318, mAcc: 0.9946394640596667
[2022-10-07T12:02:57.137745+0800]-[INFO] math_trainer.py-train_one_epoch-157: epoch: 42, loss-ave: 0.014921633499961019, mAcc: 0.9953384743863015
[2022-10-07T12:03:12.341189+0800]-[INFO] math_trainer.py-train_one_epoch-157: epoch: 43, loss-ave: 0.014777624035101536, mAcc: 0.995337963104248
[2022-10-07T12:03:31.160994+0800]-[INFO] math_trainer.py-train_one_epoch-157: epoch: 44, loss-ave: 0.01618517023436353, mAcc: 0.9945364420737454
[2022-10-07T12:03:50.176278+0800]-[INFO] math_trainer.py-train_one_epoch-157: epoch: 45, loss-ave: 0.017914241994699136, mAcc: 0.9951086619391514
[2022-10-07T12:03:50.176964+0800]-[INFO] math_trainer.py-train-109: [evaluate test-data]
[2022-10-07T12:04:17.627398+0800]-[INFO] math_trainer.py-evaluate-229: epoch: 45 answer-mAcc: 0.8967254408060453
[2022-10-07T12:04:32.795453+0800]-[INFO] math_trainer.py-train_one_epoch-157: epoch: 46, loss-ave: 0.021936824583543003, mAcc: 0.9955516277845181
[2022-10-07T12:04:47.942218+0800]-[INFO] math_trainer.py-train_one_epoch-157: epoch: 47, loss-ave: 0.011008748750269597, mAcc: 0.9965377219358281
[2022-10-07T12:05:03.124827+0800]-[INFO] math_trainer.py-train_one_epoch-157: epoch: 48, loss-ave: 0.009763258452187128, mAcc: 0.9962712148925168
[2022-10-07T12:05:18.304552+0800]-[INFO] math_trainer.py-train_one_epoch-157: epoch: 49, loss-ave: 0.012182751428321098, mAcc: 0.9964804882979273
[2022-10-07T12:05:33.514042+0800]-[INFO] math_trainer.py-train_one_epoch-157: epoch: 50, loss-ave: 0.013132249102179446, mAcc: 0.9958038357035
[2022-10-07T12:05:33.514437+0800]-[INFO] math_trainer.py-train-109: [evaluate test-data]
[2022-10-07T12:06:02.991290+0800]-[INFO] math_trainer.py-evaluate-229: epoch: 50 answer-mAcc: 0.889168765743073
[2022-10-07T12:06:18.181394+0800]-[INFO] math_trainer.py-train_one_epoch-157: epoch: 51, loss-ave: 0.011630223556182675, mAcc: 0.9960100153582779
[2022-10-07T12:06:33.626862+0800]-[INFO] math_trainer.py-train_one_epoch-157: epoch: 52, loss-ave: 0.010412737678507256, mAcc: 0.9965233659025413
[2022-10-07T12:06:49.018689+0800]-[INFO] math_trainer.py-train_one_epoch-157: epoch: 53, loss-ave: 0.009522433811962881, mAcc: 0.996816765722917
[2022-10-07T12:07:04.337999+0800]-[INFO] math_trainer.py-train_one_epoch-157: epoch: 54, loss-ave: 0.009413758919558047, mAcc: 0.9970574363991244
[2022-10-07T12:07:19.527466+0800]-[INFO] math_trainer.py-train_one_epoch-157: epoch: 55, loss-ave: 0.010832151076751995, mAcc: 0.9959987464861654
[2022-10-07T12:07:19.527952+0800]-[INFO] math_trainer.py-train-109: [evaluate test-data]
[2022-10-07T12:07:50.434767+0800]-[INFO] math_trainer.py-evaluate-229: epoch: 55 answer-mAcc: 0.889168765743073
[2022-10-07T12:08:05.848683+0800]-[INFO] math_trainer.py-train_one_epoch-157: epoch: 56, loss-ave: 0.009385429642580633, mAcc: 0.9973785832299659
[2022-10-07T12:08:21.053326+0800]-[INFO] math_trainer.py-train_one_epoch-157: epoch: 57, loss-ave: 0.007758295733396354, mAcc: 0.9972661035743791
[2022-10-07T12:08:36.222420+0800]-[INFO] math_trainer.py-train_one_epoch-157: epoch: 58, loss-ave: 0.008510128785296408, mAcc: 0.9969261480336213
[2022-10-07T12:08:51.415599+0800]-[INFO] math_trainer.py-train_one_epoch-157: epoch: 59, loss-ave: 0.007343513569397554, mAcc: 0.9973918430170222
[2022-10-07T12:09:06.564266+0800]-[INFO] math_trainer.py-train_one_epoch-157: epoch: 60, loss-ave: 0.009499007543910747, mAcc: 0.9965193172795089
[2022-10-07T12:09:06.564638+0800]-[INFO] math_trainer.py-train-109: [evaluate test-data]
[2022-10-07T12:09:34.754634+0800]-[INFO] math_trainer.py-evaluate-229: epoch: 60 answer-mAcc: 0.8992443324937027
[2022-10-07T12:09:49.951571+0800]-[INFO] math_trainer.py-train_one_epoch-157: epoch: 61, loss-ave: 0.009026576145767087, mAcc: 0.996956725515912
[2022-10-07T12:10:05.103354+0800]-[INFO] math_trainer.py-train_one_epoch-157: epoch: 62, loss-ave: 0.007150898084404674, mAcc: 0.9966076402807954
[2022-10-07T12:10:20.260549+0800]-[INFO] math_trainer.py-train_one_epoch-157: epoch: 63, loss-ave: 0.009242596044637036, mAcc: 0.9973945572747657
[2022-10-07T12:10:35.456533+0800]-[INFO] math_trainer.py-train_one_epoch-157: epoch: 64, loss-ave: 0.008298725278410557, mAcc: 0.9968958323325344
[2022-10-07T12:10:50.651966+0800]-[INFO] math_trainer.py-train_one_epoch-157: epoch: 65, loss-ave: 0.0060417678404423416, mAcc: 0.9981428501594006
[2022-10-07T12:10:50.652363+0800]-[INFO] math_trainer.py-train-109: [evaluate test-data]
[2022-10-07T12:11:17.984069+0800]-[INFO] math_trainer.py-evaluate-229: epoch: 65 answer-mAcc: 0.9017632241813602
[2022-10-07T12:11:33.237247+0800]-[INFO] math_trainer.py-train_one_epoch-157: epoch: 66, loss-ave: 0.0068624844584863655, mAcc: 0.9969058381253152
[2022-10-07T12:11:48.407381+0800]-[INFO] math_trainer.py-train_one_epoch-157: epoch: 67, loss-ave: 0.005777756352943559, mAcc: 0.9970942915384494
[2022-10-07T12:12:03.582666+0800]-[INFO] math_trainer.py-train_one_epoch-157: epoch: 68, loss-ave: 0.0067061473383336736, mAcc: 0.9971232971354346
[2022-10-07T12:12:18.802456+0800]-[INFO] math_trainer.py-train_one_epoch-157: epoch: 69, loss-ave: 0.006687442487516855, mAcc: 0.9970153932595373
[2022-10-07T12:12:33.976485+0800]-[INFO] math_trainer.py-train_one_epoch-157: epoch: 70, loss-ave: 0.006066203631514938, mAcc: 0.9975804866258823
[2022-10-07T12:12:33.976882+0800]-[INFO] math_trainer.py-train-109: [evaluate test-data]
[2022-10-07T12:13:02.383110+0800]-[INFO] math_trainer.py-evaluate-229: epoch: 70 answer-mAcc: 0.8942065491183879
[2022-10-07T12:13:17.573732+0800]-[INFO] math_trainer.py-train_one_epoch-157: epoch: 71, loss-ave: 0.006583987949195615, mAcc: 0.9972231921239115
[2022-10-07T12:13:32.613531+0800]-[INFO] math_trainer.py-train_one_epoch-157: epoch: 72, loss-ave: 0.007696467084389212, mAcc: 0.9967102953537026
[2022-10-07T12:13:47.626917+0800]-[INFO] math_trainer.py-train_one_epoch-157: epoch: 73, loss-ave: 0.005884538340029127, mAcc: 0.9970916003438096
[2022-10-07T12:14:02.625389+0800]-[INFO] math_trainer.py-train_one_epoch-157: epoch: 74, loss-ave: 0.0046713476574476945, mAcc: 0.9981860883870916
[2022-10-07T12:14:17.682779+0800]-[INFO] math_trainer.py-train_one_epoch-157: epoch: 75, loss-ave: 0.00656495480467956, mAcc: 0.9970897352276136
[2022-10-07T12:14:17.683195+0800]-[INFO] math_trainer.py-train-109: [evaluate test-data]
[2022-10-07T12:14:45.975745+0800]-[INFO] math_trainer.py-evaluate-229: epoch: 75 answer-mAcc: 0.8942065491183879
[2022-10-07T12:15:01.002576+0800]-[INFO] math_trainer.py-train_one_epoch-157: epoch: 76, loss-ave: 0.005287064379091585, mAcc: 0.9975880540196022
[2022-10-07T12:15:01.003041+0800]-[INFO] math_trainer.py-train-109: [evaluate test-data]
[2022-10-07T12:15:28.697656+0800]-[INFO] math_trainer.py-evaluate-229: epoch: 76 answer-mAcc: 0.8916876574307305
[2022-10-07T12:15:43.716653+0800]-[INFO] math_trainer.py-train_one_epoch-157: epoch: 77, loss-ave: 0.00629295179621888, mAcc: 0.9972296261308181
[2022-10-07T12:15:43.717003+0800]-[INFO] math_trainer.py-train-109: [evaluate test-data]
[2022-10-07T12:16:11.477473+0800]-[INFO] math_trainer.py-evaluate-229: epoch: 77 answer-mAcc: 0.8942065491183879
[2022-10-07T12:16:26.529109+0800]-[INFO] math_trainer.py-train_one_epoch-157: epoch: 78, loss-ave: 0.006861024782025922, mAcc: 0.9971972449341012
[2022-10-07T12:16:26.529502+0800]-[INFO] math_trainer.py-train-109: [evaluate test-data]
[2022-10-07T12:16:54.107743+0800]-[INFO] math_trainer.py-evaluate-229: epoch: 78 answer-mAcc: 0.8992443324937027
[2022-10-07T12:17:09.124743+0800]-[INFO] math_trainer.py-train_one_epoch-157: epoch: 79, loss-ave: 0.006356645058029121, mAcc: 0.9976295065041163
[2022-10-07T12:17:09.125248+0800]-[INFO] math_trainer.py-train-109: [evaluate test-data]
[2022-10-07T12:17:36.976304+0800]-[INFO] math_trainer.py-evaluate-229: epoch: 79 answer-mAcc: 0.8942065491183879
[2022-10-07T12:17:37.520686+0800]-[INFO] train_mawps.py-train_solver-66: [finish train solver]
[2022-10-07T12:17:37.520883+0800]-[INFO] train_mawps.py-train_solver-67: best test acc: 0.8942065491183879
[2022-10-07T12:18:07.084438+0800]-[INFO] math_trainer.py-train_one_epoch-157: epoch: 0, loss-ave: 16.846387791274182, mAcc: 0.0007243382852131398
[2022-10-07T12:18:26.140488+0800]-[INFO] math_trainer.py-train_one_epoch-157: epoch: 1, loss-ave: 1.7504112999043873, mAcc: 0.6126323981800271
[2022-10-07T12:18:45.273228+0800]-[INFO] math_trainer.py-train_one_epoch-157: epoch: 2, loss-ave: 0.8572674625782511, mAcc: 0.7779043565443413
[2022-10-07T12:19:04.358656+0800]-[INFO] math_trainer.py-train_one_epoch-157: epoch: 3, loss-ave: 0.6789077483679182, mAcc: 0.8352097850948123
[2022-10-07T12:19:23.447136+0800]-[INFO] math_trainer.py-train_one_epoch-157: epoch: 4, loss-ave: 0.6476343725269763, mAcc: 0.8653293982822092
[2022-10-07T12:19:42.484544+0800]-[INFO] math_trainer.py-train_one_epoch-157: epoch: 5, loss-ave: 0.585870804442982, mAcc: 0.8954075811496333
[2022-10-07T12:19:42.485190+0800]-[INFO] math_trainer.py-train-109: [evaluate test-data]
[2022-10-07T12:20:06.918266+0800]-[INFO] math_trainer.py-evaluate-229: epoch: 5 answer-mAcc: 0.7884130982367759
[2022-10-07T12:20:22.237610+0800]-[INFO] math_trainer.py-train_one_epoch-157: epoch: 6, loss-ave: 0.5995770041156916, mAcc: 0.9101341276911635
[2022-10-07T12:20:37.568320+0800]-[INFO] math_trainer.py-train_one_epoch-157: epoch: 7, loss-ave: 0.42077784929377726, mAcc: 0.9353602315912295
[2022-10-07T12:20:52.884678+0800]-[INFO] math_trainer.py-train_one_epoch-157: epoch: 8, loss-ave: 0.3467034565380788, mAcc: 0.9439718962913781
[2022-10-07T12:21:08.222053+0800]-[INFO] math_trainer.py-train_one_epoch-157: epoch: 9, loss-ave: 0.40223270162925984, mAcc: 0.9459185405592223
[2022-10-07T12:21:23.586167+0800]-[INFO] math_trainer.py-train_one_epoch-157: epoch: 10, loss-ave: 0.5495821309472486, mAcc: 0.9367925722395355
[2022-10-07T12:21:23.586544+0800]-[INFO] math_trainer.py-train-109: [evaluate test-data]
[2022-10-07T12:21:46.784412+0800]-[INFO] math_trainer.py-evaluate-229: epoch: 10 answer-mAcc: 0.783375314861461
[2022-10-07T12:22:02.131160+0800]-[INFO] math_trainer.py-train_one_epoch-157: epoch: 11, loss-ave: 0.5568302560733086, mAcc: 0.9400492918551268
[2022-10-07T12:22:17.470041+0800]-[INFO] math_trainer.py-train_one_epoch-157: epoch: 12, loss-ave: 0.3360727598477359, mAcc: 0.9548779498392613
[2022-10-07T12:22:32.784793+0800]-[INFO] math_trainer.py-train_one_epoch-157: epoch: 13, loss-ave: 0.3635855901757625, mAcc: 0.9598124045223447
[2022-10-07T12:22:48.107613+0800]-[INFO] math_trainer.py-train_one_epoch-157: epoch: 14, loss-ave: 0.3867697886296024, mAcc: 0.9563468724638973
[2022-10-07T12:23:03.414136+0800]-[INFO] math_trainer.py-train_one_epoch-157: epoch: 15, loss-ave: 0.4758221112783918, mAcc: 0.9559195838381896
[2022-10-07T12:23:03.414566+0800]-[INFO] math_trainer.py-train-109: [evaluate test-data]
[2022-10-07T12:23:31.309928+0800]-[INFO] math_trainer.py-evaluate-229: epoch: 15 answer-mAcc: 0.8564231738035264
[2022-10-07T12:23:46.586321+0800]-[INFO] math_trainer.py-train_one_epoch-157: epoch: 16, loss-ave: 0.19637916081498116, mAcc: 0.9744518881467119
[2022-10-07T12:24:01.927955+0800]-[INFO] math_trainer.py-train_one_epoch-157: epoch: 17, loss-ave: 0.0722865097418092, mAcc: 0.9841124340517438
[2022-10-07T12:24:17.241669+0800]-[INFO] math_trainer.py-train_one_epoch-157: epoch: 18, loss-ave: 0.05697344811660834, mAcc: 0.9866255950089076
[2022-10-07T12:24:32.565439+0800]-[INFO] math_trainer.py-train_one_epoch-157: epoch: 19, loss-ave: 0.054773395822090454, mAcc: 0.9865006220400633
[2022-10-07T12:24:47.857993+0800]-[INFO] math_trainer.py-train_one_epoch-157: epoch: 20, loss-ave: 0.06400689433292601, mAcc: 0.9868584457953372
[2022-10-07T12:24:47.858478+0800]-[INFO] math_trainer.py-train-109: [evaluate test-data]
[2022-10-07T12:25:15.696565+0800]-[INFO] math_trainer.py-evaluate-229: epoch: 20 answer-mAcc: 0.8942065491183879
[2022-10-07T12:25:31.027230+0800]-[INFO] math_trainer.py-train_one_epoch-157: epoch: 21, loss-ave: 0.06307053578801508, mAcc: 0.9878013622221635
[2022-10-07T12:25:46.351616+0800]-[INFO] math_trainer.py-train_one_epoch-157: epoch: 22, loss-ave: 0.034273016960716045, mAcc: 0.9902545468292044
[2022-10-07T12:26:01.654305+0800]-[INFO] math_trainer.py-train_one_epoch-157: epoch: 23, loss-ave: 0.056540069197462205, mAcc: 0.9892781823124718
[2022-10-07T12:26:16.961299+0800]-[INFO] math_trainer.py-train_one_epoch-157: epoch: 24, loss-ave: 0.09038737499610074, mAcc: 0.9849296203210726
[2022-10-07T12:26:32.237725+0800]-[INFO] math_trainer.py-train_one_epoch-157: epoch: 25, loss-ave: 0.13293902934456858, mAcc: 0.9826615195178506
[2022-10-07T12:26:32.238098+0800]-[INFO] math_trainer.py-train-109: [evaluate test-data]
[2022-10-07T12:26:58.644861+0800]-[INFO] math_trainer.py-evaluate-229: epoch: 25 answer-mAcc: 0.8513853904282116
[2022-10-07T12:27:13.894839+0800]-[INFO] math_trainer.py-train_one_epoch-157: epoch: 26, loss-ave: 0.07233241421676413, mAcc: 0.9876305083533627
[2022-10-07T12:27:29.135101+0800]-[INFO] math_trainer.py-train_one_epoch-157: epoch: 27, loss-ave: 0.02677784295296325, mAcc: 0.9917177653791917
[2022-10-07T12:27:44.347375+0800]-[INFO] math_trainer.py-train_one_epoch-157: epoch: 28, loss-ave: 0.033079278476412836, mAcc: 0.9909119237607448
[2022-10-07T12:27:59.562811+0800]-[INFO] math_trainer.py-train_one_epoch-157: epoch: 29, loss-ave: 0.027444088068466443, mAcc: 0.9913766641712668
[2022-10-07T12:28:14.782455+0800]-[INFO] math_trainer.py-train_one_epoch-157: epoch: 30, loss-ave: 0.025295966802122025, mAcc: 0.9924380476750321
[2022-10-07T12:28:14.782846+0800]-[INFO] math_trainer.py-train-109: [evaluate test-data]
[2022-10-07T12:28:42.915444+0800]-[INFO] math_trainer.py-evaluate-229: epoch: 30 answer-mAcc: 0.9093198992443325
[2022-10-07T12:28:58.129487+0800]-[INFO] math_trainer.py-train_one_epoch-157: epoch: 31, loss-ave: 0.030218887830226516, mAcc: 0.9918176429954606
[2022-10-07T12:29:13.335167+0800]-[INFO] math_trainer.py-train_one_epoch-157: epoch: 32, loss-ave: 0.023683321271406686, mAcc: 0.9936849097510678
[2022-10-07T12:29:28.548250+0800]-[INFO] math_trainer.py-train_one_epoch-157: epoch: 33, loss-ave: 0.03136676237362959, mAcc: 0.9922944825498303
[2022-10-07T12:29:43.766212+0800]-[INFO] math_trainer.py-train_one_epoch-157: epoch: 34, loss-ave: 0.08173367395299543, mAcc: 0.9885800148374472
[2022-10-07T12:29:59.000048+0800]-[INFO] math_trainer.py-train_one_epoch-157: epoch: 35, loss-ave: 0.05375856529718846, mAcc: 0.9901106734970706
[2022-10-07T12:29:59.000590+0800]-[INFO] math_trainer.py-train-109: [evaluate test-data]
[2022-10-07T12:30:26.466706+0800]-[INFO] math_trainer.py-evaluate-229: epoch: 35 answer-mAcc: 0.8866498740554156
[2022-10-07T12:30:41.656948+0800]-[INFO] math_trainer.py-train_one_epoch-157: epoch: 36, loss-ave: 0.03061671511792366, mAcc: 0.9930172925019384
[2022-10-07T12:30:56.914458+0800]-[INFO] math_trainer.py-train_one_epoch-157: epoch: 37, loss-ave: 0.01615590575546497, mAcc: 0.993766291357165
[2022-10-07T12:31:12.144562+0800]-[INFO] math_trainer.py-train_one_epoch-157: epoch: 38, loss-ave: 0.017035860092528995, mAcc: 0.9948268382992577
[2022-10-07T12:31:27.350055+0800]-[INFO] math_trainer.py-train_one_epoch-157: epoch: 39, loss-ave: 0.01613081900883764, mAcc: 0.994201137791926
[2022-10-07T12:31:42.617979+0800]-[INFO] math_trainer.py-train_one_epoch-157: epoch: 40, loss-ave: 0.016829629571153172, mAcc: 0.9957649129718992
[2022-10-07T12:31:42.618350+0800]-[INFO] math_trainer.py-train-109: [evaluate test-data]
[2022-10-07T12:32:09.851056+0800]-[INFO] math_trainer.py-evaluate-229: epoch: 40 answer-mAcc: 0.906801007556675
[2022-10-07T12:32:25.130841+0800]-[INFO] math_trainer.py-train_one_epoch-157: epoch: 41, loss-ave: 0.015801254402260757, mAcc: 0.9955288225681937
[2022-10-07T12:32:40.405426+0800]-[INFO] math_trainer.py-train_one_epoch-157: epoch: 42, loss-ave: 0.016867359198178163, mAcc: 0.9950329697311823
[2022-10-07T12:32:55.673431+0800]-[INFO] math_trainer.py-train_one_epoch-157: epoch: 43, loss-ave: 0.015750231866689286, mAcc: 0.9951750627115145
[2022-10-07T12:33:10.948938+0800]-[INFO] math_trainer.py-train_one_epoch-157: epoch: 44, loss-ave: 0.013500753227615394, mAcc: 0.9947821950193626
[2022-10-07T12:33:26.207426+0800]-[INFO] math_trainer.py-train_one_epoch-157: epoch: 45, loss-ave: 0.02036011409019701, mAcc: 0.994548114699934
[2022-10-07T12:33:26.207825+0800]-[INFO] math_trainer.py-train-109: [evaluate test-data]
[2022-10-07T12:33:54.679440+0800]-[INFO] math_trainer.py-evaluate-229: epoch: 45 answer-mAcc: 0.9093198992443325
[2022-10-07T12:34:09.909935+0800]-[INFO] math_trainer.py-train_one_epoch-157: epoch: 46, loss-ave: 0.02027184880410176, mAcc: 0.9953648444995209
[2022-10-07T12:34:25.138539+0800]-[INFO] math_trainer.py-train_one_epoch-157: epoch: 47, loss-ave: 0.012028323125359085, mAcc: 0.9956658293853453
[2022-10-07T12:34:40.377444+0800]-[INFO] math_trainer.py-train_one_epoch-157: epoch: 48, loss-ave: 0.013861252744250558, mAcc: 0.9952757005116448
[2022-10-07T12:34:55.593611+0800]-[INFO] math_trainer.py-train_one_epoch-157: epoch: 49, loss-ave: 0.01305752497232754, mAcc: 0.9959606378521751
[2022-10-07T12:35:10.869822+0800]-[INFO] math_trainer.py-train_one_epoch-157: epoch: 50, loss-ave: 0.01167124873566321, mAcc: 0.9962846825470277
[2022-10-07T12:35:10.870327+0800]-[INFO] math_trainer.py-train-109: [evaluate test-data]
[2022-10-07T12:35:39.177841+0800]-[INFO] math_trainer.py-evaluate-229: epoch: 50 answer-mAcc: 0.906801007556675
[2022-10-07T12:35:54.422602+0800]-[INFO] math_trainer.py-train_one_epoch-157: epoch: 51, loss-ave: 0.009145774260378605, mAcc: 0.9966157989286298
[2022-10-07T12:36:09.654860+0800]-[INFO] math_trainer.py-train_one_epoch-157: epoch: 52, loss-ave: 0.011588231276022471, mAcc: 0.9958119685925431
[2022-10-07T12:36:24.899902+0800]-[INFO] math_trainer.py-train_one_epoch-157: epoch: 53, loss-ave: 0.011584475320694195, mAcc: 0.9969920465095559
[2022-10-07T12:36:40.079508+0800]-[INFO] math_trainer.py-train_one_epoch-157: epoch: 54, loss-ave: 0.014742398593913053, mAcc: 0.996301281092754
[2022-10-07T12:36:55.321793+0800]-[INFO] math_trainer.py-train_one_epoch-157: epoch: 55, loss-ave: 0.009888407030346333, mAcc: 0.9963897556515794
[2022-10-07T12:36:55.322164+0800]-[INFO] math_trainer.py-train-109: [evaluate test-data]
[2022-10-07T12:37:23.567096+0800]-[INFO] math_trainer.py-evaluate-229: epoch: 55 answer-mAcc: 0.9118387909319899
[2022-10-07T12:37:38.830670+0800]-[INFO] math_trainer.py-train_one_epoch-157: epoch: 56, loss-ave: 0.008442959257333894, mAcc: 0.9970919070531375
[2022-10-07T12:37:54.058894+0800]-[INFO] math_trainer.py-train_one_epoch-157: epoch: 57, loss-ave: 0.008570700517603214, mAcc: 0.9970374616546247
[2022-10-07T12:38:09.298256+0800]-[INFO] math_trainer.py-train_one_epoch-157: epoch: 58, loss-ave: 0.009171452062207035, mAcc: 0.9960013415346194
[2022-10-07T12:38:24.569872+0800]-[INFO] math_trainer.py-train_one_epoch-157: epoch: 59, loss-ave: 0.008799053425837568, mAcc: 0.9976124961172516
[2022-10-07T12:38:39.822130+0800]-[INFO] math_trainer.py-train_one_epoch-157: epoch: 60, loss-ave: 0.008567128141641185, mAcc: 0.9970254963965871
[2022-10-07T12:38:39.822511+0800]-[INFO] math_trainer.py-train-109: [evaluate test-data]
[2022-10-07T12:39:08.316725+0800]-[INFO] math_trainer.py-evaluate-229: epoch: 60 answer-mAcc: 0.9042821158690176
[2022-10-07T12:39:23.556012+0800]-[INFO] math_trainer.py-train_one_epoch-157: epoch: 61, loss-ave: 0.006304172150154713, mAcc: 0.9977437380570263
[2022-10-07T12:39:38.800926+0800]-[INFO] math_trainer.py-train_one_epoch-157: epoch: 62, loss-ave: 0.009378201214499154, mAcc: 0.9961900094046665
[2022-10-07T12:39:54.037494+0800]-[INFO] math_trainer.py-train_one_epoch-157: epoch: 63, loss-ave: 0.00979127101955136, mAcc: 0.9970222052617289
[2022-10-07T12:40:09.263471+0800]-[INFO] math_trainer.py-train_one_epoch-157: epoch: 64, loss-ave: 0.01071719062377623, mAcc: 0.9968028559756639
[2022-10-07T12:40:24.518286+0800]-[INFO] math_trainer.py-train_one_epoch-157: epoch: 65, loss-ave: 0.00965996719096878, mAcc: 0.9971996168395383
[2022-10-07T12:40:24.518797+0800]-[INFO] math_trainer.py-train-109: [evaluate test-data]
[2022-10-07T12:40:53.030885+0800]-[INFO] math_trainer.py-evaluate-229: epoch: 65 answer-mAcc: 0.9093198992443325
[2022-10-07T12:41:08.297934+0800]-[INFO] math_trainer.py-train_one_epoch-157: epoch: 66, loss-ave: 0.006901839784894682, mAcc: 0.9972238375912958
[2022-10-07T12:41:23.543896+0800]-[INFO] math_trainer.py-train_one_epoch-157: epoch: 67, loss-ave: 0.006317021979169857, mAcc: 0.9972924191748077
[2022-10-07T12:41:38.778109+0800]-[INFO] math_trainer.py-train_one_epoch-157: epoch: 68, loss-ave: 0.006087454284884634, mAcc: 0.997142401472408
[2022-10-07T12:41:54.026257+0800]-[INFO] math_trainer.py-train_one_epoch-157: epoch: 69, loss-ave: 0.005324512083721678, mAcc: 0.9979468892567122
[2022-10-07T12:42:09.274357+0800]-[INFO] math_trainer.py-train_one_epoch-157: epoch: 70, loss-ave: 0.006203910115069072, mAcc: 0.9976771905194575
[2022-10-07T12:42:09.274768+0800]-[INFO] math_trainer.py-train-109: [evaluate test-data]
[2022-10-07T12:42:37.501327+0800]-[INFO] math_trainer.py-evaluate-229: epoch: 70 answer-mAcc: 0.8992443324937027
[2022-10-07T12:42:52.761410+0800]-[INFO] math_trainer.py-train_one_epoch-157: epoch: 71, loss-ave: 0.004722602002663503, mAcc: 0.9984747342128849
[2022-10-07T12:43:08.087755+0800]-[INFO] math_trainer.py-train_one_epoch-157: epoch: 72, loss-ave: 0.009093188342227701, mAcc: 0.9970259612529122
[2022-10-07T12:43:23.334729+0800]-[INFO] math_trainer.py-train_one_epoch-157: epoch: 73, loss-ave: 0.006908713342364499, mAcc: 0.9977147387499785
[2022-10-07T12:43:38.622612+0800]-[INFO] math_trainer.py-train_one_epoch-157: epoch: 74, loss-ave: 0.0054762975535882115, mAcc: 0.9971279513895811
[2022-10-07T12:43:53.893353+0800]-[INFO] math_trainer.py-train_one_epoch-157: epoch: 75, loss-ave: 0.006185725675845273, mAcc: 0.9974784419764227
[2022-10-07T12:43:53.893748+0800]-[INFO] math_trainer.py-train-109: [evaluate test-data]
[2022-10-07T12:44:21.908157+0800]-[INFO] math_trainer.py-evaluate-229: epoch: 75 answer-mAcc: 0.9093198992443325
[2022-10-07T12:44:37.115970+0800]-[INFO] math_trainer.py-train_one_epoch-157: epoch: 76, loss-ave: 0.00501562403925845, mAcc: 0.998163537763471
[2022-10-07T12:44:37.116407+0800]-[INFO] math_trainer.py-train-109: [evaluate test-data]
[2022-10-07T12:45:05.158501+0800]-[INFO] math_trainer.py-evaluate-229: epoch: 76 answer-mAcc: 0.9093198992443325
[2022-10-07T12:45:20.359159+0800]-[INFO] math_trainer.py-train_one_epoch-157: epoch: 77, loss-ave: 0.005190282243932255, mAcc: 0.9977431267350163
[2022-10-07T12:45:20.359662+0800]-[INFO] math_trainer.py-train-109: [evaluate test-data]
[2022-10-07T12:45:48.379568+0800]-[INFO] math_trainer.py-evaluate-229: epoch: 77 answer-mAcc: 0.9118387909319899
[2022-10-07T12:46:03.600266+0800]-[INFO] math_trainer.py-train_one_epoch-157: epoch: 78, loss-ave: 0.005923798777253674, mAcc: 0.9972793310131859
[2022-10-07T12:46:03.600646+0800]-[INFO] math_trainer.py-train-109: [evaluate test-data]
[2022-10-07T12:46:31.753652+0800]-[INFO] math_trainer.py-evaluate-229: epoch: 78 answer-mAcc: 0.9093198992443325
[2022-10-07T12:46:47.027547+0800]-[INFO] math_trainer.py-train_one_epoch-157: epoch: 79, loss-ave: 0.005456084207962555, mAcc: 0.997760591794498
[2022-10-07T12:46:47.027948+0800]-[INFO] math_trainer.py-train-109: [evaluate test-data]
[2022-10-07T12:47:15.134890+0800]-[INFO] math_trainer.py-evaluate-229: epoch: 79 answer-mAcc: 0.9093198992443325
[2022-10-07T12:47:17.378096+0800]-[INFO] train_mawps.py-train_solver-66: [finish train solver]
[2022-10-07T12:47:17.378564+0800]-[INFO] train_mawps.py-train_solver-67: best test acc: 0.9093198992443325
[2022-10-07T12:47:43.498426+0800]-[INFO] math_trainer.py-train_one_epoch-157: epoch: 0, loss-ave: 11.028529919571612, mAcc: 0.022805950028737587
[2022-10-07T12:47:58.634899+0800]-[INFO] math_trainer.py-train_one_epoch-157: epoch: 1, loss-ave: 2.3134006419074, mAcc: 0.644953011867389
[2022-10-07T12:48:13.871723+0800]-[INFO] math_trainer.py-train_one_epoch-157: epoch: 2, loss-ave: 0.778656478653002, mAcc: 0.7909594333950599
[2022-10-07T12:48:29.001239+0800]-[INFO] math_trainer.py-train_one_epoch-157: epoch: 3, loss-ave: 0.6263929626356867, mAcc: 0.8536983671499856
[2022-10-07T12:48:44.161767+0800]-[INFO] math_trainer.py-train_one_epoch-157: epoch: 4, loss-ave: 0.6456568654177327, mAcc: 0.8748444342733028
[2022-10-07T12:48:59.441816+0800]-[INFO] math_trainer.py-train_one_epoch-157: epoch: 5, loss-ave: 0.715650469973805, mAcc: 0.8861931601361414
[2022-10-07T12:48:59.442217+0800]-[INFO] math_trainer.py-train-109: [evaluate test-data]
[2022-10-07T12:49:25.553335+0800]-[INFO] math_trainer.py-evaluate-229: epoch: 5 answer-mAcc: 0.7556675062972292
[2022-10-07T12:49:40.773538+0800]-[INFO] math_trainer.py-train_one_epoch-157: epoch: 6, loss-ave: 0.5166054050105825, mAcc: 0.9202024373576869
[2022-10-07T12:49:55.938966+0800]-[INFO] math_trainer.py-train_one_epoch-157: epoch: 7, loss-ave: 0.39878285769139177, mAcc: 0.9352886865486452
[2022-10-07T12:50:11.081715+0800]-[INFO] math_trainer.py-train_one_epoch-157: epoch: 8, loss-ave: 0.5306720418794708, mAcc: 0.9296402505893803
[2022-10-07T12:50:26.210246+0800]-[INFO] math_trainer.py-train_one_epoch-157: epoch: 9, loss-ave: 0.5601387024823758, mAcc: 0.9346590048104675
[2022-10-07T12:50:41.347486+0800]-[INFO] math_trainer.py-train_one_epoch-157: epoch: 10, loss-ave: 0.33757309192714363, mAcc: 0.9554559273935442
[2022-10-07T12:50:41.348010+0800]-[INFO] math_trainer.py-train-109: [evaluate test-data]
[2022-10-07T12:51:19.734440+0800]-[INFO] math_trainer.py-evaluate-229: epoch: 10 answer-mAcc: 0.8035264483627204
[2022-10-07T12:51:34.874863+0800]-[INFO] math_trainer.py-train_one_epoch-157: epoch: 11, loss-ave: 0.3403476929869333, mAcc: 0.9556297441223758
[2022-10-07T12:51:50.011410+0800]-[INFO] math_trainer.py-train_one_epoch-157: epoch: 12, loss-ave: 0.7150427016555964, mAcc: 0.9409906441841892
[2022-10-07T12:52:05.199631+0800]-[INFO] math_trainer.py-train_one_epoch-157: epoch: 13, loss-ave: 0.7341052664775254, mAcc: 0.9377579107955473
[2022-10-07T12:52:20.368003+0800]-[INFO] math_trainer.py-train_one_epoch-157: epoch: 14, loss-ave: 0.32862200545151155, mAcc: 0.9636978788591509
[2022-10-07T12:52:35.538256+0800]-[INFO] math_trainer.py-train_one_epoch-157: epoch: 15, loss-ave: 0.5227870013234006, mAcc: 0.9541243102083254
[2022-10-07T12:52:35.538753+0800]-[INFO] math_trainer.py-train-109: [evaluate test-data]
[2022-10-07T12:53:02.666820+0800]-[INFO] math_trainer.py-evaluate-229: epoch: 15 answer-mAcc: 0.8236775818639799
[2022-10-07T12:53:17.883200+0800]-[INFO] math_trainer.py-train_one_epoch-157: epoch: 16, loss-ave: 0.1682045990226781, mAcc: 0.977744883328826
[2022-10-07T12:53:33.136518+0800]-[INFO] math_trainer.py-train_one_epoch-157: epoch: 17, loss-ave: 0.10438249523401315, mAcc: 0.9817541801749762
[2022-10-07T12:53:48.326271+0800]-[INFO] math_trainer.py-train_one_epoch-157: epoch: 18, loss-ave: 0.054825810914676074, mAcc: 0.9876135914169963
[2022-10-07T12:54:03.495860+0800]-[INFO] math_trainer.py-train_one_epoch-157: epoch: 19, loss-ave: 0.061540170806607356, mAcc: 0.9865885089390242
[2022-10-07T12:54:18.677989+0800]-[INFO] math_trainer.py-train_one_epoch-157: epoch: 20, loss-ave: 0.0549192469363937, mAcc: 0.9885495961011954
[2022-10-07T12:54:18.678376+0800]-[INFO] math_trainer.py-train-109: [evaluate test-data]
[2022-10-07T12:54:48.495503+0800]-[INFO] math_trainer.py-evaluate-229: epoch: 20 answer-mAcc: 0.853904282115869
[2022-10-07T12:55:04.681886+0800]-[INFO] math_trainer.py-train_one_epoch-157: epoch: 21, loss-ave: 0.04808573055393095, mAcc: 0.98824754012889
[2022-10-07T12:55:25.576746+0800]-[INFO] math_trainer.py-train_one_epoch-157: epoch: 22, loss-ave: 0.06047831036034698, mAcc: 0.9869974261552246
[2022-10-07T12:55:46.531789+0800]-[INFO] math_trainer.py-train_one_epoch-157: epoch: 23, loss-ave: 0.05351232982655658, mAcc: 0.9871053255383094
[2022-10-07T12:56:07.539881+0800]-[INFO] math_trainer.py-train_one_epoch-157: epoch: 24, loss-ave: 0.06315343144451252, mAcc: 0.9873289247254031
[2022-10-07T12:56:27.319315+0800]-[INFO] math_trainer.py-train_one_epoch-157: epoch: 25, loss-ave: 0.13447787046079931, mAcc: 0.9817813383274941
[2022-10-07T12:56:27.319865+0800]-[INFO] math_trainer.py-train-109: [evaluate test-data]
[2022-10-07T12:56:57.236320+0800]-[INFO] math_trainer.py-evaluate-229: epoch: 25 answer-mAcc: 0.8337531486146096
[2022-10-07T12:57:12.849647+0800]-[INFO] math_trainer.py-train_one_epoch-157: epoch: 26, loss-ave: 0.08149619035991143, mAcc: 0.9869731104553644
[2022-10-07T12:57:28.474471+0800]-[INFO] math_trainer.py-train_one_epoch-157: epoch: 27, loss-ave: 0.03833974987178888, mAcc: 0.9903900449599453
[2022-10-07T12:57:44.150393+0800]-[INFO] math_trainer.py-train_one_epoch-157: epoch: 28, loss-ave: 0.04320878194278923, mAcc: 0.9903884098757452
[2022-10-07T12:57:59.716684+0800]-[INFO] math_trainer.py-train_one_epoch-157: epoch: 29, loss-ave: 0.029158092904634912, mAcc: 0.9919290144239837
[2022-10-07T12:58:15.626822+0800]-[INFO] math_trainer.py-train_one_epoch-157: epoch: 30, loss-ave: 0.028573082302111502, mAcc: 0.9931578905738179
[2022-10-07T12:58:15.627421+0800]-[INFO] math_trainer.py-train-109: [evaluate test-data]
[2022-10-07T12:58:46.604422+0800]-[INFO] math_trainer.py-evaluate-229: epoch: 30 answer-mAcc: 0.8690176322418136
[2022-10-07T12:59:02.546185+0800]-[INFO] math_trainer.py-train_one_epoch-157: epoch: 31, loss-ave: 0.027834310865958986, mAcc: 0.9919446029854779
[2022-10-07T12:59:18.198258+0800]-[INFO] math_trainer.py-train_one_epoch-157: epoch: 32, loss-ave: 0.02985930760284495, mAcc: 0.9928314422243204
[2022-10-07T12:59:36.343448+0800]-[INFO] math_trainer.py-train_one_epoch-157: epoch: 33, loss-ave: 0.024170688441065763, mAcc: 0.9943504438328383
[2022-10-07T12:59:56.051648+0800]-[INFO] math_trainer.py-train_one_epoch-157: epoch: 34, loss-ave: 0.027599974759712622, mAcc: 0.9924477809038593
[2022-10-07T13:00:15.845204+0800]-[INFO] math_trainer.py-train_one_epoch-157: epoch: 35, loss-ave: 0.04222789398956859, mAcc: 0.9918015799929748
[2022-10-07T13:00:15.845752+0800]-[INFO] math_trainer.py-train-109: [evaluate test-data]
[2022-10-07T13:00:47.331089+0800]-[INFO] math_trainer.py-evaluate-229: epoch: 35 answer-mAcc: 0.8816120906801007
[2022-10-07T13:01:06.962119+0800]-[INFO] math_trainer.py-train_one_epoch-157: epoch: 36, loss-ave: 0.030600341113263062, mAcc: 0.9932500384560782
[2022-10-07T13:01:26.813794+0800]-[INFO] math_trainer.py-train_one_epoch-157: epoch: 37, loss-ave: 0.019249792411433854, mAcc: 0.9952165047127997
[2022-10-07T13:01:46.710978+0800]-[INFO] math_trainer.py-train_one_epoch-157: epoch: 38, loss-ave: 0.022268791876022466, mAcc: 0.9945802395068222
[2022-10-07T13:02:06.563271+0800]-[INFO] math_trainer.py-train_one_epoch-157: epoch: 39, loss-ave: 0.015353811384635886, mAcc: 0.9954999888961639
[2022-10-07T13:02:26.351245+0800]-[INFO] math_trainer.py-train_one_epoch-157: epoch: 40, loss-ave: 0.01592081293848085, mAcc: 0.9960503054024586
[2022-10-07T13:02:26.351815+0800]-[INFO] math_trainer.py-train-109: [evaluate test-data]
[2022-10-07T13:02:56.340213+0800]-[INFO] math_trainer.py-evaluate-229: epoch: 40 answer-mAcc: 0.8589420654911839
[2022-10-07T13:03:12.135988+0800]-[INFO] math_trainer.py-train_one_epoch-157: epoch: 41, loss-ave: 0.01674249262621619, mAcc: 0.9948207205863454
[2022-10-07T13:03:27.886003+0800]-[INFO] math_trainer.py-train_one_epoch-157: epoch: 42, loss-ave: 0.022251068274215698, mAcc: 0.9945741101125976
[2022-10-07T13:03:43.644956+0800]-[INFO] math_trainer.py-train_one_epoch-157: epoch: 43, loss-ave: 0.02076476685934331, mAcc: 0.9955520552007397
[2022-10-07T13:03:59.296917+0800]-[INFO] math_trainer.py-train_one_epoch-157: epoch: 44, loss-ave: 0.017112771124019235, mAcc: 0.9952309293363562
[2022-10-07T13:04:15.055752+0800]-[INFO] math_trainer.py-train_one_epoch-157: epoch: 45, loss-ave: 0.013857283557862315, mAcc: 0.9955138207680017
[2022-10-07T13:04:15.056228+0800]-[INFO] math_trainer.py-train-109: [evaluate test-data]
[2022-10-07T13:04:44.836810+0800]-[INFO] math_trainer.py-evaluate-229: epoch: 45 answer-mAcc: 0.8740554156171285
[2022-10-07T13:05:00.560751+0800]-[INFO] math_trainer.py-train_one_epoch-157: epoch: 46, loss-ave: 0.014929018824450486, mAcc: 0.9960576580397448
[2022-10-07T13:05:16.337281+0800]-[INFO] math_trainer.py-train_one_epoch-157: epoch: 47, loss-ave: 0.009283226924742566, mAcc: 0.9968434991549008
[2022-10-07T13:05:32.030012+0800]-[INFO] math_trainer.py-train_one_epoch-157: epoch: 48, loss-ave: 0.012783831025606917, mAcc: 0.9961585405483917
[2022-10-07T13:05:47.749453+0800]-[INFO] math_trainer.py-train_one_epoch-157: epoch: 49, loss-ave: 0.010994254449898409, mAcc: 0.99667038809714
[2022-10-07T13:06:03.511003+0800]-[INFO] math_trainer.py-train_one_epoch-157: epoch: 50, loss-ave: 0.011505066876238812, mAcc: 0.9966057191542046
[2022-10-07T13:06:03.511362+0800]-[INFO] math_trainer.py-train-109: [evaluate test-data]
[2022-10-07T13:06:33.017305+0800]-[INFO] math_trainer.py-evaluate-229: epoch: 50 answer-mAcc: 0.8765743073047859
[2022-10-07T13:06:48.735395+0800]-[INFO] math_trainer.py-train_one_epoch-157: epoch: 51, loss-ave: 0.011053250407528812, mAcc: 0.9965147438959859
[2022-10-07T13:07:04.920851+0800]-[INFO] math_trainer.py-train_one_epoch-157: epoch: 52, loss-ave: 0.01110234966523506, mAcc: 0.9958369198756002
[2022-10-07T13:07:24.473579+0800]-[INFO] math_trainer.py-train_one_epoch-157: epoch: 53, loss-ave: 0.017510473279475695, mAcc: 0.9964235062575221
[2022-10-07T13:07:44.082562+0800]-[INFO] math_trainer.py-train_one_epoch-157: epoch: 54, loss-ave: 0.014423773040046778, mAcc: 0.9965065717697144
[2022-10-07T13:08:03.873733+0800]-[INFO] math_trainer.py-train_one_epoch-157: epoch: 55, loss-ave: 0.011442683289818609, mAcc: 0.9966144591719661
[2022-10-07T13:08:03.874231+0800]-[INFO] math_trainer.py-train-109: [evaluate test-data]
[2022-10-07T13:08:44.573696+0800]-[INFO] math_trainer.py-evaluate-229: epoch: 55 answer-mAcc: 0.8790931989924433
[2022-10-07T13:09:01.783229+0800]-[INFO] math_trainer.py-train_one_epoch-157: epoch: 56, loss-ave: 0.007695170075059856, mAcc: 0.9976613341863431
[2022-10-07T13:09:18.364357+0800]-[INFO] math_trainer.py-train_one_epoch-157: epoch: 57, loss-ave: 0.007306929641537932, mAcc: 0.9968129120879436
[2022-10-07T13:09:38.939660+0800]-[INFO] math_trainer.py-train_one_epoch-157: epoch: 58, loss-ave: 0.008218053859743474, mAcc: 0.9970057178382299
[2022-10-07T13:09:59.941392+0800]-[INFO] math_trainer.py-train_one_epoch-157: epoch: 59, loss-ave: 0.008756469840805541, mAcc: 0.9970725840659597
[2022-10-07T13:10:21.139211+0800]-[INFO] math_trainer.py-train_one_epoch-157: epoch: 60, loss-ave: 0.006276903420172889, mAcc: 0.9972872248846083
[2022-10-07T13:10:21.139670+0800]-[INFO] math_trainer.py-train-109: [evaluate test-data]
[2022-10-07T13:11:31.663059+0800]-[INFO] math_trainer.py-evaluate-229: epoch: 60 answer-mAcc: 0.8765743073047859
[2022-10-07T13:11:52.517137+0800]-[INFO] math_trainer.py-train_one_epoch-157: epoch: 61, loss-ave: 0.007152921411848275, mAcc: 0.9971531929083206
[2022-10-07T13:12:13.763550+0800]-[INFO] math_trainer.py-train_one_epoch-157: epoch: 62, loss-ave: 0.009925873338550514, mAcc: 0.9975502541915855
[2022-10-07T13:12:34.136345+0800]-[INFO] math_trainer.py-train_one_epoch-157: epoch: 63, loss-ave: 0.010258792507913419, mAcc: 0.9970158712947788
[2022-10-07T13:12:53.196666+0800]-[INFO] math_trainer.py-train_one_epoch-157: epoch: 64, loss-ave: 0.007746877332147593, mAcc: 0.9973293629722979
[2022-10-07T13:13:14.444950+0800]-[INFO] math_trainer.py-train_one_epoch-157: epoch: 65, loss-ave: 0.0079232329191964, mAcc: 0.9976312721793975
[2022-10-07T13:13:14.445351+0800]-[INFO] math_trainer.py-train-109: [evaluate test-data]
[2022-10-07T13:14:09.149731+0800]-[INFO] math_trainer.py-evaluate-229: epoch: 65 answer-mAcc: 0.8740554156171285
[2022-10-07T13:14:25.002613+0800]-[INFO] math_trainer.py-train_one_epoch-157: epoch: 66, loss-ave: 0.005608895554618284, mAcc: 0.9985975036069975
[2022-10-07T13:14:40.829833+0800]-[INFO] math_trainer.py-train_one_epoch-157: epoch: 67, loss-ave: 0.005303120990833261, mAcc: 0.997618981042699
[2022-10-07T13:14:56.622347+0800]-[INFO] math_trainer.py-train_one_epoch-157: epoch: 68, loss-ave: 0.0063637268305184085, mAcc: 0.9976436759359274
[2022-10-07T13:15:12.420277+0800]-[INFO] math_trainer.py-train_one_epoch-157: epoch: 69, loss-ave: 0.00612409946282398, mAcc: 0.9977350920888047
[2022-10-07T13:15:28.207956+0800]-[INFO] math_trainer.py-train_one_epoch-157: epoch: 70, loss-ave: 0.0072187070931510845, mAcc: 0.9975850039990104
[2022-10-07T13:15:28.208330+0800]-[INFO] math_trainer.py-train-109: [evaluate test-data]
[2022-10-07T13:15:58.713894+0800]-[INFO] math_trainer.py-evaluate-229: epoch: 70 answer-mAcc: 0.8765743073047859
[2022-10-07T13:16:14.616018+0800]-[INFO] math_trainer.py-train_one_epoch-157: epoch: 71, loss-ave: 0.00680379973901829, mAcc: 0.9974937459931301
[2022-10-07T13:16:30.422742+0800]-[INFO] math_trainer.py-train_one_epoch-157: epoch: 72, loss-ave: 0.006889056748523091, mAcc: 0.9975962159621655
[2022-10-07T13:16:46.388452+0800]-[INFO] math_trainer.py-train_one_epoch-157: epoch: 73, loss-ave: 0.004933731175382894, mAcc: 0.9980487230435089
[2022-10-07T13:17:02.763324+0800]-[INFO] math_trainer.py-train_one_epoch-157: epoch: 74, loss-ave: 0.005402408093319525, mAcc: 0.997923169303779
[2022-10-07T13:17:19.894604+0800]-[INFO] math_trainer.py-train_one_epoch-157: epoch: 75, loss-ave: 0.006191322977156504, mAcc: 0.9974471947655605
[2022-10-07T13:17:19.894988+0800]-[INFO] math_trainer.py-train-109: [evaluate test-data]
[2022-10-07T13:17:50.315513+0800]-[INFO] math_trainer.py-evaluate-229: epoch: 75 answer-mAcc: 0.8816120906801007
[2022-10-07T13:18:06.134792+0800]-[INFO] math_trainer.py-train_one_epoch-157: epoch: 76, loss-ave: 0.004711542584391278, mAcc: 0.9979008370308421
[2022-10-07T13:18:06.135221+0800]-[INFO] math_trainer.py-train-109: [evaluate test-data]
[2022-10-07T13:18:36.473642+0800]-[INFO] math_trainer.py-evaluate-229: epoch: 76 answer-mAcc: 0.8816120906801007
[2022-10-07T13:18:52.242119+0800]-[INFO] math_trainer.py-train_one_epoch-157: epoch: 77, loss-ave: 0.00554864289759108, mAcc: 0.9977467856814514
[2022-10-07T13:18:52.242598+0800]-[INFO] math_trainer.py-train-109: [evaluate test-data]
[2022-10-07T13:19:22.521737+0800]-[INFO] math_trainer.py-evaluate-229: epoch: 77 answer-mAcc: 0.8790931989924433
[2022-10-07T13:19:42.710297+0800]-[INFO] math_trainer.py-train_one_epoch-157: epoch: 78, loss-ave: 0.004432492146476713, mAcc: 0.9981743519629666
[2022-10-07T13:19:42.710950+0800]-[INFO] math_trainer.py-train-109: [evaluate test-data]
[2022-10-07T13:20:13.396459+0800]-[INFO] math_trainer.py-evaluate-229: epoch: 78 answer-mAcc: 0.8765743073047859
[2022-10-07T13:20:29.282592+0800]-[INFO] math_trainer.py-train_one_epoch-157: epoch: 79, loss-ave: 0.004775252530781223, mAcc: 0.9979312956033639
[2022-10-07T13:20:29.282983+0800]-[INFO] math_trainer.py-train-109: [evaluate test-data]
[2022-10-07T13:21:15.142214+0800]-[INFO] math_trainer.py-evaluate-229: epoch: 79 answer-mAcc: 0.8765743073047859
[2022-10-07T13:21:17.662432+0800]-[INFO] train_mawps.py-train_solver-66: [finish train solver]
[2022-10-07T13:21:17.662898+0800]-[INFO] train_mawps.py-train_solver-67: best test acc: 0.8765743073047859
[2022-10-07T13:21:49.777982+0800]-[INFO] math_trainer.py-train_one_epoch-157: epoch: 0, loss-ave: 18.006319362314503, mAcc: 0.010342678874169462
[2022-10-07T13:22:10.801877+0800]-[INFO] math_trainer.py-train_one_epoch-157: epoch: 1, loss-ave: 1.6143040457862106, mAcc: 0.6277548895409358
[2022-10-07T13:22:29.215972+0800]-[INFO] math_trainer.py-train_one_epoch-157: epoch: 2, loss-ave: 0.9399404938346777, mAcc: 0.7650322108412507
[2022-10-07T13:22:47.099581+0800]-[INFO] math_trainer.py-train_one_epoch-157: epoch: 3, loss-ave: 0.8129135356027277, mAcc: 0.8272282016936259
[2022-10-07T13:23:05.156017+0800]-[INFO] math_trainer.py-train_one_epoch-157: epoch: 4, loss-ave: 0.6970527879051377, mAcc: 0.8674625781313259
[2022-10-07T13:23:22.622120+0800]-[INFO] math_trainer.py-train_one_epoch-157: epoch: 5, loss-ave: 0.5829397471359552, mAcc: 0.9008254321975324
[2022-10-07T13:23:22.622674+0800]-[INFO] math_trainer.py-train-109: [evaluate test-data]
[2022-10-07T13:23:44.241017+0800]-[INFO] math_trainer.py-evaluate-229: epoch: 5 answer-mAcc: 0.672544080604534
[2022-10-07T13:23:59.557849+0800]-[INFO] math_trainer.py-train_one_epoch-157: epoch: 6, loss-ave: 0.6387834751571355, mAcc: 0.9074808419050284
[2022-10-07T13:24:14.832392+0800]-[INFO] math_trainer.py-train_one_epoch-157: epoch: 7, loss-ave: 0.543468340854605, mAcc: 0.922861304714452
[2022-10-07T13:24:30.110177+0800]-[INFO] math_trainer.py-train_one_epoch-157: epoch: 8, loss-ave: 0.45350143509178686, mAcc: 0.9359047239150234
[2022-10-07T13:24:45.827732+0800]-[INFO] math_trainer.py-train_one_epoch-157: epoch: 9, loss-ave: 0.5499985180610917, mAcc: 0.9353458297312559
[2022-10-07T13:25:04.141657+0800]-[INFO] math_trainer.py-train_one_epoch-157: epoch: 10, loss-ave: 0.5581193232754404, mAcc: 0.9375671262118086
[2022-10-07T13:25:04.142204+0800]-[INFO] math_trainer.py-train-109: [evaluate test-data]
[2022-10-07T13:25:31.921767+0800]-[INFO] math_trainer.py-evaluate-229: epoch: 10 answer-mAcc: 0.8211586901763224
[2022-10-07T13:25:48.240385+0800]-[INFO] math_trainer.py-train_one_epoch-157: epoch: 11, loss-ave: 0.5018661601859629, mAcc: 0.9484120439644435
[2022-10-07T13:26:04.456397+0800]-[INFO] math_trainer.py-train_one_epoch-157: epoch: 12, loss-ave: 0.4606926816168243, mAcc: 0.9536135849641196
[2022-10-07T13:26:20.675796+0800]-[INFO] math_trainer.py-train_one_epoch-157: epoch: 13, loss-ave: 0.47582997556770834, mAcc: 0.9558267096179215
[2022-10-07T13:26:37.364761+0800]-[INFO] math_trainer.py-train_one_epoch-157: epoch: 14, loss-ave: 0.4980098632170588, mAcc: 0.9545154562547579
[2022-10-07T13:26:56.702638+0800]-[INFO] math_trainer.py-train_one_epoch-157: epoch: 15, loss-ave: 0.44990512804521937, mAcc: 0.9565468840862639
[2022-10-07T13:26:56.703709+0800]-[INFO] math_trainer.py-train-109: [evaluate test-data]
[2022-10-07T13:27:26.587206+0800]-[INFO] math_trainer.py-evaluate-229: epoch: 15 answer-mAcc: 0.7934508816120907
[2022-10-07T13:27:41.903875+0800]-[INFO] math_trainer.py-train_one_epoch-157: epoch: 16, loss-ave: 0.19398568388118492, mAcc: 0.974803250339163
[2022-10-07T13:28:00.342160+0800]-[INFO] math_trainer.py-train_one_epoch-157: epoch: 17, loss-ave: 0.08141521387675933, mAcc: 0.982394852829938
[2022-10-07T13:28:21.815814+0800]-[INFO] math_trainer.py-train_one_epoch-157: epoch: 18, loss-ave: 0.0598759412722815, mAcc: 0.9875450556601711
[2022-10-07T13:28:41.241519+0800]-[INFO] math_trainer.py-train_one_epoch-157: epoch: 19, loss-ave: 0.07880593782890308, mAcc: 0.9864876438025854
[2022-10-07T13:29:01.456438+0800]-[INFO] math_trainer.py-train_one_epoch-157: epoch: 20, loss-ave: 0.05261298245698266, mAcc: 0.9856791445358315
[2022-10-07T13:29:01.457022+0800]-[INFO] math_trainer.py-train-109: [evaluate test-data]
[2022-10-07T13:29:29.032757+0800]-[INFO] math_trainer.py-evaluate-229: epoch: 20 answer-mAcc: 0.8866498740554156
[2022-10-07T13:29:45.643934+0800]-[INFO] math_trainer.py-train_one_epoch-157: epoch: 21, loss-ave: 0.04750088744059491, mAcc: 0.9883919085689525
[2022-10-07T13:30:02.298151+0800]-[INFO] math_trainer.py-train_one_epoch-157: epoch: 22, loss-ave: 0.07097053239767523, mAcc: 0.9864868279078498
[2022-10-07T13:30:18.870951+0800]-[INFO] math_trainer.py-train_one_epoch-157: epoch: 23, loss-ave: 0.11758435097142673, mAcc: 0.9838589274104516
[2022-10-07T13:30:35.457744+0800]-[INFO] math_trainer.py-train_one_epoch-157: epoch: 24, loss-ave: 0.11217035035772381, mAcc: 0.9843566624363463
[2022-10-07T13:30:52.037861+0800]-[INFO] math_trainer.py-train_one_epoch-157: epoch: 25, loss-ave: 0.09564581240907437, mAcc: 0.986273143459205
[2022-10-07T13:30:52.038505+0800]-[INFO] math_trainer.py-train-109: [evaluate test-data]
[2022-10-07T13:31:19.179567+0800]-[INFO] math_trainer.py-evaluate-229: epoch: 25 answer-mAcc: 0.853904282115869
[2022-10-07T13:31:35.724959+0800]-[INFO] math_trainer.py-train_one_epoch-157: epoch: 26, loss-ave: 0.06453571455746106, mAcc: 0.9888917099890397
[2022-10-07T13:31:52.047253+0800]-[INFO] math_trainer.py-train_one_epoch-157: epoch: 27, loss-ave: 0.02628487431125955, mAcc: 0.9929011874462492
[2022-10-07T13:32:10.945470+0800]-[INFO] math_trainer.py-train_one_epoch-157: epoch: 28, loss-ave: 0.02199572577926597, mAcc: 0.9935294494557021
[2022-10-07T13:32:26.680534+0800]-[INFO] math_trainer.py-train_one_epoch-157: epoch: 29, loss-ave: 0.025541948247104044, mAcc: 0.994231360941077
[2022-10-07T13:32:43.391141+0800]-[INFO] math_trainer.py-train_one_epoch-157: epoch: 30, loss-ave: 0.026479718209930298, mAcc: 0.9929262729146373
[2022-10-07T13:32:43.391974+0800]-[INFO] math_trainer.py-train-109: [evaluate test-data]
[2022-10-07T13:33:10.451615+0800]-[INFO] math_trainer.py-evaluate-229: epoch: 30 answer-mAcc: 0.8967254408060453
[2022-10-07T13:33:26.624755+0800]-[INFO] math_trainer.py-train_one_epoch-157: epoch: 31, loss-ave: 0.04164756703568716, mAcc: 0.9920146962506088
[2022-10-07T13:33:42.589252+0800]-[INFO] math_trainer.py-train_one_epoch-157: epoch: 32, loss-ave: 0.04363171189715705, mAcc: 0.9914997324871657
[2022-10-07T13:33:58.777140+0800]-[INFO] math_trainer.py-train_one_epoch-157: epoch: 33, loss-ave: 0.03329623711311596, mAcc: 0.9929676765772566
[2022-10-07T13:34:15.111247+0800]-[INFO] math_trainer.py-train_one_epoch-157: epoch: 34, loss-ave: 0.04057235898011841, mAcc: 0.9910773428241212
[2022-10-07T13:34:31.436153+0800]-[INFO] math_trainer.py-train_one_epoch-157: epoch: 35, loss-ave: 0.056081350020386556, mAcc: 0.991437631036768
[2022-10-07T13:34:31.436846+0800]-[INFO] math_trainer.py-train-109: [evaluate test-data]
[2022-10-07T13:35:00.786481+0800]-[INFO] math_trainer.py-evaluate-229: epoch: 35 answer-mAcc: 0.8438287153652393
[2022-10-07T13:35:17.044788+0800]-[INFO] math_trainer.py-train_one_epoch-157: epoch: 36, loss-ave: 0.04208299073785977, mAcc: 0.9927144386061472
[2022-10-07T13:35:33.248699+0800]-[INFO] math_trainer.py-train_one_epoch-157: epoch: 37, loss-ave: 0.0199600565854154, mAcc: 0.9947789395274829
[2022-10-07T13:35:49.379102+0800]-[INFO] math_trainer.py-train_one_epoch-157: epoch: 38, loss-ave: 0.02570203781193068, mAcc: 0.9939328575853127
[2022-10-07T13:36:05.599846+0800]-[INFO] math_trainer.py-train_one_epoch-157: epoch: 39, loss-ave: 0.011237627071404122, mAcc: 0.9960114680342937
[2022-10-07T13:36:21.827111+0800]-[INFO] math_trainer.py-train_one_epoch-157: epoch: 40, loss-ave: 0.021133742945097258, mAcc: 0.995770487953071
[2022-10-07T13:36:21.827961+0800]-[INFO] math_trainer.py-train-109: [evaluate test-data]
[2022-10-07T13:36:49.245614+0800]-[INFO] math_trainer.py-evaluate-229: epoch: 40 answer-mAcc: 0.8916876574307305
[2022-10-07T13:37:09.829156+0800]-[INFO] math_trainer.py-train_one_epoch-157: epoch: 41, loss-ave: 0.019129770421662, mAcc: 0.996702029177891
[2022-10-07T13:37:30.266001+0800]-[INFO] math_trainer.py-train_one_epoch-157: epoch: 42, loss-ave: 0.011299591800020584, mAcc: 0.9961975983638859
[2022-10-07T13:37:50.586068+0800]-[INFO] math_trainer.py-train_one_epoch-157: epoch: 43, loss-ave: 0.02064868783964188, mAcc: 0.995264113548413
[2022-10-07T13:38:10.263882+0800]-[INFO] math_trainer.py-train_one_epoch-157: epoch: 44, loss-ave: 0.018653104105890946, mAcc: 0.995400778312779
[2022-10-07T13:38:29.967500+0800]-[INFO] math_trainer.py-train_one_epoch-157: epoch: 45, loss-ave: 0.016752766234876492, mAcc: 0.9958926873590479
[2022-10-07T13:38:29.968223+0800]-[INFO] math_trainer.py-train-109: [evaluate test-data]
[2022-10-07T13:38:58.803409+0800]-[INFO] math_trainer.py-evaluate-229: epoch: 45 answer-mAcc: 0.8740554156171285
[2022-10-07T13:39:17.221567+0800]-[INFO] math_trainer.py-train_one_epoch-157: epoch: 46, loss-ave: 0.011779016422405187, mAcc: 0.9962441028662063
[2022-10-07T13:39:36.936527+0800]-[INFO] math_trainer.py-train_one_epoch-157: epoch: 47, loss-ave: 0.011424953538855927, mAcc: 0.996289586302024
[2022-10-07T13:39:56.658419+0800]-[INFO] math_trainer.py-train_one_epoch-157: epoch: 48, loss-ave: 0.009226153954032916, mAcc: 0.996422222810774
[2022-10-07T13:40:17.070277+0800]-[INFO] math_trainer.py-train_one_epoch-157: epoch: 49, loss-ave: 0.008638751203575901, mAcc: 0.9968294258692756
[2022-10-07T13:40:37.619776+0800]-[INFO] math_trainer.py-train_one_epoch-157: epoch: 50, loss-ave: 0.012751114963666604, mAcc: 0.9967579263538572
[2022-10-07T13:40:37.620579+0800]-[INFO] math_trainer.py-train-109: [evaluate test-data]
[2022-10-07T13:41:06.363245+0800]-[INFO] math_trainer.py-evaluate-229: epoch: 50 answer-mAcc: 0.8664987405541562
[2022-10-07T13:41:26.012631+0800]-[INFO] math_trainer.py-train_one_epoch-157: epoch: 51, loss-ave: 0.009618470608555314, mAcc: 0.9967551656703854
[2022-10-07T13:41:46.923211+0800]-[INFO] math_trainer.py-train_one_epoch-157: epoch: 52, loss-ave: 0.01376613273423017, mAcc: 0.9968037018224821
[2022-10-07T13:42:07.066106+0800]-[INFO] math_trainer.py-train_one_epoch-157: epoch: 53, loss-ave: 0.0093210395749642, mAcc: 0.9965233964536657
[2022-10-07T13:42:27.243412+0800]-[INFO] math_trainer.py-train_one_epoch-157: epoch: 54, loss-ave: 0.018157398736484788, mAcc: 0.9972697891781678
[2022-10-07T13:42:47.202846+0800]-[INFO] math_trainer.py-train_one_epoch-157: epoch: 55, loss-ave: 0.015565357693924798, mAcc: 0.9966057607875997
[2022-10-07T13:42:47.203407+0800]-[INFO] math_trainer.py-train-109: [evaluate test-data]
[2022-10-07T13:43:16.180350+0800]-[INFO] math_trainer.py-evaluate-229: epoch: 55 answer-mAcc: 0.8790931989924433
[2022-10-07T13:43:32.146378+0800]-[INFO] math_trainer.py-train_one_epoch-157: epoch: 56, loss-ave: 0.007643479864179566, mAcc: 0.9975597331272298
[2022-10-07T13:43:48.074809+0800]-[INFO] math_trainer.py-train_one_epoch-157: epoch: 57, loss-ave: 0.01072411426053432, mAcc: 0.9971163051212253
[2022-10-07T13:44:03.943563+0800]-[INFO] math_trainer.py-train_one_epoch-157: epoch: 58, loss-ave: 0.008413709036130453, mAcc: 0.9975322550864675
[2022-10-07T13:44:20.416174+0800]-[INFO] math_trainer.py-train_one_epoch-157: epoch: 59, loss-ave: 0.006234730005259544, mAcc: 0.9972472936663795
[2022-10-07T13:44:39.531064+0800]-[INFO] math_trainer.py-train_one_epoch-157: epoch: 60, loss-ave: 0.006706038323799179, mAcc: 0.9981249693650097
[2022-10-07T13:44:39.531464+0800]-[INFO] math_trainer.py-train-109: [evaluate test-data]
[2022-10-07T13:45:07.255224+0800]-[INFO] math_trainer.py-evaluate-229: epoch: 60 answer-mAcc: 0.8967254408060453
[2022-10-07T13:45:28.685064+0800]-[INFO] math_trainer.py-train_one_epoch-157: epoch: 61, loss-ave: 0.008344320338455393, mAcc: 0.9974619072286328
[2022-10-07T13:45:48.397209+0800]-[INFO] math_trainer.py-train_one_epoch-157: epoch: 62, loss-ave: 0.008810511589335898, mAcc: 0.9974227643492234
[2022-10-07T13:46:08.956378+0800]-[INFO] math_trainer.py-train_one_epoch-157: epoch: 63, loss-ave: 0.007590660860267317, mAcc: 0.9976269797464112
[2022-10-07T13:46:25.285256+0800]-[INFO] math_trainer.py-train_one_epoch-157: epoch: 64, loss-ave: 0.00926101463727734, mAcc: 0.9969900076712795
[2022-10-07T13:46:41.627080+0800]-[INFO] math_trainer.py-train_one_epoch-157: epoch: 65, loss-ave: 0.006909433477703509, mAcc: 0.9979155950210802
[2022-10-07T13:46:41.627506+0800]-[INFO] math_trainer.py-train-109: [evaluate test-data]
[2022-10-07T13:47:33.871935+0800]-[INFO] math_trainer.py-evaluate-229: epoch: 65 answer-mAcc: 0.8816120906801007
[2022-10-07T13:47:50.232834+0800]-[INFO] math_trainer.py-train_one_epoch-157: epoch: 66, loss-ave: 0.007117683564598622, mAcc: 0.9975731477665541
[2022-10-07T13:48:09.565506+0800]-[INFO] math_trainer.py-train_one_epoch-157: epoch: 67, loss-ave: 0.006437091501888339, mAcc: 0.9975726664365836
[2022-10-07T13:48:28.057967+0800]-[INFO] math_trainer.py-train_one_epoch-157: epoch: 68, loss-ave: 0.005846096823217325, mAcc: 0.9973989545400418
[2022-10-07T13:48:45.346637+0800]-[INFO] math_trainer.py-train_one_epoch-157: epoch: 69, loss-ave: 0.008834081743895635, mAcc: 0.997772674764221
[2022-10-07T13:49:01.716053+0800]-[INFO] math_trainer.py-train_one_epoch-157: epoch: 70, loss-ave: 0.005354476779461516, mAcc: 0.998067047727767
[2022-10-07T13:49:01.716433+0800]-[INFO] math_trainer.py-train-109: [evaluate test-data]
[2022-10-07T13:49:36.953742+0800]-[INFO] math_trainer.py-evaluate-229: epoch: 70 answer-mAcc: 0.8992443324937027
[2022-10-07T13:49:52.857462+0800]-[INFO] math_trainer.py-train_one_epoch-157: epoch: 71, loss-ave: 0.005333582610287219, mAcc: 0.9977787493461341
[2022-10-07T13:50:14.377131+0800]-[INFO] math_trainer.py-train_one_epoch-157: epoch: 72, loss-ave: 0.009977239532526423, mAcc: 0.997533100633765
[2022-10-07T13:50:34.097281+0800]-[INFO] math_trainer.py-train_one_epoch-157: epoch: 73, loss-ave: 0.004060506557357125, mAcc: 0.9978564693101087
[2022-10-07T13:50:54.362463+0800]-[INFO] math_trainer.py-train_one_epoch-157: epoch: 74, loss-ave: 0.0067504914487522254, mAcc: 0.998244654892677
[2022-10-07T13:51:10.796644+0800]-[INFO] math_trainer.py-train_one_epoch-157: epoch: 75, loss-ave: 0.006951035651889414, mAcc: 0.9972136583759557
[2022-10-07T13:51:10.797020+0800]-[INFO] math_trainer.py-train-109: [evaluate test-data]
[2022-10-07T13:52:06.302612+0800]-[INFO] math_trainer.py-evaluate-229: epoch: 75 answer-mAcc: 0.8866498740554156
[2022-10-07T13:52:22.720995+0800]-[INFO] math_trainer.py-train_one_epoch-157: epoch: 76, loss-ave: 0.0067065481006771495, mAcc: 0.9980238771917832
[2022-10-07T13:52:22.721428+0800]-[INFO] math_trainer.py-train-109: [evaluate test-data]
[2022-10-07T13:53:03.373718+0800]-[INFO] math_trainer.py-evaluate-229: epoch: 76 answer-mAcc: 0.8866498740554156
[2022-10-07T13:53:19.223389+0800]-[INFO] math_trainer.py-train_one_epoch-157: epoch: 77, loss-ave: 0.0047932176339837915, mAcc: 0.9982457598250116
[2022-10-07T13:53:19.223777+0800]-[INFO] math_trainer.py-train-109: [evaluate test-data]
[2022-10-07T13:53:47.945843+0800]-[INFO] math_trainer.py-evaluate-229: epoch: 77 answer-mAcc: 0.8841309823677582
[2022-10-07T13:54:05.002396+0800]-[INFO] math_trainer.py-train_one_epoch-157: epoch: 78, loss-ave: 0.0047194361209850245, mAcc: 0.997671809927303
[2022-10-07T13:54:05.003113+0800]-[INFO] math_trainer.py-train-109: [evaluate test-data]
[2022-10-07T13:54:38.615077+0800]-[INFO] math_trainer.py-evaluate-229: epoch: 78 answer-mAcc: 0.8841309823677582
[2022-10-07T13:54:57.602474+0800]-[INFO] math_trainer.py-train_one_epoch-157: epoch: 79, loss-ave: 0.00583407533774969, mAcc: 0.9979525717658613
[2022-10-07T13:54:57.603260+0800]-[INFO] math_trainer.py-train-109: [evaluate test-data]
[2022-10-07T13:55:28.936913+0800]-[INFO] math_trainer.py-evaluate-229: epoch: 79 answer-mAcc: 0.8841309823677582
[2022-10-07T13:55:31.397442+0800]-[INFO] train_mawps.py-train_solver-66: [finish train solver]
[2022-10-07T13:55:31.397904+0800]-[INFO] train_mawps.py-train_solver-67: best test acc: 0.8841309823677582
[2022-10-07T13:55:58.672097+0800]-[INFO] math_trainer.py-train_one_epoch-157: epoch: 0, loss-ave: 14.028917806232394, mAcc: 0.0001979594460534091
[2022-10-07T13:56:15.705590+0800]-[INFO] math_trainer.py-train_one_epoch-157: epoch: 1, loss-ave: 1.5186369606298418, mAcc: 0.623028711682588
[2022-10-07T13:56:35.323142+0800]-[INFO] math_trainer.py-train_one_epoch-157: epoch: 2, loss-ave: 0.9559407210230229, mAcc: 0.7708991834865743
[2022-10-07T13:56:54.696238+0800]-[INFO] math_trainer.py-train_one_epoch-157: epoch: 3, loss-ave: 0.6707463984625723, mAcc: 0.8456500298413799
[2022-10-07T13:57:15.078162+0800]-[INFO] math_trainer.py-train_one_epoch-157: epoch: 4, loss-ave: 0.6943172559179552, mAcc: 0.8736285803905085
[2022-10-07T13:57:35.998447+0800]-[INFO] math_trainer.py-train_one_epoch-157: epoch: 5, loss-ave: 0.710075102498446, mAcc: 0.8912960737194847
[2022-10-07T13:57:35.998993+0800]-[INFO] math_trainer.py-train-109: [evaluate test-data]
[2022-10-07T13:58:38.974656+0800]-[INFO] math_trainer.py-evaluate-229: epoch: 5 answer-mAcc: 0.7493734335839599
[2022-10-07T13:58:55.488800+0800]-[INFO] math_trainer.py-train_one_epoch-157: epoch: 6, loss-ave: 0.4428591516088863, mAcc: 0.9244264499026926
[2022-10-07T13:59:11.710166+0800]-[INFO] math_trainer.py-train_one_epoch-157: epoch: 7, loss-ave: 0.42113072145203756, mAcc: 0.9375677659882972
[2022-10-07T13:59:27.538826+0800]-[INFO] math_trainer.py-train_one_epoch-157: epoch: 8, loss-ave: 0.5121180868673082, mAcc: 0.933138032654422
[2022-10-07T13:59:43.388971+0800]-[INFO] math_trainer.py-train_one_epoch-157: epoch: 9, loss-ave: 0.5258974799362294, mAcc: 0.9399021151077808
[2022-10-07T13:59:59.203377+0800]-[INFO] math_trainer.py-train_one_epoch-157: epoch: 10, loss-ave: 0.3290653547513984, mAcc: 0.9567267924696956
[2022-10-07T13:59:59.203902+0800]-[INFO] math_trainer.py-train-109: [evaluate test-data]
[2022-10-07T14:00:26.512671+0800]-[INFO] math_trainer.py-evaluate-229: epoch: 10 answer-mAcc: 0.8421052631578947
[2022-10-07T14:00:42.395061+0800]-[INFO] math_trainer.py-train_one_epoch-157: epoch: 11, loss-ave: 0.30810034416508325, mAcc: 0.9585524171441044
[2022-10-07T14:00:58.296580+0800]-[INFO] math_trainer.py-train_one_epoch-157: epoch: 12, loss-ave: 0.3193551439118947, mAcc: 0.9589823855826604
[2022-10-07T14:01:14.145163+0800]-[INFO] math_trainer.py-train_one_epoch-157: epoch: 13, loss-ave: 0.2907858820082637, mAcc: 0.9614522013831978
[2022-10-07T14:01:29.957862+0800]-[INFO] math_trainer.py-train_one_epoch-157: epoch: 14, loss-ave: 0.4652126948534185, mAcc: 0.9541254271214931
[2022-10-07T14:01:45.806940+0800]-[INFO] math_trainer.py-train_one_epoch-157: epoch: 15, loss-ave: 0.41218866493486234, mAcc: 0.9614916560637891
[2022-10-07T14:01:45.807333+0800]-[INFO] math_trainer.py-train-109: [evaluate test-data]
[2022-10-07T14:02:14.807947+0800]-[INFO] math_trainer.py-evaluate-229: epoch: 15 answer-mAcc: 0.8370927318295739
[2022-10-07T14:02:32.690738+0800]-[INFO] math_trainer.py-train_one_epoch-157: epoch: 16, loss-ave: 0.19318400741041897, mAcc: 0.9708532475346896
[2022-10-07T14:02:53.189750+0800]-[INFO] math_trainer.py-train_one_epoch-157: epoch: 17, loss-ave: 0.07623533454581556, mAcc: 0.9833914670512904
[2022-10-07T14:03:13.189778+0800]-[INFO] math_trainer.py-train_one_epoch-157: epoch: 18, loss-ave: 0.06846486416307655, mAcc: 0.9870828809450619
[2022-10-07T14:03:32.789013+0800]-[INFO] math_trainer.py-train_one_epoch-157: epoch: 19, loss-ave: 0.05654389507891672, mAcc: 0.9867167670523102
[2022-10-07T14:03:51.386235+0800]-[INFO] math_trainer.py-train_one_epoch-157: epoch: 20, loss-ave: 0.05828997073451922, mAcc: 0.986991023298484
[2022-10-07T14:03:51.386911+0800]-[INFO] math_trainer.py-train-109: [evaluate test-data]
[2022-10-07T14:04:55.617017+0800]-[INFO] math_trainer.py-evaluate-229: epoch: 20 answer-mAcc: 0.9072681704260651
[2022-10-07T14:05:13.810062+0800]-[INFO] math_trainer.py-train_one_epoch-157: epoch: 21, loss-ave: 0.0387508985551867, mAcc: 0.9904468005626046
[2022-10-07T14:05:34.703706+0800]-[INFO] math_trainer.py-train_one_epoch-157: epoch: 22, loss-ave: 0.06693858328071199, mAcc: 0.9878078776987353
[2022-10-07T14:05:51.851301+0800]-[INFO] math_trainer.py-train_one_epoch-157: epoch: 23, loss-ave: 0.10022991328644561, mAcc: 0.9850396771526816
[2022-10-07T14:06:11.319378+0800]-[INFO] math_trainer.py-train_one_epoch-157: epoch: 24, loss-ave: 0.10237203969320867, mAcc: 0.985194693857701
[2022-10-07T14:06:28.692116+0800]-[INFO] math_trainer.py-train_one_epoch-157: epoch: 25, loss-ave: 0.12289770477732487, mAcc: 0.9832911716034664
[2022-10-07T14:06:28.692532+0800]-[INFO] math_trainer.py-train-109: [evaluate test-data]
[2022-10-07T14:06:55.343448+0800]-[INFO] math_trainer.py-evaluate-229: epoch: 25 answer-mAcc: 0.8972431077694235
[2022-10-07T14:07:10.380018+0800]-[INFO] math_trainer.py-train_one_epoch-157: epoch: 26, loss-ave: 0.06670811240317462, mAcc: 0.9894393490786528
[2022-10-07T14:07:25.402276+0800]-[INFO] math_trainer.py-train_one_epoch-157: epoch: 27, loss-ave: 0.04219294544521635, mAcc: 0.990478879542806
[2022-10-07T14:07:40.455686+0800]-[INFO] math_trainer.py-train_one_epoch-157: epoch: 28, loss-ave: 0.03131131564990499, mAcc: 0.9921054609456853
[2022-10-07T14:07:55.446856+0800]-[INFO] math_trainer.py-train_one_epoch-157: epoch: 29, loss-ave: 0.03902858302649521, mAcc: 0.9922326542624277
[2022-10-07T14:08:10.451449+0800]-[INFO] math_trainer.py-train_one_epoch-157: epoch: 30, loss-ave: 0.04455296859753356, mAcc: 0.991973107184597
[2022-10-07T14:08:10.451928+0800]-[INFO] math_trainer.py-train-109: [evaluate test-data]
[2022-10-07T14:08:34.793327+0800]-[INFO] math_trainer.py-evaluate-229: epoch: 30 answer-mAcc: 0.9072681704260651
[2022-10-07T14:08:49.877569+0800]-[INFO] math_trainer.py-train_one_epoch-157: epoch: 31, loss-ave: 0.0312931012182532, mAcc: 0.9929601601020774
[2022-10-07T14:09:05.051530+0800]-[INFO] math_trainer.py-train_one_epoch-157: epoch: 32, loss-ave: 0.028748335290703524, mAcc: 0.9934029884673842
[2022-10-07T14:09:20.874819+0800]-[INFO] math_trainer.py-train_one_epoch-157: epoch: 33, loss-ave: 0.033537254175698125, mAcc: 0.9928861479064328
[2022-10-07T14:09:36.849288+0800]-[INFO] math_trainer.py-train_one_epoch-157: epoch: 34, loss-ave: 0.0329025018646832, mAcc: 0.9911407358083294
[2022-10-07T14:10:03.701858+0800]-[INFO] math_trainer.py-train_one_epoch-157: epoch: 35, loss-ave: 0.07026889929167038, mAcc: 0.9907147677699525
[2022-10-07T14:10:03.702274+0800]-[INFO] math_trainer.py-train-109: [evaluate test-data]
[2022-10-07T14:12:16.033286+0800]-[INFO] math_trainer.py-evaluate-229: epoch: 35 answer-mAcc: 0.9072681704260651
[2022-10-07T14:12:42.856113+0800]-[INFO] math_trainer.py-train_one_epoch-157: epoch: 36, loss-ave: 0.038910404339251435, mAcc: 0.9926713159934959
[2022-10-07T14:13:09.479848+0800]-[INFO] math_trainer.py-train_one_epoch-157: epoch: 37, loss-ave: 0.024497539733093578, mAcc: 0.9943868209369219
[2022-10-07T14:13:36.591367+0800]-[INFO] math_trainer.py-train_one_epoch-157: epoch: 38, loss-ave: 0.0158927981329757, mAcc: 0.9949260740423921
[2022-10-07T14:14:03.906325+0800]-[INFO] math_trainer.py-train_one_epoch-157: epoch: 39, loss-ave: 0.018991548402442875, mAcc: 0.9950683599141374
[2022-10-07T14:14:31.000283+0800]-[INFO] math_trainer.py-train_one_epoch-157: epoch: 40, loss-ave: 0.022082590980829337, mAcc: 0.995243207593659
[2022-10-07T14:14:31.001475+0800]-[INFO] math_trainer.py-train-109: [evaluate test-data]
[2022-10-07T14:16:14.238390+0800]-[INFO] math_trainer.py-evaluate-229: epoch: 40 answer-mAcc: 0.9097744360902256
[2022-10-07T14:16:29.970190+0800]-[INFO] math_trainer.py-train_one_epoch-157: epoch: 41, loss-ave: 0.02679213387129857, mAcc: 0.9946052222395662
[2022-10-07T14:16:46.018904+0800]-[INFO] math_trainer.py-train_one_epoch-157: epoch: 42, loss-ave: 0.01865790686776024, mAcc: 0.995670816107611
[2022-10-07T14:17:01.833881+0800]-[INFO] math_trainer.py-train_one_epoch-157: epoch: 43, loss-ave: 0.01671182417496869, mAcc: 0.9962769758761229
[2022-10-07T14:17:17.777945+0800]-[INFO] math_trainer.py-train_one_epoch-157: epoch: 44, loss-ave: 0.015749020623206544, mAcc: 0.9958754418483332
[2022-10-07T14:17:35.669667+0800]-[INFO] math_trainer.py-train_one_epoch-157: epoch: 45, loss-ave: 0.029739094220366583, mAcc: 0.9938011334170049
[2022-10-07T14:17:35.670555+0800]-[INFO] math_trainer.py-train-109: [evaluate test-data]
[2022-10-07T14:19:25.848610+0800]-[INFO] math_trainer.py-evaluate-229: epoch: 45 answer-mAcc: 0.9097744360902256
[2022-10-07T14:19:52.632992+0800]-[INFO] math_trainer.py-train_one_epoch-157: epoch: 46, loss-ave: 0.01856210205451717, mAcc: 0.9956207589887495
[2022-10-07T14:20:18.822276+0800]-[INFO] math_trainer.py-train_one_epoch-157: epoch: 47, loss-ave: 0.01317584855639614, mAcc: 0.9966846734435115
[2022-10-07T14:20:33.940069+0800]-[INFO] math_trainer.py-train_one_epoch-157: epoch: 48, loss-ave: 0.010591471233567018, mAcc: 0.9970614940077815
[2022-10-07T14:20:48.970367+0800]-[INFO] math_trainer.py-train_one_epoch-157: epoch: 49, loss-ave: 0.011859889040025924, mAcc: 0.9974140330175658
[2022-10-07T14:21:04.101232+0800]-[INFO] math_trainer.py-train_one_epoch-157: epoch: 50, loss-ave: 0.010324700350479499, mAcc: 0.9965431899880645
[2022-10-07T14:21:04.101653+0800]-[INFO] math_trainer.py-train-109: [evaluate test-data]
[2022-10-07T14:21:29.932684+0800]-[INFO] math_trainer.py-evaluate-229: epoch: 50 answer-mAcc: 0.9122807017543859
[2022-10-07T14:21:49.643224+0800]-[INFO] math_trainer.py-train_one_epoch-157: epoch: 51, loss-ave: 0.015281739532357803, mAcc: 0.9968538529908837
[2022-10-07T14:22:16.624322+0800]-[INFO] math_trainer.py-train_one_epoch-157: epoch: 52, loss-ave: 0.012939324971931506, mAcc: 0.9962841622793495
[2022-10-07T14:22:43.629461+0800]-[INFO] math_trainer.py-train_one_epoch-157: epoch: 53, loss-ave: 0.013145847563629874, mAcc: 0.9961507434221968
[2022-10-07T14:23:10.854552+0800]-[INFO] math_trainer.py-train_one_epoch-157: epoch: 54, loss-ave: 0.013410360427088796, mAcc: 0.9972871164580686
[2022-10-07T14:23:38.476266+0800]-[INFO] math_trainer.py-train_one_epoch-157: epoch: 55, loss-ave: 0.01778969456465789, mAcc: 0.9960868736008304
[2022-10-07T14:23:38.476663+0800]-[INFO] math_trainer.py-train-109: [evaluate test-data]
[2022-10-07T14:26:01.123034+0800]-[INFO] math_trainer.py-evaluate-229: epoch: 55 answer-mAcc: 0.9072681704260651
[2022-10-07T14:26:28.418117+0800]-[INFO] math_trainer.py-train_one_epoch-157: epoch: 56, loss-ave: 0.009499263098132132, mAcc: 0.997289881334832
[2022-10-07T14:26:55.712460+0800]-[INFO] math_trainer.py-train_one_epoch-157: epoch: 57, loss-ave: 0.009455432129897618, mAcc: 0.9968770730435549
[2022-10-07T14:27:22.841344+0800]-[INFO] math_trainer.py-train_one_epoch-157: epoch: 58, loss-ave: 0.00987226496879499, mAcc: 0.9975539272154995
[2022-10-07T14:27:49.835582+0800]-[INFO] math_trainer.py-train_one_epoch-157: epoch: 59, loss-ave: 0.008535737453435424, mAcc: 0.9967324943398711
[2022-10-07T14:28:16.672101+0800]-[INFO] math_trainer.py-train_one_epoch-157: epoch: 60, loss-ave: 0.009665840253822494, mAcc: 0.9969848574106418
[2022-10-07T14:28:16.672572+0800]-[INFO] math_trainer.py-train-109: [evaluate test-data]
[2022-10-07T14:29:13.543929+0800]-[INFO] math_trainer.py-evaluate-229: epoch: 60 answer-mAcc: 0.9197994987468672
[2022-10-07T14:29:29.610622+0800]-[INFO] math_trainer.py-train_one_epoch-157: epoch: 61, loss-ave: 0.007760755224749955, mAcc: 0.9970837936329482
[2022-10-07T14:29:45.710186+0800]-[INFO] math_trainer.py-train_one_epoch-157: epoch: 62, loss-ave: 0.013005963166343445, mAcc: 0.9973222703190904
[2022-10-07T14:30:01.915859+0800]-[INFO] math_trainer.py-train_one_epoch-157: epoch: 63, loss-ave: 0.01222304597860445, mAcc: 0.9967543401909833
[2022-10-07T14:30:17.928050+0800]-[INFO] math_trainer.py-train_one_epoch-157: epoch: 64, loss-ave: 0.009768113949801592, mAcc: 0.9974510663717835
[2022-10-07T14:30:35.600807+0800]-[INFO] math_trainer.py-train_one_epoch-157: epoch: 65, loss-ave: 0.009117003619093312, mAcc: 0.9968648972223751
[2022-10-07T14:30:35.601446+0800]-[INFO] math_trainer.py-train-109: [evaluate test-data]
[2022-10-07T14:31:23.160786+0800]-[INFO] math_trainer.py-evaluate-229: epoch: 65 answer-mAcc: 0.9147869674185464
[2022-10-07T14:31:39.275042+0800]-[INFO] math_trainer.py-train_one_epoch-157: epoch: 66, loss-ave: 0.008978406891249999, mAcc: 0.9970817988242336
[2022-10-07T14:32:00.144464+0800]-[INFO] math_trainer.py-train_one_epoch-157: epoch: 67, loss-ave: 0.00729442244706157, mAcc: 0.9970081700152488
[2022-10-07T14:32:27.166367+0800]-[INFO] math_trainer.py-train_one_epoch-157: epoch: 68, loss-ave: 0.006469187371819376, mAcc: 0.9974477129365931
[2022-10-07T14:32:54.021308+0800]-[INFO] math_trainer.py-train_one_epoch-157: epoch: 69, loss-ave: 0.007087339974980547, mAcc: 0.9971103212941232
[2022-10-07T14:33:21.119916+0800]-[INFO] math_trainer.py-train_one_epoch-157: epoch: 70, loss-ave: 0.007040149799020105, mAcc: 0.9972781676742899
[2022-10-07T14:33:21.120320+0800]-[INFO] math_trainer.py-train-109: [evaluate test-data]
[2022-10-07T14:35:34.004121+0800]-[INFO] math_trainer.py-evaluate-229: epoch: 70 answer-mAcc: 0.9097744360902256
[2022-10-07T14:36:01.128520+0800]-[INFO] math_trainer.py-train_one_epoch-157: epoch: 71, loss-ave: 0.007437073210323591, mAcc: 0.9972332335596708
[2022-10-07T14:36:28.092275+0800]-[INFO] math_trainer.py-train_one_epoch-157: epoch: 72, loss-ave: 0.00708272069773591, mAcc: 0.9975781575519236
[2022-10-07T14:36:55.285227+0800]-[INFO] math_trainer.py-train_one_epoch-157: epoch: 73, loss-ave: 0.006902554720338317, mAcc: 0.9975020597927534
[2022-10-07T14:37:22.448719+0800]-[INFO] math_trainer.py-train_one_epoch-157: epoch: 74, loss-ave: 0.008946061268968875, mAcc: 0.9975449382959298
[2022-10-07T14:37:42.723147+0800]-[INFO] math_trainer.py-train_one_epoch-157: epoch: 75, loss-ave: 0.0066791516218101055, mAcc: 0.9974944202145141
[2022-10-07T14:37:42.723498+0800]-[INFO] math_trainer.py-train-109: [evaluate test-data]
[2022-10-07T14:38:30.020732+0800]-[INFO] math_trainer.py-evaluate-229: epoch: 75 answer-mAcc: 0.9122807017543859
[2022-10-07T14:38:46.174507+0800]-[INFO] math_trainer.py-train_one_epoch-157: epoch: 76, loss-ave: 0.00721629535831666, mAcc: 0.9972989780818997
[2022-10-07T14:38:46.174864+0800]-[INFO] math_trainer.py-train-109: [evaluate test-data]
[2022-10-07T14:39:34.314904+0800]-[INFO] math_trainer.py-evaluate-229: epoch: 76 answer-mAcc: 0.9097744360902256
[2022-10-07T14:39:55.212795+0800]-[INFO] math_trainer.py-train_one_epoch-157: epoch: 77, loss-ave: 0.004917360758369896, mAcc: 0.9980725933558977
[2022-10-07T14:39:55.213269+0800]-[INFO] math_trainer.py-train-109: [evaluate test-data]
[2022-10-07T14:42:13.953244+0800]-[INFO] math_trainer.py-evaluate-229: epoch: 77 answer-mAcc: 0.9097744360902256
[2022-10-07T14:42:41.281638+0800]-[INFO] math_trainer.py-train_one_epoch-157: epoch: 78, loss-ave: 0.00720651782320333, mAcc: 0.9974567021556835
[2022-10-07T14:42:41.282173+0800]-[INFO] math_trainer.py-train-109: [evaluate test-data]
[2022-10-07T14:44:47.018737+0800]-[INFO] math_trainer.py-evaluate-229: epoch: 78 answer-mAcc: 0.9122807017543859
[2022-10-07T14:45:03.329357+0800]-[INFO] math_trainer.py-train_one_epoch-157: epoch: 79, loss-ave: 0.006613856543680329, mAcc: 0.9973873505041227
[2022-10-07T14:45:03.329738+0800]-[INFO] math_trainer.py-train-109: [evaluate test-data]
[2022-10-07T14:45:50.115348+0800]-[INFO] math_trainer.py-evaluate-229: epoch: 79 answer-mAcc: 0.9097744360902256
[2022-10-07T14:45:52.727067+0800]-[INFO] train_mawps.py-train_solver-66: [finish train solver]
[2022-10-07T14:45:52.727468+0800]-[INFO] train_mawps.py-train_solver-67: best test acc: 0.9097744360902256
[2022-10-07T14:45:52.751645+0800]-[INFO] train_mawps.py-main-92: 5-fold mAcc: 0.894801234825098
