[2022-10-06T13:14:18.554152+0800]-[INFO] train_svamp.py-main-75: log_text: log:+
[2022-10-06T13:15:12.359589+0800]-[INFO] math_trainer.py-train_one_epoch-153: epoch: 0, loss-ave: 10.948816181484021, mAcc: 0.0032449239668877502
[2022-10-06T13:15:51.585203+0800]-[INFO] math_trainer.py-train_one_epoch-153: epoch: 1, loss-ave: 0.9565127724095395, mAcc: 0.7147117225747359
[2022-10-06T13:16:31.333655+0800]-[INFO] math_trainer.py-train_one_epoch-153: epoch: 2, loss-ave: 0.4746735583010473, mAcc: 0.85608348391558
[2022-10-06T13:17:10.977351+0800]-[INFO] math_trainer.py-train_one_epoch-153: epoch: 3, loss-ave: 0.43458720566704867, mAcc: 0.888938330662878
[2022-10-06T13:17:50.267667+0800]-[INFO] math_trainer.py-train_one_epoch-153: epoch: 4, loss-ave: 0.42109893609916693, mAcc: 0.9125692902426971
[2022-10-06T13:18:29.903925+0800]-[INFO] math_trainer.py-train_one_epoch-153: epoch: 5, loss-ave: 0.408494192092851, mAcc: 0.9276201263854378
[2022-10-06T13:18:29.904380+0800]-[INFO] math_trainer.py-train-107: [evaluate dev-data]
[2022-10-06T13:18:45.854857+0800]-[INFO] math_trainer.py-evaluate-221: epoch: 5 answer-mAcc: 0.7
[2022-10-06T13:18:45.855103+0800]-[INFO] math_trainer.py-train-109: [evaluate test-data]
[2022-10-06T13:21:10.715247+0800]-[INFO] math_trainer.py-evaluate-221: epoch: 5 answer-mAcc: 0.271
[2022-10-06T13:21:50.928107+0800]-[INFO] math_trainer.py-train_one_epoch-153: epoch: 6, loss-ave: 0.40288597631948314, mAcc: 0.9356844756164049
[2022-10-06T13:22:32.340003+0800]-[INFO] math_trainer.py-train_one_epoch-153: epoch: 7, loss-ave: 0.2656755433451556, mAcc: 0.9533622242902454
[2022-10-06T13:23:12.649941+0800]-[INFO] math_trainer.py-train_one_epoch-153: epoch: 8, loss-ave: 0.33029244002996405, mAcc: 0.9550245782262401
[2022-10-06T13:23:52.930100+0800]-[INFO] math_trainer.py-train_one_epoch-153: epoch: 9, loss-ave: 0.39603362701784234, mAcc: 0.9510959843271657
[2022-10-06T13:24:33.151229+0800]-[INFO] math_trainer.py-train_one_epoch-153: epoch: 10, loss-ave: 0.32246406021800605, mAcc: 0.959366777382399
[2022-10-06T13:24:33.152046+0800]-[INFO] math_trainer.py-train-107: [evaluate dev-data]
[2022-10-06T13:24:50.479079+0800]-[INFO] math_trainer.py-evaluate-221: epoch: 10 answer-mAcc: 0.83
[2022-10-06T13:24:50.479216+0800]-[INFO] math_trainer.py-train-109: [evaluate test-data]
[2022-10-06T13:27:57.030256+0800]-[INFO] math_trainer.py-evaluate-221: epoch: 10 answer-mAcc: 0.288
[2022-10-06T13:28:37.296869+0800]-[INFO] math_trainer.py-train_one_epoch-153: epoch: 11, loss-ave: 0.42417671675533425, mAcc: 0.9556061495291559
[2022-10-06T13:29:17.548742+0800]-[INFO] math_trainer.py-train_one_epoch-153: epoch: 12, loss-ave: 0.3178527554404067, mAcc: 0.9612501288715162
[2022-10-06T13:29:57.667447+0800]-[INFO] math_trainer.py-train_one_epoch-153: epoch: 13, loss-ave: 0.2909747085433585, mAcc: 0.9680705233624107
[2022-10-06T13:30:37.898469+0800]-[INFO] math_trainer.py-train_one_epoch-153: epoch: 14, loss-ave: 0.2546338933425623, mAcc: 0.969682369420403
[2022-10-06T13:31:18.196175+0800]-[INFO] math_trainer.py-train_one_epoch-153: epoch: 15, loss-ave: 0.3072525759227574, mAcc: 0.9688929371143642
[2022-10-06T13:31:18.196988+0800]-[INFO] math_trainer.py-train-107: [evaluate dev-data]
[2022-10-06T13:31:29.764128+0800]-[INFO] math_trainer.py-evaluate-221: epoch: 15 answer-mAcc: 0.77
[2022-10-06T13:31:29.764269+0800]-[INFO] math_trainer.py-train-109: [evaluate test-data]
[2022-10-06T13:32:40.295503+0800]-[INFO] math_trainer.py-evaluate-221: epoch: 15 answer-mAcc: 0.322
[2022-10-06T13:33:09.683661+0800]-[INFO] math_trainer.py-train_one_epoch-153: epoch: 16, loss-ave: 0.16151499866104324, mAcc: 0.9799137873084922
[2022-10-06T13:33:38.935395+0800]-[INFO] math_trainer.py-train_one_epoch-153: epoch: 17, loss-ave: 0.07146466041677789, mAcc: 0.9862014044272273
[2022-10-06T13:34:08.227322+0800]-[INFO] math_trainer.py-train_one_epoch-153: epoch: 18, loss-ave: 0.043651437479167346, mAcc: 0.9895958506747295
[2022-10-06T13:34:37.507388+0800]-[INFO] math_trainer.py-train_one_epoch-153: epoch: 19, loss-ave: 0.05155897517506853, mAcc: 0.9896578655431145
[2022-10-06T13:35:06.767064+0800]-[INFO] math_trainer.py-train_one_epoch-153: epoch: 20, loss-ave: 0.08738659827498563, mAcc: 0.9872375108693775
[2022-10-06T13:35:06.767758+0800]-[INFO] math_trainer.py-train-107: [evaluate dev-data]
[2022-10-06T13:35:18.938488+0800]-[INFO] math_trainer.py-evaluate-221: epoch: 20 answer-mAcc: 0.84
[2022-10-06T13:35:18.938726+0800]-[INFO] math_trainer.py-train-109: [evaluate test-data]
[2022-10-06T13:37:24.275287+0800]-[INFO] math_trainer.py-evaluate-221: epoch: 20 answer-mAcc: 0.352
[2022-10-06T13:38:04.384304+0800]-[INFO] math_trainer.py-train_one_epoch-153: epoch: 21, loss-ave: 0.1020836646704897, mAcc: 0.9869912583577005
[2022-10-06T13:38:44.271561+0800]-[INFO] math_trainer.py-train_one_epoch-153: epoch: 22, loss-ave: 0.13049428240460417, mAcc: 0.9853695329866912
[2022-10-06T13:39:23.868396+0800]-[INFO] math_trainer.py-train_one_epoch-153: epoch: 23, loss-ave: 0.07965614079092663, mAcc: 0.9879008470397247
[2022-10-06T13:40:04.082961+0800]-[INFO] math_trainer.py-train_one_epoch-153: epoch: 24, loss-ave: 0.12159907527643316, mAcc: 0.9846596266094007
[2022-10-06T13:40:44.310655+0800]-[INFO] math_trainer.py-train_one_epoch-153: epoch: 25, loss-ave: 0.11418160815500845, mAcc: 0.9866845027396554
[2022-10-06T13:40:44.311337+0800]-[INFO] math_trainer.py-train-107: [evaluate dev-data]
[2022-10-06T13:41:04.181074+0800]-[INFO] math_trainer.py-evaluate-221: epoch: 25 answer-mAcc: 0.83
[2022-10-06T13:41:04.181289+0800]-[INFO] math_trainer.py-train-109: [evaluate test-data]
[2022-10-06T13:44:04.670715+0800]-[INFO] math_trainer.py-evaluate-221: epoch: 25 answer-mAcc: 0.338
[2022-10-06T13:44:45.064624+0800]-[INFO] math_trainer.py-train_one_epoch-153: epoch: 26, loss-ave: 0.04508580090526918, mAcc: 0.9920555792356792
[2022-10-06T13:45:25.045243+0800]-[INFO] math_trainer.py-train_one_epoch-153: epoch: 27, loss-ave: 0.03200255386560744, mAcc: 0.9938264617794439
[2022-10-06T13:46:06.137995+0800]-[INFO] math_trainer.py-train_one_epoch-153: epoch: 28, loss-ave: 0.03818270852569688, mAcc: 0.993298467366319
[2022-10-06T13:46:46.083146+0800]-[INFO] math_trainer.py-train_one_epoch-153: epoch: 29, loss-ave: 0.026872098947949567, mAcc: 0.995055459204473
[2022-10-06T13:47:26.028633+0800]-[INFO] math_trainer.py-train_one_epoch-153: epoch: 30, loss-ave: 0.02442122597062974, mAcc: 0.9952425995939657
[2022-10-06T13:47:26.029154+0800]-[INFO] math_trainer.py-train-107: [evaluate dev-data]
[2022-10-06T13:47:46.244037+0800]-[INFO] math_trainer.py-evaluate-221: epoch: 30 answer-mAcc: 0.83
[2022-10-06T13:47:46.244168+0800]-[INFO] math_trainer.py-train-109: [evaluate test-data]
[2022-10-06T13:50:41.931436+0800]-[INFO] math_trainer.py-evaluate-221: epoch: 30 answer-mAcc: 0.36
[2022-10-06T13:51:22.173530+0800]-[INFO] math_trainer.py-train_one_epoch-153: epoch: 31, loss-ave: 0.023586366912913503, mAcc: 0.9953376348081387
[2022-10-06T13:52:01.620659+0800]-[INFO] math_trainer.py-train_one_epoch-153: epoch: 32, loss-ave: 0.023230093489320324, mAcc: 0.9953039410867189
[2022-10-06T13:52:40.932128+0800]-[INFO] math_trainer.py-train_one_epoch-153: epoch: 33, loss-ave: 0.042393219713288896, mAcc: 0.9933407369412874
[2022-10-06T13:53:20.505807+0800]-[INFO] math_trainer.py-train_one_epoch-153: epoch: 34, loss-ave: 0.03147074667789007, mAcc: 0.9945679060722652
[2022-10-06T13:54:00.497994+0800]-[INFO] math_trainer.py-train_one_epoch-153: epoch: 35, loss-ave: 0.022174357124262505, mAcc: 0.994918166649969
[2022-10-06T13:54:00.498389+0800]-[INFO] math_trainer.py-train-107: [evaluate dev-data]
[2022-10-06T13:54:22.641340+0800]-[INFO] math_trainer.py-evaluate-221: epoch: 35 answer-mAcc: 0.85
[2022-10-06T13:54:22.641567+0800]-[INFO] math_trainer.py-train-109: [evaluate test-data]
[2022-10-06T13:58:09.306486+0800]-[INFO] math_trainer.py-evaluate-221: epoch: 35 answer-mAcc: 0.344
[2022-10-06T13:58:48.906332+0800]-[INFO] math_trainer.py-train_one_epoch-153: epoch: 36, loss-ave: 0.017456157444695763, mAcc: 0.996363114840106
[2022-10-06T13:59:28.709432+0800]-[INFO] math_trainer.py-train_one_epoch-153: epoch: 37, loss-ave: 0.014142970143911714, mAcc: 0.9967711214956484
[2022-10-06T14:00:08.679197+0800]-[INFO] math_trainer.py-train_one_epoch-153: epoch: 38, loss-ave: 0.015695090161972004, mAcc: 0.9967676473291297
[2022-10-06T14:00:37.946857+0800]-[INFO] math_trainer.py-train_one_epoch-153: epoch: 39, loss-ave: 0.01643568189250408, mAcc: 0.9967067593022396
[2022-10-06T14:01:09.117829+0800]-[INFO] math_trainer.py-train_one_epoch-153: epoch: 40, loss-ave: 0.015230657357124911, mAcc: 0.9958161760317652
[2022-10-06T14:01:09.118738+0800]-[INFO] math_trainer.py-train-107: [evaluate dev-data]
[2022-10-06T14:01:23.995547+0800]-[INFO] math_trainer.py-evaluate-221: epoch: 40 answer-mAcc: 0.87
[2022-10-06T14:01:23.995676+0800]-[INFO] math_trainer.py-train-109: [evaluate test-data]
[2022-10-06T14:03:47.053125+0800]-[INFO] math_trainer.py-evaluate-221: epoch: 40 answer-mAcc: 0.321
[2022-10-06T14:04:16.703016+0800]-[INFO] math_trainer.py-train_one_epoch-153: epoch: 41, loss-ave: 0.01828109821445848, mAcc: 0.9964968331550297
[2022-10-06T14:04:49.149585+0800]-[INFO] math_trainer.py-train_one_epoch-153: epoch: 42, loss-ave: 0.012624633359425649, mAcc: 0.9969474277998271
[2022-10-06T14:05:24.303609+0800]-[INFO] math_trainer.py-train_one_epoch-153: epoch: 43, loss-ave: 0.013491597284083182, mAcc: 0.9971866626488535
[2022-10-06T14:05:59.950413+0800]-[INFO] math_trainer.py-train_one_epoch-153: epoch: 44, loss-ave: 0.011213766042739113, mAcc: 0.9970125970087553
[2022-10-06T14:06:40.187474+0800]-[INFO] math_trainer.py-train_one_epoch-153: epoch: 45, loss-ave: 0.015651789346344983, mAcc: 0.9966615636097758
[2022-10-06T14:06:40.187898+0800]-[INFO] math_trainer.py-train-107: [evaluate dev-data]
[2022-10-06T14:07:02.196972+0800]-[INFO] math_trainer.py-evaluate-221: epoch: 45 answer-mAcc: 0.85
[2022-10-06T14:07:02.197217+0800]-[INFO] math_trainer.py-train-109: [evaluate test-data]
[2022-10-06T14:10:20.922075+0800]-[INFO] math_trainer.py-evaluate-221: epoch: 45 answer-mAcc: 0.349
[2022-10-06T14:11:01.021573+0800]-[INFO] math_trainer.py-train_one_epoch-153: epoch: 46, loss-ave: 0.012625916677297698, mAcc: 0.9972270018176028
[2022-10-06T14:11:42.943874+0800]-[INFO] math_trainer.py-train_one_epoch-153: epoch: 47, loss-ave: 0.009410631099063649, mAcc: 0.9973386704921723
[2022-10-06T14:12:22.571739+0800]-[INFO] math_trainer.py-train_one_epoch-153: epoch: 48, loss-ave: 0.007853744780565716, mAcc: 0.9973868301040247
[2022-10-06T14:13:02.398185+0800]-[INFO] math_trainer.py-train_one_epoch-153: epoch: 49, loss-ave: 0.010453375261763978, mAcc: 0.997736132615491
[2022-10-06T14:13:42.048630+0800]-[INFO] math_trainer.py-train_one_epoch-153: epoch: 50, loss-ave: 0.009983413621695024, mAcc: 0.9974668871415289
[2022-10-06T14:13:42.049157+0800]-[INFO] math_trainer.py-train-107: [evaluate dev-data]
[2022-10-06T14:14:04.043695+0800]-[INFO] math_trainer.py-evaluate-221: epoch: 50 answer-mAcc: 0.86
[2022-10-06T14:14:04.043825+0800]-[INFO] math_trainer.py-train-109: [evaluate test-data]
[2022-10-06T14:17:26.232332+0800]-[INFO] math_trainer.py-evaluate-221: epoch: 50 answer-mAcc: 0.357
[2022-10-06T14:18:05.883559+0800]-[INFO] math_trainer.py-train_one_epoch-153: epoch: 51, loss-ave: 0.011661217376452421, mAcc: 0.9974496444589214
[2022-10-06T14:18:46.035753+0800]-[INFO] math_trainer.py-train_one_epoch-153: epoch: 52, loss-ave: 0.0075538051098074785, mAcc: 0.9974520008814962
[2022-10-06T14:19:25.451436+0800]-[INFO] math_trainer.py-train_one_epoch-153: epoch: 53, loss-ave: 0.010359470445075536, mAcc: 0.9973664173954412
[2022-10-06T14:20:05.008932+0800]-[INFO] math_trainer.py-train_one_epoch-153: epoch: 54, loss-ave: 0.010680278895788108, mAcc: 0.997668590357429
[2022-10-06T14:20:44.517681+0800]-[INFO] math_trainer.py-train_one_epoch-153: epoch: 55, loss-ave: 0.007280663669312715, mAcc: 0.9973141811395946
[2022-10-06T14:20:44.518086+0800]-[INFO] math_trainer.py-train-107: [evaluate dev-data]
[2022-10-06T14:21:03.680307+0800]-[INFO] math_trainer.py-evaluate-221: epoch: 55 answer-mAcc: 0.87
[2022-10-06T14:21:03.680519+0800]-[INFO] math_trainer.py-train-109: [evaluate test-data]
[2022-10-06T14:23:38.651306+0800]-[INFO] math_trainer.py-evaluate-221: epoch: 55 answer-mAcc: 0.36
[2022-10-06T14:24:18.084507+0800]-[INFO] math_trainer.py-train_one_epoch-153: epoch: 56, loss-ave: 0.006465289929713915, mAcc: 0.9981332375815041
[2022-10-06T14:24:57.795761+0800]-[INFO] math_trainer.py-train_one_epoch-153: epoch: 57, loss-ave: 0.007070543826770071, mAcc: 0.9980180103527873
[2022-10-06T14:25:37.449736+0800]-[INFO] math_trainer.py-train_one_epoch-153: epoch: 58, loss-ave: 0.005603854152740975, mAcc: 0.9980361413014562
[2022-10-06T14:26:17.187283+0800]-[INFO] math_trainer.py-train_one_epoch-153: epoch: 59, loss-ave: 0.006830571456199642, mAcc: 0.9979463127098586
[2022-10-06T14:26:57.295416+0800]-[INFO] math_trainer.py-train_one_epoch-153: epoch: 60, loss-ave: 0.004812568508506057, mAcc: 0.9984482696181849
[2022-10-06T14:26:57.295953+0800]-[INFO] math_trainer.py-train-107: [evaluate dev-data]
[2022-10-06T14:27:18.988066+0800]-[INFO] math_trainer.py-evaluate-221: epoch: 60 answer-mAcc: 0.86
[2022-10-06T14:27:18.988228+0800]-[INFO] math_trainer.py-train-109: [evaluate test-data]
[2022-10-06T14:29:52.210215+0800]-[INFO] math_trainer.py-evaluate-221: epoch: 60 answer-mAcc: 0.364
[2022-10-06T14:30:20.925681+0800]-[INFO] math_trainer.py-train_one_epoch-153: epoch: 61, loss-ave: 0.007252767341416993, mAcc: 0.9975346044490212
[2022-10-06T14:30:49.592272+0800]-[INFO] math_trainer.py-train_one_epoch-153: epoch: 62, loss-ave: 0.008672646435888179, mAcc: 0.9976378925536808
[2022-10-06T14:31:18.250019+0800]-[INFO] math_trainer.py-train_one_epoch-153: epoch: 63, loss-ave: 0.006247782686718666, mAcc: 0.9974037374320783
[2022-10-06T14:31:53.019731+0800]-[INFO] math_trainer.py-train_one_epoch-153: epoch: 64, loss-ave: 0.005915819459705421, mAcc: 0.9982230779371764
[2022-10-06T14:32:28.000809+0800]-[INFO] math_trainer.py-train_one_epoch-153: epoch: 65, loss-ave: 0.005014514126869087, mAcc: 0.9982697671965549
[2022-10-06T14:32:28.001536+0800]-[INFO] math_trainer.py-train-107: [evaluate dev-data]
[2022-10-06T14:32:41.705762+0800]-[INFO] math_trainer.py-evaluate-221: epoch: 65 answer-mAcc: 0.87
[2022-10-06T14:32:41.706033+0800]-[INFO] math_trainer.py-train-109: [evaluate test-data]
[2022-10-06T14:34:55.656820+0800]-[INFO] math_trainer.py-evaluate-221: epoch: 65 answer-mAcc: 0.378
[2022-10-06T14:35:34.188372+0800]-[INFO] math_trainer.py-train_one_epoch-153: epoch: 66, loss-ave: 0.005265587855811272, mAcc: 0.998261295337426
[2022-10-06T14:36:14.164506+0800]-[INFO] math_trainer.py-train_one_epoch-153: epoch: 67, loss-ave: 0.00452865394581628, mAcc: 0.9981698334217072
[2022-10-06T14:36:54.075630+0800]-[INFO] math_trainer.py-train_one_epoch-153: epoch: 68, loss-ave: 0.004808444213773247, mAcc: 0.9982179745247489
[2022-10-06T14:37:33.602598+0800]-[INFO] math_trainer.py-train_one_epoch-153: epoch: 69, loss-ave: 0.0040735400653357295, mAcc: 0.9986636928821865
[2022-10-06T14:38:13.602185+0800]-[INFO] math_trainer.py-train_one_epoch-153: epoch: 70, loss-ave: 0.004591009437624215, mAcc: 0.998388408202874
[2022-10-06T14:38:13.602664+0800]-[INFO] math_trainer.py-train-107: [evaluate dev-data]
[2022-10-06T14:38:35.115771+0800]-[INFO] math_trainer.py-evaluate-221: epoch: 70 answer-mAcc: 0.86
[2022-10-06T14:38:35.115991+0800]-[INFO] math_trainer.py-train-109: [evaluate test-data]
[2022-10-06T14:41:45.768418+0800]-[INFO] math_trainer.py-evaluate-221: epoch: 70 answer-mAcc: 0.368
[2022-10-06T14:42:25.464798+0800]-[INFO] math_trainer.py-train_one_epoch-153: epoch: 71, loss-ave: 0.005892480461173138, mAcc: 0.9980142047530727
[2022-10-06T14:43:05.349126+0800]-[INFO] math_trainer.py-train_one_epoch-153: epoch: 72, loss-ave: 0.0049031070128788615, mAcc: 0.9983617186546325
[2022-10-06T14:43:45.459361+0800]-[INFO] math_trainer.py-train_one_epoch-153: epoch: 73, loss-ave: 0.004990886350414814, mAcc: 0.998178190620322
[2022-10-06T14:44:25.249079+0800]-[INFO] math_trainer.py-train_one_epoch-153: epoch: 74, loss-ave: 0.00363560513821833, mAcc: 0.9983438159290113
[2022-10-06T14:45:05.089391+0800]-[INFO] math_trainer.py-train_one_epoch-153: epoch: 75, loss-ave: 0.004458389114548828, mAcc: 0.998583167477658
[2022-10-06T14:45:05.089815+0800]-[INFO] math_trainer.py-train-107: [evaluate dev-data]
[2022-10-06T14:45:26.974334+0800]-[INFO] math_trainer.py-evaluate-221: epoch: 75 answer-mAcc: 0.87
[2022-10-06T14:45:26.974475+0800]-[INFO] math_trainer.py-train-109: [evaluate test-data]
[2022-10-06T14:48:32.077910+0800]-[INFO] math_trainer.py-evaluate-221: epoch: 75 answer-mAcc: 0.366
[2022-10-06T14:49:11.921614+0800]-[INFO] math_trainer.py-train_one_epoch-153: epoch: 76, loss-ave: 0.0036429380480356823, mAcc: 0.998404534239518
[2022-10-06T14:49:11.922137+0800]-[INFO] math_trainer.py-train-107: [evaluate dev-data]
[2022-10-06T14:49:33.260688+0800]-[INFO] math_trainer.py-evaluate-221: epoch: 76 answer-mAcc: 0.87
[2022-10-06T14:49:33.260823+0800]-[INFO] math_trainer.py-train-109: [evaluate test-data]
[2022-10-06T14:52:27.812472+0800]-[INFO] math_trainer.py-evaluate-221: epoch: 76 answer-mAcc: 0.366
[2022-10-06T14:53:07.269278+0800]-[INFO] math_trainer.py-train_one_epoch-153: epoch: 77, loss-ave: 0.004542824912922272, mAcc: 0.9983698956276241
[2022-10-06T14:53:07.269795+0800]-[INFO] math_trainer.py-train-107: [evaluate dev-data]
[2022-10-06T14:53:28.790263+0800]-[INFO] math_trainer.py-evaluate-221: epoch: 77 answer-mAcc: 0.87
[2022-10-06T14:53:28.790397+0800]-[INFO] math_trainer.py-train-109: [evaluate test-data]
[2022-10-06T14:56:25.120937+0800]-[INFO] math_trainer.py-evaluate-221: epoch: 77 answer-mAcc: 0.371
[2022-10-06T14:56:53.943589+0800]-[INFO] math_trainer.py-train_one_epoch-153: epoch: 78, loss-ave: 0.0037010442793676776, mAcc: 0.9983105491650732
[2022-10-06T14:56:53.944056+0800]-[INFO] math_trainer.py-train-107: [evaluate dev-data]
[2022-10-06T14:57:07.995716+0800]-[INFO] math_trainer.py-evaluate-221: epoch: 78 answer-mAcc: 0.86
[2022-10-06T14:57:07.995890+0800]-[INFO] math_trainer.py-train-109: [evaluate test-data]
[2022-10-06T14:59:10.838532+0800]-[INFO] math_trainer.py-evaluate-221: epoch: 78 answer-mAcc: 0.372
[2022-10-06T14:59:43.806121+0800]-[INFO] math_trainer.py-train_one_epoch-153: epoch: 79, loss-ave: 0.0033416212680445635, mAcc: 0.9988348311499545
[2022-10-06T14:59:43.806637+0800]-[INFO] math_trainer.py-train-107: [evaluate dev-data]
[2022-10-06T14:59:57.797565+0800]-[INFO] math_trainer.py-evaluate-221: epoch: 79 answer-mAcc: 0.87
[2022-10-06T14:59:57.797811+0800]-[INFO] math_trainer.py-train-109: [evaluate test-data]
[2022-10-06T15:02:07.630774+0800]-[INFO] math_trainer.py-evaluate-221: epoch: 79 answer-mAcc: 0.374
[2022-10-06T15:02:08.269832+0800]-[INFO] train_svamp.py-train_solver-67: [finish train solver]
[2022-10-06T15:02:08.270020+0800]-[INFO] train_svamp.py-train_solver-68: best test acc: 0.374
